[ 2016-06-18T11:34:08+08:00 ] ::1 /
INFO: [ app_init ] --START--
INFO: Run Behavior\BuildLiteBehavior [ RunTime:0.000009s ]
INFO: [ app_init ] --END-- [ RunTime:0.000263s ]
INFO: [ app_begin ] --START--
INFO: Run Behavior\ReadHtmlCacheBehavior [ RunTime:0.000260s ]
INFO: [ app_begin ] --END-- [ RunTime:0.000331s ]
NOTIC: [2048] Declaration of Home\Controller\CommonController::save() should be compatible with Common\Controller\BaseController::save($modelName = NULL) /Users/minghuang/www/exe/App/Home/Controller/CommonController.class.php 第 7 行.
SQL: SHOW COLUMNS FROM `e_options` [ RunTime:0.0017s ]
SQL: SELECT `option_value` FROM `e_options` WHERE `option_name` = 'web_status' LIMIT 1   [ RunTime:0.0004s ]

[ 2016-06-18T11:34:08+08:00 ] ::1 /index.php/public/login.html
INFO: [ app_init ] --START--
INFO: Run Behavior\BuildLiteBehavior [ RunTime:0.000009s ]
INFO: [ app_init ] --END-- [ RunTime:0.000189s ]
INFO: [ app_begin ] --START--
INFO: Run Behavior\ReadHtmlCacheBehavior [ RunTime:0.000241s ]
INFO: [ app_begin ] --END-- [ RunTime:0.000270s ]
SQL: SHOW COLUMNS FROM `e_options` [ RunTime:0.0004s ]
SQL: SELECT `option_value` FROM `e_options` WHERE `option_name` = 'web_status' LIMIT 1   [ RunTime:0.0002s ]
INFO: [ view_parse ] --START--
INFO: [ template_filter ] --START--
INFO: Run Behavior\ContentReplaceBehavior [ RunTime:0.000057s ]
INFO: [ template_filter ] --END-- [ RunTime:0.000099s ]
INFO: Run Behavior\ParseTemplateBehavior [ RunTime:0.006748s ]
INFO: [ view_parse ] --END-- [ RunTime:0.006783s ]
INFO: [ view_filter ] --START--
INFO: Run Behavior\WriteHtmlCacheBehavior [ RunTime:0.000119s ]
INFO: [ view_filter ] --END-- [ RunTime:0.000141s ]
INFO: [ app_end ] --START--
INFO: Run Behavior\ShowPageTraceBehavior [ RunTime:0.000373s ]
INFO: [ app_end ] --END-- [ RunTime:0.000408s ]

[ 2016-06-18T11:34:11+08:00 ] ::1 /index.php/public/login.html
INFO: [ app_init ] --START--
INFO: Run Behavior\BuildLiteBehavior [ RunTime:0.000014s ]
INFO: [ app_init ] --END-- [ RunTime:0.000276s ]
INFO: [ app_begin ] --START--
INFO: Run Behavior\ReadHtmlCacheBehavior [ RunTime:0.000258s ]
INFO: [ app_begin ] --END-- [ RunTime:0.000291s ]
SQL: SHOW COLUMNS FROM `e_options` [ RunTime:0.0005s ]
SQL: SELECT `option_value` FROM `e_options` WHERE `option_name` = 'web_status' LIMIT 1   [ RunTime:0.0003s ]
SQL: SHOW COLUMNS FROM `e_user` [ RunTime:0.0019s ]
SQL: SELECT * FROM `e_user` WHERE `username` = 'admin' AND `password` = '21232f297a57a5a743894a0e4a801fc3' LIMIT 1   [ RunTime:0.0006s ]

[ 2016-06-18T11:34:15+08:00 ] ::1 /index.php/public/login.html
INFO: [ app_init ] --START--
INFO: Run Behavior\BuildLiteBehavior [ RunTime:0.000014s ]
INFO: [ app_init ] --END-- [ RunTime:0.000319s ]
INFO: [ app_begin ] --START--
INFO: Run Behavior\ReadHtmlCacheBehavior [ RunTime:0.000293s ]
INFO: [ app_begin ] --END-- [ RunTime:0.000328s ]
SQL: SHOW COLUMNS FROM `e_options` [ RunTime:0.0006s ]
SQL: SELECT `option_value` FROM `e_options` WHERE `option_name` = 'web_status' LIMIT 1   [ RunTime:0.0002s ]
SQL: SHOW COLUMNS FROM `e_user` [ RunTime:0.0008s ]
SQL: SELECT * FROM `e_user` WHERE `username` = 'demo' AND `password` = 'fe01ce2a7fbac8fafaed7c982a04e229' LIMIT 1   [ RunTime:0.0003s ]
NOTIC: [8] Undefined variable: lastlogin /Users/minghuang/www/exe/App/Home/Model/UserModel.class.php 第 48 行.
SQL: SHOW COLUMNS FROM `e_counts` [ RunTime:0.0025s ]
SQL: SELECT * FROM `e_counts` WHERE `id` = 1466179201 LIMIT 1   [ RunTime:0.0003s ]
NOTIC: [8] Undefined index: login_number /Users/minghuang/www/exe/App/Home/Model/CountsModel.class.php 第 15 行.
SQL: INSERT INTO `e_counts` (`id`,`login_number`) VALUES ('1466179201','1') [ RunTime:0.0022s ]
SQL: UPDATE `e_user` SET `level`='500030',`username`='demo',`password`='fe01ce2a7fbac8fafaed7c982a04e229',`name`='测试名字',`id_number`='',`phone`='',`other_phone`='',`email`='',`days`='0',`birth`=NULL,`address`='',`rank`='10001',`addtime`='1464059181',`lastlogin`='1466220855',`lastip`='0.0.0.0',`lastarea`='IANA',`status`='1' WHERE `id` = 8 [ RunTime:0.0008s ]
NOTIC: [2] array_merge(): Argument #1 is not an array /Users/minghuang/www/exe/App/Home/Model/UserModel.class.php 第 95 行.

[ 2016-06-18T11:34:18+08:00 ] ::1 /index.php/Index/index.html
INFO: [ app_init ] --START--
INFO: Run Behavior\BuildLiteBehavior [ RunTime:0.000007s ]
INFO: [ app_init ] --END-- [ RunTime:0.000169s ]
INFO: [ app_begin ] --START--
INFO: Run Behavior\ReadHtmlCacheBehavior [ RunTime:0.000218s ]
INFO: [ app_begin ] --END-- [ RunTime:0.000245s ]
NOTIC: [2048] Declaration of Home\Controller\CommonController::save() should be compatible with Common\Controller\BaseController::save($modelName = NULL) /Users/minghuang/www/exe/App/Home/Controller/CommonController.class.php 第 7 行.
SQL: SHOW COLUMNS FROM `e_options` [ RunTime:0.0004s ]
SQL: SELECT `option_value` FROM `e_options` WHERE `option_name` = 'web_status' LIMIT 1   [ RunTime:0.0003s ]
SQL: SHOW COLUMNS FROM `e_group` [ RunTime:0.0024s ]
SQL: SELECT * FROM `e_group` WHERE ( integral<=500030 ) ORDER BY integral desc LIMIT 1   [ RunTime:0.0005s ]
SQL: SHOW COLUMNS FROM `e_group` [ RunTime:0.0004s ]
SQL: SELECT * FROM `e_group` WHERE ( integral > 28000 ) LIMIT 1   [ RunTime:0.0002s ]
SQL: SHOW COLUMNS FROM `e_message` [ RunTime:0.0014s ]
SQL: SHOW COLUMNS FROM `e_read` [ RunTime:0.0013s ]
SQL: SELECT `mid` FROM `e_read` WHERE `uid` = 8  [ RunTime:0.0007s ]
SQL: SELECT COUNT(*) AS tp_count FROM `e_message` WHERE `uid` = 0 AND ( `touid` = 0 OR `touid` = '8' ) AND `id` NOT IN ('6','11','9','15','16','17') LIMIT 1   [ RunTime:0.0024s ]
SQL: SELECT `mid` FROM `e_read` WHERE `uid` = 8  [ RunTime:0.0002s ]
SQL: SELECT * FROM `e_message` WHERE `uid` = 0 AND ( `touid` = 0 OR `touid` = '8' ) AND `id` NOT IN ('6','11','9','15','16','17')  [ RunTime:0.0003s ]
SQL: SHOW COLUMNS FROM `e_days` [ RunTime:0.0012s ]
SQL: SELECT COUNT(*) AS tp_count FROM `e_days` WHERE `addtime` = 1466179201 AND `uid` = 8 LIMIT 1   [ RunTime:0.0004s ]
SQL: SHOW COLUMNS FROM `e_activity` [ RunTime:0.0012s ]
SQL: SELECT * FROM `e_group` WHERE ( integral<=500030 ) ORDER BY integral desc LIMIT 1   [ RunTime:0.0002s ]
SQL: SELECT * FROM `e_activity` WHERE `starttime` < 1466220858 AND `endtime` > 1466220858 AND `status` = 1 AND `integral` < '28000'  [ RunTime:0.0005s ]
INFO: [ view_parse ] --START--
INFO: [ template_filter ] --START--
INFO: Run Behavior\ContentReplaceBehavior [ RunTime:0.000085s ]
INFO: [ template_filter ] --END-- [ RunTime:0.000115s ]
NOTIC: [2] Division by zero /Users/minghuang/www/exe/App/Runtime/Cache/Home/00e52909bed743ea261af4b6823297ff.php 第 106 行.
SQL: SELECT COUNT(*) AS tp_count FROM `e_days` WHERE `uid` = 8 LIMIT 1   [ RunTime:0.0002s ]
INFO: Run Behavior\ParseTemplateBehavior [ RunTime:0.011320s ]
INFO: [ view_parse ] --END-- [ RunTime:0.011352s ]
INFO: [ view_filter ] --START--
INFO: Run Behavior\WriteHtmlCacheBehavior [ RunTime:0.000154s ]
INFO: [ view_filter ] --END-- [ RunTime:0.000181s ]
INFO: [ app_end ] --START--
INFO: Run Behavior\ShowPageTraceBehavior [ RunTime:0.000357s ]
INFO: [ app_end ] --END-- [ RunTime:0.000399s ]

[ 2016-06-18T11:34:24+08:00 ] ::1 /index.php/Link/index.html
INFO: [ app_init ] --START--
INFO: Run Behavior\BuildLiteBehavior [ RunTime:0.000008s ]
INFO: [ app_init ] --END-- [ RunTime:0.000174s ]
INFO: [ app_begin ] --START--
INFO: Run Behavior\ReadHtmlCacheBehavior [ RunTime:0.000224s ]
INFO: [ app_begin ] --END-- [ RunTime:0.000250s ]
NOTIC: [2048] Declaration of Home\Controller\CommonController::save() should be compatible with Common\Controller\BaseController::save($modelName = NULL) /Users/minghuang/www/exe/App/Home/Controller/CommonController.class.php 第 7 行.
SQL: SHOW COLUMNS FROM `e_options` [ RunTime:0.0003s ]
SQL: SELECT `option_value` FROM `e_options` WHERE `option_name` = 'web_status' LIMIT 1   [ RunTime:0.0002s ]
SQL: SHOW COLUMNS FROM `e_group` [ RunTime:0.0004s ]
SQL: SELECT * FROM `e_group` WHERE ( integral<=500030 ) ORDER BY integral desc LIMIT 1   [ RunTime:0.0002s ]
SQL: SHOW COLUMNS FROM `e_group` [ RunTime:0.0003s ]
SQL: SELECT * FROM `e_group` WHERE ( integral > 28000 ) LIMIT 1   [ RunTime:0.0002s ]
SQL: SHOW COLUMNS FROM `e_message` [ RunTime:0.0004s ]
SQL: SHOW COLUMNS FROM `e_read` [ RunTime:0.0004s ]
SQL: SELECT `mid` FROM `e_read` WHERE `uid` = 8  [ RunTime:0.0002s ]
SQL: SELECT COUNT(*) AS tp_count FROM `e_message` WHERE `uid` = 0 AND ( `touid` = 0 OR `touid` = '8' ) AND `id` NOT IN ('6','11','9','15','16','17') LIMIT 1   [ RunTime:0.0003s ]
SQL: SHOW COLUMNS FROM `e_counts` [ RunTime:0.0004s ]
SQL: SELECT * FROM `e_counts` WHERE `id` = 1466179201 LIMIT 1   [ RunTime:0.0002s ]
SQL: UPDATE `e_counts` SET `download`='0',`open_web`='0',`login_number`='1',`register_number`='0',`link_number`='1' WHERE `id` = 1466179201 [ RunTime:0.0028s ]
INFO: [ view_parse ] --START--
INFO: [ template_filter ] --START--
INFO: Run Behavior\ContentReplaceBehavior [ RunTime:0.000069s ]
INFO: [ template_filter ] --END-- [ RunTime:0.000101s ]
NOTIC: [2] Division by zero /Users/minghuang/www/exe/App/Runtime/Cache/Home/a77dcf164902420db300d493f661a5e4.php 第 106 行.
INFO: Run Behavior\ParseTemplateBehavior [ RunTime:0.008299s ]
INFO: [ view_parse ] --END-- [ RunTime:0.008326s ]
INFO: [ view_filter ] --START--
INFO: Run Behavior\WriteHtmlCacheBehavior [ RunTime:0.000098s ]
INFO: [ view_filter ] --END-- [ RunTime:0.000118s ]
INFO: [ app_end ] --START--
INFO: Run Behavior\ShowPageTraceBehavior [ RunTime:0.000323s ]
INFO: [ app_end ] --END-- [ RunTime:0.000358s ]

[ 2016-06-18T11:34:55+08:00 ] ::1 /
INFO: [ app_init ] --START--
INFO: Run Behavior\BuildLiteBehavior [ RunTime:0.000012s ]
INFO: [ app_init ] --END-- [ RunTime:0.000267s ]
INFO: [ app_begin ] --START--
INFO: Run Behavior\ReadHtmlCacheBehavior [ RunTime:0.000247s ]
INFO: [ app_begin ] --END-- [ RunTime:0.000284s ]
NOTIC: [2048] Declaration of Home\Controller\CommonController::save() should be compatible with Common\Controller\BaseController::save($modelName = NULL) /Users/minghuang/www/exe/App/Home/Controller/CommonController.class.php 第 7 行.
SQL: SHOW COLUMNS FROM `e_options` [ RunTime:0.0004s ]
SQL: SELECT `option_value` FROM `e_options` WHERE `option_name` = 'web_status' LIMIT 1   [ RunTime:0.0002s ]
SQL: SHOW COLUMNS FROM `e_group` [ RunTime:0.0005s ]
SQL: SELECT * FROM `e_group` WHERE ( integral<=500030 ) ORDER BY integral desc LIMIT 1   [ RunTime:0.0002s ]
SQL: SHOW COLUMNS FROM `e_group` [ RunTime:0.0003s ]
SQL: SELECT * FROM `e_group` WHERE ( integral > 28000 ) LIMIT 1   [ RunTime:0.0002s ]
SQL: SHOW COLUMNS FROM `e_message` [ RunTime:0.0010s ]
SQL: SHOW COLUMNS FROM `e_read` [ RunTime:0.0011s ]
SQL: SELECT `mid` FROM `e_read` WHERE `uid` = 8  [ RunTime:0.0002s ]
SQL: SELECT COUNT(*) AS tp_count FROM `e_message` WHERE `uid` = 0 AND ( `touid` = 0 OR `touid` = '8' ) AND `id` NOT IN ('6','11','9','15','16','17') LIMIT 1   [ RunTime:0.0003s ]
SQL: SELECT `mid` FROM `e_read` WHERE `uid` = 8  [ RunTime:0.0002s ]
SQL: SELECT * FROM `e_message` WHERE `uid` = 0 AND ( `touid` = 0 OR `touid` = '8' ) AND `id` NOT IN ('6','11','9','15','16','17')  [ RunTime:0.0002s ]
SQL: SHOW COLUMNS FROM `e_days` [ RunTime:0.0004s ]
SQL: SELECT COUNT(*) AS tp_count FROM `e_days` WHERE `addtime` = 1466179201 AND `uid` = 8 LIMIT 1   [ RunTime:0.0002s ]
SQL: SHOW COLUMNS FROM `e_activity` [ RunTime:0.0005s ]
SQL: SELECT * FROM `e_group` WHERE ( integral<=500030 ) ORDER BY integral desc LIMIT 1   [ RunTime:0.0003s ]
SQL: SELECT * FROM `e_activity` WHERE `starttime` < 1466220895 AND `endtime` > 1466220895 AND `status` = 1 AND `integral` < '28000'  [ RunTime:0.0003s ]
INFO: [ view_parse ] --START--
INFO: [ template_filter ] --START--
INFO: Run Behavior\ContentReplaceBehavior [ RunTime:0.000148s ]
INFO: [ template_filter ] --END-- [ RunTime:0.000281s ]
NOTIC: [2] Division by zero /Users/minghuang/www/exe/App/Runtime/Cache/Home/00e52909bed743ea261af4b6823297ff.php 第 106 行.
SQL: SELECT COUNT(*) AS tp_count FROM `e_days` WHERE `uid` = 8 LIMIT 1   [ RunTime:0.0003s ]
INFO: Run Behavior\ParseTemplateBehavior [ RunTime:0.014280s ]
INFO: [ view_parse ] --END-- [ RunTime:0.014311s ]
INFO: [ view_filter ] --START--
INFO: Run Behavior\WriteHtmlCacheBehavior [ RunTime:0.000143s ]
INFO: [ view_filter ] --END-- [ RunTime:0.000168s ]
INFO: [ app_end ] --START--
INFO: Run Behavior\ShowPageTraceBehavior [ RunTime:0.000335s ]
INFO: [ app_end ] --END-- [ RunTime:0.000392s ]

