[ 2016-05-18T20:34:46+08:00 ] ::1 /
INFO: [ app_init ] --START--
INFO: Run Behavior\BuildLiteBehavior [ RunTime:0.000008s ]
INFO: [ app_init ] --END-- [ RunTime:0.000184s ]
INFO: [ app_begin ] --START--
INFO: Run Behavior\ReadHtmlCacheBehavior [ RunTime:0.000270s ]
INFO: [ app_begin ] --END-- [ RunTime:0.000304s ]
SQL: SHOW COLUMNS FROM `e_group` [ RunTime:0.0004s ]
SQL: SELECT * FROM `e_group` WHERE ( integral<=200 ) ORDER BY integral desc LIMIT 1   [ RunTime:0.0002s ]
SQL: SHOW COLUMNS FROM `e_group` [ RunTime:0.0004s ]
SQL: SELECT * FROM `e_group` WHERE ( integral > 0 ) LIMIT 1   [ RunTime:0.0002s ]
INFO: [ view_parse ] --START--
INFO: [ template_filter ] --START--
INFO: Run Behavior\ContentReplaceBehavior [ RunTime:0.000150s ]
INFO: [ template_filter ] --END-- [ RunTime:0.000188s ]
INFO: Run Behavior\ParseTemplateBehavior [ RunTime:0.019985s ]
INFO: [ view_parse ] --END-- [ RunTime:0.020017s ]
INFO: [ view_filter ] --START--
INFO: Run Behavior\WriteHtmlCacheBehavior [ RunTime:0.000108s ]
INFO: [ view_filter ] --END-- [ RunTime:0.000130s ]
INFO: [ app_end ] --START--
INFO: Run Behavior\ShowPageTraceBehavior [ RunTime:0.000326s ]
INFO: [ app_end ] --END-- [ RunTime:0.000356s ]

[ 2016-05-18T22:11:27+08:00 ] ::1 /index.php/User/index.html
INFO: [ app_init ] --START--
INFO: Run Behavior\BuildLiteBehavior [ RunTime:0.000007s ]
INFO: [ app_init ] --END-- [ RunTime:0.000171s ]
INFO: [ app_begin ] --START--
INFO: Run Behavior\ReadHtmlCacheBehavior [ RunTime:0.000464s ]
INFO: [ app_begin ] --END-- [ RunTime:0.000521s ]
ERR: 无法加载控制器:User

[ 2016-05-18T22:11:32+08:00 ] ::1 /index.php
INFO: [ app_init ] --START--
INFO: Run Behavior\BuildLiteBehavior [ RunTime:0.000007s ]
INFO: [ app_init ] --END-- [ RunTime:0.000171s ]
INFO: [ app_begin ] --START--
INFO: Run Behavior\ReadHtmlCacheBehavior [ RunTime:0.000218s ]
INFO: [ app_begin ] --END-- [ RunTime:0.000243s ]
SQL: SHOW COLUMNS FROM `e_group` [ RunTime:0.0004s ]
SQL: SELECT * FROM `e_group` WHERE ( integral<=200 ) ORDER BY integral desc LIMIT 1   [ RunTime:0.0002s ]
SQL: SHOW COLUMNS FROM `e_group` [ RunTime:0.0006s ]
SQL: SELECT * FROM `e_group` WHERE ( integral > 0 ) LIMIT 1   [ RunTime:0.0002s ]
INFO: [ view_parse ] --START--
INFO: [ template_filter ] --START--
INFO: Run Behavior\ContentReplaceBehavior [ RunTime:0.000149s ]
INFO: [ template_filter ] --END-- [ RunTime:0.000185s ]
INFO: Run Behavior\ParseTemplateBehavior [ RunTime:0.019964s ]
INFO: [ view_parse ] --END-- [ RunTime:0.019995s ]
INFO: [ view_filter ] --START--
INFO: Run Behavior\WriteHtmlCacheBehavior [ RunTime:0.000101s ]
INFO: [ view_filter ] --END-- [ RunTime:0.000121s ]
INFO: [ app_end ] --START--
INFO: Run Behavior\ShowPageTraceBehavior [ RunTime:0.000296s ]
INFO: [ app_end ] --END-- [ RunTime:0.000325s ]

[ 2016-05-18T22:11:34+08:00 ] ::1 /index.php/Public/logout.html
INFO: [ app_init ] --START--
INFO: Run Behavior\BuildLiteBehavior [ RunTime:0.000008s ]
INFO: [ app_init ] --END-- [ RunTime:0.000180s ]
INFO: [ app_begin ] --START--
INFO: Run Behavior\ReadHtmlCacheBehavior [ RunTime:0.000228s ]
INFO: [ app_begin ] --END-- [ RunTime:0.000255s ]

[ 2016-05-18T22:11:34+08:00 ] ::1 /index.php/Public/login.html
INFO: [ app_init ] --START--
INFO: Run Behavior\BuildLiteBehavior [ RunTime:0.000008s ]
INFO: [ app_init ] --END-- [ RunTime:0.000168s ]
INFO: [ app_begin ] --START--
INFO: Run Behavior\ReadHtmlCacheBehavior [ RunTime:0.000220s ]
INFO: [ app_begin ] --END-- [ RunTime:0.000247s ]
INFO: [ view_parse ] --START--
INFO: [ template_filter ] --START--
INFO: Run Behavior\ContentReplaceBehavior [ RunTime:0.000048s ]
INFO: [ template_filter ] --END-- [ RunTime:0.000082s ]
INFO: Run Behavior\ParseTemplateBehavior [ RunTime:0.004278s ]
INFO: [ view_parse ] --END-- [ RunTime:0.004304s ]
INFO: [ view_filter ] --START--
INFO: Run Behavior\WriteHtmlCacheBehavior [ RunTime:0.000093s ]
INFO: [ view_filter ] --END-- [ RunTime:0.000111s ]
INFO: [ app_end ] --START--
INFO: Run Behavior\ShowPageTraceBehavior [ RunTime:0.000292s ]
INFO: [ app_end ] --END-- [ RunTime:0.000316s ]

[ 2016-05-18T22:11:38+08:00 ] ::1 /index.php/Public/login.html
INFO: [ app_init ] --START--
INFO: Run Behavior\BuildLiteBehavior [ RunTime:0.000014s ]
INFO: [ app_init ] --END-- [ RunTime:0.000304s ]
INFO: [ app_begin ] --START--
INFO: Run Behavior\ReadHtmlCacheBehavior [ RunTime:0.000380s ]
INFO: [ app_begin ] --END-- [ RunTime:0.000423s ]
SQL: SHOW COLUMNS FROM `e_user` [ RunTime:0.0005s ]
SQL: SELECT * FROM `e_user` WHERE `username` = 'bb1234' AND `password` = 'bf90b1a983038327d72613e0e6573c79' LIMIT 1   [ RunTime:0.0003s ]

[ 2016-05-18T22:11:43+08:00 ] ::1 /index.php/Public/login.html
INFO: [ app_init ] --START--
INFO: Run Behavior\BuildLiteBehavior [ RunTime:0.000009s ]
INFO: [ app_init ] --END-- [ RunTime:0.000226s ]
INFO: [ app_begin ] --START--
INFO: Run Behavior\ReadHtmlCacheBehavior [ RunTime:0.000268s ]
INFO: [ app_begin ] --END-- [ RunTime:0.000299s ]
SQL: SHOW COLUMNS FROM `e_user` [ RunTime:0.0004s ]
SQL: SELECT * FROM `e_user` WHERE `username` = 'bb1234' AND `password` = 'bf90b1a983038327d72613e0e6573c79' LIMIT 1   [ RunTime:0.0002s ]

[ 2016-05-18T22:11:58+08:00 ] ::1 /index.php/Public/login.html
INFO: [ app_init ] --START--
INFO: Run Behavior\BuildLiteBehavior [ RunTime:0.000008s ]
INFO: [ app_init ] --END-- [ RunTime:0.000170s ]
INFO: [ app_begin ] --START--
INFO: Run Behavior\ReadHtmlCacheBehavior [ RunTime:0.000221s ]
INFO: [ app_begin ] --END-- [ RunTime:0.000245s ]
SQL: SHOW COLUMNS FROM `e_user` [ RunTime:0.0004s ]
SQL: SELECT * FROM `e_user` WHERE `username` = 'bb1234' AND `password` = 'bf90b1a983038327d72613e0e6573c79' LIMIT 1   [ RunTime:0.0002s ]

[ 2016-05-18T22:12:03+08:00 ] ::1 /index.php/Public/login.html
INFO: [ app_init ] --START--
INFO: Run Behavior\BuildLiteBehavior [ RunTime:0.000009s ]
INFO: [ app_init ] --END-- [ RunTime:0.000172s ]
INFO: [ app_begin ] --START--
INFO: Run Behavior\ReadHtmlCacheBehavior [ RunTime:0.000220s ]
INFO: [ app_begin ] --END-- [ RunTime:0.000244s ]
SQL: SHOW COLUMNS FROM `e_user` [ RunTime:0.0004s ]
SQL: SELECT * FROM `e_user` WHERE `username` = 'bb1234' AND `password` = 'bf90b1a983038327d72613e0e6573c79' LIMIT 1   [ RunTime:0.0002s ]

[ 2016-05-18T22:12:26+08:00 ] ::1 /index.php/Public/login.html
INFO: [ app_init ] --START--
INFO: Run Behavior\BuildLiteBehavior [ RunTime:0.000013s ]
INFO: [ app_init ] --END-- [ RunTime:0.000215s ]
INFO: [ app_begin ] --START--
INFO: Run Behavior\ReadHtmlCacheBehavior [ RunTime:0.000291s ]
INFO: [ app_begin ] --END-- [ RunTime:0.000337s ]
SQL: SHOW COLUMNS FROM `e_user` [ RunTime:0.0005s ]
SQL: SELECT * FROM `e_user` WHERE `username` = 'bb1234' AND `password` = 'bf90b1a983038327d72613e0e6573c79' LIMIT 1   [ RunTime:0.0003s ]
SQL: UPDATE `e_user` SET `level`='200',`username`='bb1234',`password`='bf90b1a983038327d72613e0e6573c79',`name`='新帐号',`id_number`='',`phone`='',`other_phone`='',`email`='',`days`='0',`birth`='1463500800',`address`='',`rank`='0',`addtime`='1463539172',`lastlogin`='1463580746',`lastip`='0.0.0.0',`lastarea`='IANA',`status`='1' WHERE `id` = 7 [ RunTime:0.0003s ]
NOTIC: [2] array_merge(): Argument #1 is not an array /Users/minghuang/www/exe/App/Home/Model/UserModel.class.php 第 81 行.

[ 2016-05-18T22:12:29+08:00 ] ::1 /index.php/Index/index.html
INFO: [ app_init ] --START--
INFO: Run Behavior\BuildLiteBehavior [ RunTime:0.000009s ]
INFO: [ app_init ] --END-- [ RunTime:0.000180s ]
INFO: [ app_begin ] --START--
INFO: Run Behavior\ReadHtmlCacheBehavior [ RunTime:0.000244s ]
INFO: [ app_begin ] --END-- [ RunTime:0.000273s ]
SQL: SHOW COLUMNS FROM `e_group` [ RunTime:0.0004s ]
SQL: SELECT * FROM `e_group` WHERE ( integral<=200 ) ORDER BY integral desc LIMIT 1   [ RunTime:0.0002s ]
SQL: SHOW COLUMNS FROM `e_group` [ RunTime:0.0004s ]
SQL: SELECT * FROM `e_group` WHERE ( integral > 0 ) LIMIT 1   [ RunTime:0.0003s ]
INFO: [ view_parse ] --START--
INFO: [ template_filter ] --START--
INFO: Run Behavior\ContentReplaceBehavior [ RunTime:0.000157s ]
INFO: [ template_filter ] --END-- [ RunTime:0.000197s ]
INFO: Run Behavior\ParseTemplateBehavior [ RunTime:0.018698s ]
INFO: [ view_parse ] --END-- [ RunTime:0.018740s ]
INFO: [ view_filter ] --START--
INFO: Run Behavior\WriteHtmlCacheBehavior [ RunTime:0.000111s ]
INFO: [ view_filter ] --END-- [ RunTime:0.000133s ]
INFO: [ app_end ] --START--
INFO: Run Behavior\ShowPageTraceBehavior [ RunTime:0.000285s ]
INFO: [ app_end ] --END-- [ RunTime:0.000313s ]

[ 2016-05-18T22:27:34+08:00 ] ::1 /index.php/Index/index.html
INFO: [ app_init ] --START--
INFO: Run Behavior\BuildLiteBehavior [ RunTime:0.000007s ]
INFO: [ app_init ] --END-- [ RunTime:0.000172s ]
INFO: [ app_begin ] --START--
INFO: Run Behavior\ReadHtmlCacheBehavior [ RunTime:0.000236s ]
INFO: [ app_begin ] --END-- [ RunTime:0.000265s ]
SQL: SHOW COLUMNS FROM `e_group` [ RunTime:0.0003s ]
SQL: SELECT * FROM `e_group` WHERE ( integral<=200 ) ORDER BY integral desc LIMIT 1   [ RunTime:0.0002s ]
SQL: SHOW COLUMNS FROM `e_group` [ RunTime:0.0003s ]
SQL: SELECT * FROM `e_group` WHERE ( integral > 0 ) LIMIT 1   [ RunTime:0.0003s ]
INFO: [ view_parse ] --START--
INFO: [ template_filter ] --START--
INFO: Run Behavior\ContentReplaceBehavior [ RunTime:0.000152s ]
INFO: [ template_filter ] --END-- [ RunTime:0.000187s ]
INFO: Run Behavior\ParseTemplateBehavior [ RunTime:0.019539s ]
INFO: [ view_parse ] --END-- [ RunTime:0.019568s ]
INFO: [ view_filter ] --START--
INFO: Run Behavior\WriteHtmlCacheBehavior [ RunTime:0.000108s ]
INFO: [ view_filter ] --END-- [ RunTime:0.000129s ]
INFO: [ app_end ] --START--
INFO: Run Behavior\ShowPageTraceBehavior [ RunTime:0.000302s ]
INFO: [ app_end ] --END-- [ RunTime:0.000333s ]

