[ 2016-07-01T11:00:52+08:00 ] ::1 /
INFO: [ app_init ] --START--
INFO: Run Behavior\BuildLiteBehavior [ RunTime:0.000009s ]
INFO: [ app_init ] --END-- [ RunTime:0.000424s ]
INFO: [ app_begin ] --START--
INFO: Run Behavior\ReadHtmlCacheBehavior [ RunTime:0.000422s ]
INFO: [ app_begin ] --END-- [ RunTime:0.000459s ]
NOTIC: [2048] Declaration of Home\Controller\CommonController::save() should be compatible with Common\Controller\BaseController::save($modelName = NULL) /Users/minghuang/www/exe/App/Home/Controller/CommonController.class.php 第 7 行.
SQL: SHOW COLUMNS FROM `e_options` [ RunTime:0.0079s ]
SQL: SELECT `option_value` FROM `e_options` WHERE `option_name` = 'web_status' LIMIT 1   [ RunTime:0.0007s ]
NOTIC: [8] Undefined index: level /Users/minghuang/www/exe/App/Home/Controller/CommonController.class.php 第 29 行.
SQL: SHOW COLUMNS FROM `e_group` [ RunTime:0.0012s ]
ERR: SQLSTATE[42000]: Syntax error or access violation: 1064 You have an error in your SQL syntax; check the manual that corresponds to your MySQL server version for the right syntax to use near ') ORDER BY integral desc LIMIT 1' at line 1

[ 2016-07-01T11:01:13+08:00 ] ::1 /
INFO: [ app_init ] --START--
INFO: Run Behavior\BuildLiteBehavior [ RunTime:0.000007s ]
INFO: [ app_init ] --END-- [ RunTime:0.000170s ]
INFO: [ app_begin ] --START--
INFO: Run Behavior\ReadHtmlCacheBehavior [ RunTime:0.000221s ]
INFO: [ app_begin ] --END-- [ RunTime:0.000246s ]
NOTIC: [2048] Declaration of Home\Controller\CommonController::save() should be compatible with Common\Controller\BaseController::save($modelName = NULL) /Users/minghuang/www/exe/App/Home/Controller/CommonController.class.php 第 7 行.
SQL: SHOW COLUMNS FROM `e_options` [ RunTime:0.0004s ]
SQL: SELECT `option_value` FROM `e_options` WHERE `option_name` = 'web_status' LIMIT 1   [ RunTime:0.0002s ]
NOTIC: [8] Undefined index: level /Users/minghuang/www/exe/App/Home/Controller/CommonController.class.php 第 29 行.
SQL: SHOW COLUMNS FROM `e_group` [ RunTime:0.0004s ]
ERR: SQLSTATE[42000]: Syntax error or access violation: 1064 You have an error in your SQL syntax; check the manual that corresponds to your MySQL server version for the right syntax to use near ') ORDER BY integral desc LIMIT 1' at line 1

[ 2016-07-01T11:02:07+08:00 ] ::1 /
INFO: [ app_init ] --START--
INFO: Run Behavior\BuildLiteBehavior [ RunTime:0.000008s ]
INFO: [ app_init ] --END-- [ RunTime:0.000175s ]
INFO: [ app_begin ] --START--
INFO: Run Behavior\ReadHtmlCacheBehavior [ RunTime:0.000219s ]
INFO: [ app_begin ] --END-- [ RunTime:0.000246s ]
NOTIC: [2048] Declaration of Home\Controller\CommonController::save() should be compatible with Common\Controller\BaseController::save($modelName = NULL) /Users/minghuang/www/exe/App/Home/Controller/CommonController.class.php 第 7 行.
SQL: SHOW COLUMNS FROM `e_options` [ RunTime:0.0004s ]
SQL: SELECT `option_value` FROM `e_options` WHERE `option_name` = 'web_status' LIMIT 1   [ RunTime:0.0002s ]
NOTIC: [8] Undefined index: level /Users/minghuang/www/exe/App/Home/Controller/CommonController.class.php 第 31 行.
SQL: SHOW COLUMNS FROM `e_group` [ RunTime:0.0004s ]
ERR: SQLSTATE[42000]: Syntax error or access violation: 1064 You have an error in your SQL syntax; check the manual that corresponds to your MySQL server version for the right syntax to use near ') ORDER BY integral desc LIMIT 1' at line 1

[ 2016-07-01T11:02:45+08:00 ] ::1 /index.php/public/logout
INFO: [ app_init ] --START--
INFO: Run Behavior\BuildLiteBehavior [ RunTime:0.000008s ]
INFO: [ app_init ] --END-- [ RunTime:0.000172s ]
INFO: [ app_begin ] --START--
INFO: Run Behavior\ReadHtmlCacheBehavior [ RunTime:0.000248s ]
INFO: [ app_begin ] --END-- [ RunTime:0.000279s ]
SQL: SHOW COLUMNS FROM `e_options` [ RunTime:0.0005s ]
SQL: SELECT `option_value` FROM `e_options` WHERE `option_name` = 'web_status' LIMIT 1   [ RunTime:0.0002s ]

[ 2016-07-01T11:02:45+08:00 ] ::1 /index.php/Public/login.html
INFO: [ app_init ] --START--
INFO: Run Behavior\BuildLiteBehavior [ RunTime:0.000008s ]
INFO: [ app_init ] --END-- [ RunTime:0.000169s ]
INFO: [ app_begin ] --START--
INFO: Run Behavior\ReadHtmlCacheBehavior [ RunTime:0.000265s ]
INFO: [ app_begin ] --END-- [ RunTime:0.000297s ]
SQL: SHOW COLUMNS FROM `e_options` [ RunTime:0.0004s ]
SQL: SELECT `option_value` FROM `e_options` WHERE `option_name` = 'web_status' LIMIT 1   [ RunTime:0.0002s ]
INFO: [ view_parse ] --START--
INFO: [ template_filter ] --START--
INFO: Run Behavior\ContentReplaceBehavior [ RunTime:0.000056s ]
INFO: [ template_filter ] --END-- [ RunTime:0.000090s ]
INFO: Run Behavior\ParseTemplateBehavior [ RunTime:0.007147s ]
INFO: [ view_parse ] --END-- [ RunTime:0.007174s ]
INFO: [ view_filter ] --START--
INFO: Run Behavior\WriteHtmlCacheBehavior [ RunTime:0.000327s ]
INFO: [ view_filter ] --END-- [ RunTime:0.000356s ]
INFO: [ app_end ] --START--
INFO: Run Behavior\ShowPageTraceBehavior [ RunTime:0.000602s ]
INFO: [ app_end ] --END-- [ RunTime:0.000654s ]

[ 2016-07-01T11:02:47+08:00 ] ::1 /index.php/Public/login.html
INFO: [ app_init ] --START--
INFO: Run Behavior\BuildLiteBehavior [ RunTime:0.000009s ]
INFO: [ app_init ] --END-- [ RunTime:0.000175s ]
INFO: [ app_begin ] --START--
INFO: Run Behavior\ReadHtmlCacheBehavior [ RunTime:0.000221s ]
INFO: [ app_begin ] --END-- [ RunTime:0.000248s ]
SQL: SHOW COLUMNS FROM `e_options` [ RunTime:0.0003s ]
SQL: SELECT `option_value` FROM `e_options` WHERE `option_name` = 'web_status' LIMIT 1   [ RunTime:0.0002s ]
INFO: [ view_parse ] --START--
INFO: [ template_filter ] --START--
INFO: Run Behavior\ContentReplaceBehavior [ RunTime:0.000048s ]
INFO: [ template_filter ] --END-- [ RunTime:0.000076s ]
INFO: Run Behavior\ParseTemplateBehavior [ RunTime:0.003666s ]
INFO: [ view_parse ] --END-- [ RunTime:0.003691s ]
INFO: [ view_filter ] --START--
INFO: Run Behavior\WriteHtmlCacheBehavior [ RunTime:0.000089s ]
INFO: [ view_filter ] --END-- [ RunTime:0.000107s ]
INFO: [ app_end ] --START--
INFO: Run Behavior\ShowPageTraceBehavior [ RunTime:0.000291s ]
INFO: [ app_end ] --END-- [ RunTime:0.000316s ]

[ 2016-07-01T11:02:53+08:00 ] ::1 /index.php/Public/login.html
INFO: [ app_init ] --START--
INFO: Run Behavior\BuildLiteBehavior [ RunTime:0.000012s ]
INFO: [ app_init ] --END-- [ RunTime:0.000258s ]
INFO: [ app_begin ] --START--
INFO: Run Behavior\ReadHtmlCacheBehavior [ RunTime:0.000290s ]
INFO: [ app_begin ] --END-- [ RunTime:0.000333s ]
SQL: SHOW COLUMNS FROM `e_options` [ RunTime:0.0006s ]
SQL: SELECT `option_value` FROM `e_options` WHERE `option_name` = 'web_status' LIMIT 1   [ RunTime:0.0002s ]
SQL: SHOW COLUMNS FROM `e_user` [ RunTime:0.0015s ]
SQL: SELECT * FROM `e_user` WHERE `username` = 'admin' AND `password` = '21232f297a57a5a743894a0e4a801fc3' LIMIT 1   [ RunTime:0.0005s ]

[ 2016-07-01T11:02:56+08:00 ] ::1 /index.php/Public/login.html
INFO: [ app_init ] --START--
INFO: Run Behavior\BuildLiteBehavior [ RunTime:0.000013s ]
INFO: [ app_init ] --END-- [ RunTime:0.000230s ]
INFO: [ app_begin ] --START--
INFO: Run Behavior\ReadHtmlCacheBehavior [ RunTime:0.000308s ]
INFO: [ app_begin ] --END-- [ RunTime:0.000350s ]
SQL: SHOW COLUMNS FROM `e_options` [ RunTime:0.0006s ]
SQL: SELECT `option_value` FROM `e_options` WHERE `option_name` = 'web_status' LIMIT 1   [ RunTime:0.0003s ]
SQL: SHOW COLUMNS FROM `e_user` [ RunTime:0.0008s ]
SQL: SELECT * FROM `e_user` WHERE `username` = 'demo' AND `password` = 'fe01ce2a7fbac8fafaed7c982a04e229' LIMIT 1   [ RunTime:0.0005s ]
NOTIC: [8] Undefined variable: lastlogin /Users/minghuang/www/exe/App/Home/Model/UserModel.class.php 第 48 行.
SQL: SHOW COLUMNS FROM `e_counts` [ RunTime:0.0032s ]
SQL: SELECT * FROM `e_counts` WHERE `id` = 1467302401 LIMIT 1   [ RunTime:0.0009s ]
NOTIC: [8] Undefined index: login_number /Users/minghuang/www/exe/App/Home/Model/CountsModel.class.php 第 15 行.
SQL: INSERT INTO `e_counts` (`id`,`login_number`) VALUES ('1467302401','1') [ RunTime:0.0018s ]
SQL: UPDATE `e_user` SET `level`='500030',`username`='demo',`password`='fe01ce2a7fbac8fafaed7c982a04e229',`name`='测试名字',`id_number`='',`phone`='',`other_phone`='',`email`='',`days`='0',`birth`=NULL,`address`='',`rank`='10001',`addtime`='1464059181',`lastlogin`='1467342176',`lastip`='0.0.0.0',`lastarea`='IANA',`status`='1' WHERE `id` = 8 [ RunTime:0.0003s ]
NOTIC: [2] array_merge(): Argument #1 is not an array /Users/minghuang/www/exe/App/Home/Model/UserModel.class.php 第 95 行.

[ 2016-07-01T11:02:59+08:00 ] ::1 /index.php/Index/index.html
INFO: [ app_init ] --START--
INFO: Run Behavior\BuildLiteBehavior [ RunTime:0.000008s ]
INFO: [ app_init ] --END-- [ RunTime:0.000168s ]
INFO: [ app_begin ] --START--
INFO: Run Behavior\ReadHtmlCacheBehavior [ RunTime:0.000249s ]
INFO: [ app_begin ] --END-- [ RunTime:0.000278s ]
NOTIC: [2048] Declaration of Home\Controller\CommonController::save() should be compatible with Common\Controller\BaseController::save($modelName = NULL) /Users/minghuang/www/exe/App/Home/Controller/CommonController.class.php 第 7 行.
SQL: SHOW COLUMNS FROM `e_options` [ RunTime:0.0004s ]
SQL: SELECT `option_value` FROM `e_options` WHERE `option_name` = 'web_status' LIMIT 1   [ RunTime:0.0002s ]
SQL: SHOW COLUMNS FROM `e_group` [ RunTime:0.0005s ]
SQL: SELECT * FROM `e_group` WHERE ( integral<=500030 ) ORDER BY integral desc LIMIT 1   [ RunTime:0.0005s ]
SQL: SHOW COLUMNS FROM `e_group` [ RunTime:0.0004s ]
SQL: SELECT * FROM `e_group` WHERE ( integral > 28000 ) LIMIT 1   [ RunTime:0.0002s ]
SQL: SHOW COLUMNS FROM `e_message` [ RunTime:0.0013s ]
SQL: SHOW COLUMNS FROM `e_read` [ RunTime:0.0013s ]
SQL: SELECT `mid` FROM `e_read` WHERE `uid` = 8  [ RunTime:0.0004s ]
SQL: SELECT COUNT(*) AS tp_count FROM `e_message` WHERE `uid` = 0 AND ( `touid` = 0 OR `touid` = '8' ) AND `id` NOT IN ('6','11','9','15','16','17') LIMIT 1   [ RunTime:0.0018s ]
SQL: SELECT `mid` FROM `e_read` WHERE `uid` = 8  [ RunTime:0.0002s ]
SQL: SELECT * FROM `e_message` WHERE `uid` = 0 AND ( `touid` = 0 OR `touid` = '8' ) AND `id` NOT IN ('6','11','9','15','16','17')  [ RunTime:0.0002s ]
SQL: SHOW COLUMNS FROM `e_days` [ RunTime:0.0011s ]
SQL: SELECT COUNT(*) AS tp_count FROM `e_days` WHERE `addtime` = 1467302401 AND `uid` = 8 LIMIT 1   [ RunTime:0.0003s ]
SQL: SHOW COLUMNS FROM `e_activity` [ RunTime:0.0011s ]
SQL: SELECT * FROM `e_group` WHERE ( integral<=500030 ) ORDER BY integral desc LIMIT 1   [ RunTime:0.0002s ]
SQL: SELECT * FROM `e_activity` WHERE `starttime` < 1467342179 AND `endtime` > 1467342179 AND `status` = 1 AND `integral` < '28000'  [ RunTime:0.0005s ]
INFO: [ view_parse ] --START--
INFO: [ template_filter ] --START--
INFO: Run Behavior\ContentReplaceBehavior [ RunTime:0.000089s ]
INFO: [ template_filter ] --END-- [ RunTime:0.000121s ]
NOTIC: [2] Division by zero /Users/minghuang/www/exe/App/Runtime/Cache/Home/00e52909bed743ea261af4b6823297ff.php 第 106 行.
SQL: SELECT COUNT(*) AS tp_count FROM `e_days` WHERE `uid` = 8 LIMIT 1   [ RunTime:0.0003s ]
INFO: Run Behavior\ParseTemplateBehavior [ RunTime:0.011632s ]
INFO: [ view_parse ] --END-- [ RunTime:0.011655s ]
INFO: [ view_filter ] --START--
INFO: Run Behavior\WriteHtmlCacheBehavior [ RunTime:0.000135s ]
INFO: [ view_filter ] --END-- [ RunTime:0.000161s ]
INFO: [ app_end ] --START--
INFO: Run Behavior\ShowPageTraceBehavior [ RunTime:0.000320s ]
INFO: [ app_end ] --END-- [ RunTime:0.000349s ]

[ 2016-07-01T11:04:32+08:00 ] ::1 /index.php/Days/index.html
INFO: [ app_init ] --START--
INFO: Run Behavior\BuildLiteBehavior [ RunTime:0.000008s ]
INFO: [ app_init ] --END-- [ RunTime:0.000171s ]
INFO: [ app_begin ] --START--
INFO: Run Behavior\ReadHtmlCacheBehavior [ RunTime:0.000220s ]
INFO: [ app_begin ] --END-- [ RunTime:0.000245s ]
NOTIC: [2048] Declaration of Home\Controller\CommonController::save() should be compatible with Common\Controller\BaseController::save($modelName = NULL) /Users/minghuang/www/exe/App/Home/Controller/CommonController.class.php 第 7 行.
SQL: SHOW COLUMNS FROM `e_options` [ RunTime:0.0005s ]
SQL: SELECT `option_value` FROM `e_options` WHERE `option_name` = 'web_status' LIMIT 1   [ RunTime:0.0005s ]
SQL: SHOW COLUMNS FROM `e_group` [ RunTime:0.0005s ]
SQL: SELECT * FROM `e_group` WHERE ( integral<=500030 ) ORDER BY integral desc LIMIT 1   [ RunTime:0.0002s ]
SQL: SHOW COLUMNS FROM `e_group` [ RunTime:0.0003s ]
SQL: SELECT * FROM `e_group` WHERE ( integral > 28000 ) LIMIT 1   [ RunTime:0.0002s ]
SQL: SHOW COLUMNS FROM `e_message` [ RunTime:0.0004s ]
SQL: SHOW COLUMNS FROM `e_read` [ RunTime:0.0004s ]
SQL: SELECT `mid` FROM `e_read` WHERE `uid` = 8  [ RunTime:0.0002s ]
SQL: SELECT COUNT(*) AS tp_count FROM `e_message` WHERE `uid` = 0 AND ( `touid` = 0 OR `touid` = '8' ) AND `id` NOT IN ('6','11','9','15','16','17') LIMIT 1   [ RunTime:0.0002s ]
SQL: SHOW COLUMNS FROM `e_days` [ RunTime:0.0004s ]
SQL: SELECT * FROM `e_days` WHERE `uid` = 8  [ RunTime:0.0003s ]
INFO: [ view_parse ] --START--
INFO: [ template_filter ] --START--
INFO: Run Behavior\ContentReplaceBehavior [ RunTime:0.000074s ]
INFO: [ template_filter ] --END-- [ RunTime:0.000133s ]
NOTIC: [2] Division by zero /Users/minghuang/www/exe/App/Runtime/Cache/Home/418cdd7f5f65cc488c0566eb352338ea.php 第 106 行.
INFO: Run Behavior\ParseTemplateBehavior [ RunTime:0.008775s ]
INFO: [ view_parse ] --END-- [ RunTime:0.008813s ]
INFO: [ view_filter ] --START--
INFO: Run Behavior\WriteHtmlCacheBehavior [ RunTime:0.000110s ]
INFO: [ view_filter ] --END-- [ RunTime:0.000132s ]
INFO: [ app_end ] --START--
INFO: Run Behavior\ShowPageTraceBehavior [ RunTime:0.000305s ]
INFO: [ app_end ] --END-- [ RunTime:0.000332s ]

[ 2016-07-01T11:04:34+08:00 ] ::1 /index.php/Days/sign.html
INFO: [ app_init ] --START--
INFO: Run Behavior\BuildLiteBehavior [ RunTime:0.000007s ]
INFO: [ app_init ] --END-- [ RunTime:0.000172s ]
INFO: [ app_begin ] --START--
INFO: Run Behavior\ReadHtmlCacheBehavior [ RunTime:0.000222s ]
INFO: [ app_begin ] --END-- [ RunTime:0.000247s ]
NOTIC: [2048] Declaration of Home\Controller\CommonController::save() should be compatible with Common\Controller\BaseController::save($modelName = NULL) /Users/minghuang/www/exe/App/Home/Controller/CommonController.class.php 第 7 行.
SQL: SHOW COLUMNS FROM `e_options` [ RunTime:0.0011s ]
SQL: SELECT `option_value` FROM `e_options` WHERE `option_name` = 'web_status' LIMIT 1   [ RunTime:0.0006s ]
SQL: SHOW COLUMNS FROM `e_group` [ RunTime:0.0007s ]
SQL: SELECT * FROM `e_group` WHERE ( integral<=500030 ) ORDER BY integral desc LIMIT 1   [ RunTime:0.0003s ]
SQL: SHOW COLUMNS FROM `e_group` [ RunTime:0.0004s ]
SQL: SELECT * FROM `e_group` WHERE ( integral > 28000 ) LIMIT 1   [ RunTime:0.0002s ]
SQL: SHOW COLUMNS FROM `e_message` [ RunTime:0.0005s ]
SQL: SHOW COLUMNS FROM `e_read` [ RunTime:0.0004s ]
SQL: SELECT `mid` FROM `e_read` WHERE `uid` = 8  [ RunTime:0.0002s ]
SQL: SELECT COUNT(*) AS tp_count FROM `e_message` WHERE `uid` = 0 AND ( `touid` = 0 OR `touid` = '8' ) AND `id` NOT IN ('6','11','9','15','16','17') LIMIT 1   [ RunTime:0.0002s ]
SQL: SHOW COLUMNS FROM `e_days` [ RunTime:0.0004s ]
SQL: SELECT COUNT(*) AS tp_count FROM `e_days` WHERE `addtime` = 1467302401 AND `uid` = 8 LIMIT 1   [ RunTime:0.0002s ]
SQL: INSERT INTO `e_days` (`addtime`,`uid`) VALUES ('1467302401','8') [ RunTime:0.0001s ]
SQL: SHOW COLUMNS FROM `e_user` [ RunTime:0.0004s ]
SQL: UPDATE `e_user` SET `level`=level+2 WHERE `id` = 8 [ RunTime:0.0002s ]

[ 2016-07-01T11:04:37+08:00 ] ::1 /index.php/Days/index.html
INFO: [ app_init ] --START--
INFO: Run Behavior\BuildLiteBehavior [ RunTime:0.000008s ]
INFO: [ app_init ] --END-- [ RunTime:0.000174s ]
INFO: [ app_begin ] --START--
INFO: Run Behavior\ReadHtmlCacheBehavior [ RunTime:0.000219s ]
INFO: [ app_begin ] --END-- [ RunTime:0.000247s ]
NOTIC: [2048] Declaration of Home\Controller\CommonController::save() should be compatible with Common\Controller\BaseController::save($modelName = NULL) /Users/minghuang/www/exe/App/Home/Controller/CommonController.class.php 第 7 行.
SQL: SHOW COLUMNS FROM `e_options` [ RunTime:0.0004s ]
SQL: SELECT `option_value` FROM `e_options` WHERE `option_name` = 'web_status' LIMIT 1   [ RunTime:0.0002s ]
SQL: SHOW COLUMNS FROM `e_group` [ RunTime:0.0004s ]
SQL: SELECT * FROM `e_group` WHERE ( integral<=500032 ) ORDER BY integral desc LIMIT 1   [ RunTime:0.0003s ]
SQL: SHOW COLUMNS FROM `e_group` [ RunTime:0.0004s ]
SQL: SELECT * FROM `e_group` WHERE ( integral > 28000 ) LIMIT 1   [ RunTime:0.0002s ]
SQL: SHOW COLUMNS FROM `e_message` [ RunTime:0.0004s ]
SQL: SHOW COLUMNS FROM `e_read` [ RunTime:0.0004s ]
SQL: SELECT `mid` FROM `e_read` WHERE `uid` = 8  [ RunTime:0.0003s ]
SQL: SELECT COUNT(*) AS tp_count FROM `e_message` WHERE `uid` = 0 AND ( `touid` = 0 OR `touid` = '8' ) AND `id` NOT IN ('6','11','9','15','16','17') LIMIT 1   [ RunTime:0.0004s ]
SQL: SHOW COLUMNS FROM `e_days` [ RunTime:0.0004s ]
SQL: SELECT * FROM `e_days` WHERE `uid` = 8  [ RunTime:0.0002s ]
INFO: [ view_parse ] --START--
INFO: [ template_filter ] --START--
INFO: Run Behavior\ContentReplaceBehavior [ RunTime:0.000071s ]
INFO: [ template_filter ] --END-- [ RunTime:0.000101s ]
NOTIC: [2] Division by zero /Users/minghuang/www/exe/App/Runtime/Cache/Home/418cdd7f5f65cc488c0566eb352338ea.php 第 106 行.
INFO: Run Behavior\ParseTemplateBehavior [ RunTime:0.008211s ]
INFO: [ view_parse ] --END-- [ RunTime:0.008239s ]
INFO: [ view_filter ] --START--
INFO: Run Behavior\WriteHtmlCacheBehavior [ RunTime:0.000099s ]
INFO: [ view_filter ] --END-- [ RunTime:0.000118s ]
INFO: [ app_end ] --START--
INFO: Run Behavior\ShowPageTraceBehavior [ RunTime:0.000321s ]
INFO: [ app_end ] --END-- [ RunTime:0.000382s ]

[ 2016-07-01T12:04:44+08:00 ] ::1 /index.php/Public/logout.html
INFO: [ app_init ] --START--
INFO: Run Behavior\BuildLiteBehavior [ RunTime:0.000007s ]
INFO: [ app_init ] --END-- [ RunTime:0.000181s ]
INFO: [ app_begin ] --START--
INFO: Run Behavior\ReadHtmlCacheBehavior [ RunTime:0.000233s ]
INFO: [ app_begin ] --END-- [ RunTime:0.000262s ]
SQL: SHOW COLUMNS FROM `e_options` [ RunTime:0.0004s ]
SQL: SELECT `option_value` FROM `e_options` WHERE `option_name` = 'web_status' LIMIT 1   [ RunTime:0.0002s ]

[ 2016-07-01T12:04:44+08:00 ] ::1 /index.php/Public/login.html
INFO: [ app_init ] --START--
INFO: Run Behavior\BuildLiteBehavior [ RunTime:0.000007s ]
INFO: [ app_init ] --END-- [ RunTime:0.000168s ]
INFO: [ app_begin ] --START--
INFO: Run Behavior\ReadHtmlCacheBehavior [ RunTime:0.000220s ]
INFO: [ app_begin ] --END-- [ RunTime:0.000246s ]
SQL: SHOW COLUMNS FROM `e_options` [ RunTime:0.0004s ]
SQL: SELECT `option_value` FROM `e_options` WHERE `option_name` = 'web_status' LIMIT 1   [ RunTime:0.0002s ]
INFO: [ view_parse ] --START--
INFO: [ template_filter ] --START--
INFO: Run Behavior\ContentReplaceBehavior [ RunTime:0.000049s ]
INFO: [ template_filter ] --END-- [ RunTime:0.000078s ]
INFO: Run Behavior\ParseTemplateBehavior [ RunTime:0.003688s ]
INFO: [ view_parse ] --END-- [ RunTime:0.003715s ]
INFO: [ view_filter ] --START--
INFO: Run Behavior\WriteHtmlCacheBehavior [ RunTime:0.000094s ]
INFO: [ view_filter ] --END-- [ RunTime:0.000112s ]
INFO: [ app_end ] --START--
INFO: Run Behavior\ShowPageTraceBehavior [ RunTime:0.000286s ]
INFO: [ app_end ] --END-- [ RunTime:0.000312s ]

[ 2016-07-01T17:26:34+08:00 ] ::1 /index.php/Public/login.html
INFO: [ app_init ] --START--
INFO: Run Behavior\BuildLiteBehavior [ RunTime:0.000011s ]
INFO: [ app_init ] --END-- [ RunTime:0.000240s ]
INFO: [ app_begin ] --START--
INFO: Run Behavior\ReadHtmlCacheBehavior [ RunTime:0.000421s ]
INFO: [ app_begin ] --END-- [ RunTime:0.000480s ]
SQL: SHOW COLUMNS FROM `e_options` [ RunTime:0.0005s ]
SQL: SELECT `option_value` FROM `e_options` WHERE `option_name` = 'web_status' LIMIT 1   [ RunTime:0.0002s ]
SQL: SHOW COLUMNS FROM `e_user` [ RunTime:0.0006s ]
SQL: SELECT * FROM `e_user` WHERE `username` = 'admin' AND `password` = '21232f297a57a5a743894a0e4a801fc3' LIMIT 1   [ RunTime:0.0003s ]

[ 2016-07-01T21:05:02+08:00 ] ::1 /
INFO: [ app_init ] --START--
INFO: Run Behavior\BuildLiteBehavior [ RunTime:0.000008s ]
INFO: [ app_init ] --END-- [ RunTime:0.000181s ]
INFO: [ app_begin ] --START--
INFO: Run Behavior\ReadHtmlCacheBehavior [ RunTime:0.000221s ]
INFO: [ app_begin ] --END-- [ RunTime:0.000247s ]
NOTIC: [2048] Declaration of Home\Controller\CommonController::save() should be compatible with Common\Controller\BaseController::save($modelName = NULL) /Users/minghuang/www/exe/App/Home/Controller/CommonController.class.php 第 7 行.
SQL: SHOW COLUMNS FROM `e_options` [ RunTime:0.0003s ]
SQL: SELECT `option_value` FROM `e_options` WHERE `option_name` = 'web_status' LIMIT 1   [ RunTime:0.0002s ]

[ 2016-07-01T21:05:02+08:00 ] ::1 /index.php/public/login.html
INFO: [ app_init ] --START--
INFO: Run Behavior\BuildLiteBehavior [ RunTime:0.000007s ]
INFO: [ app_init ] --END-- [ RunTime:0.000172s ]
INFO: [ app_begin ] --START--
INFO: Run Behavior\ReadHtmlCacheBehavior [ RunTime:0.000221s ]
INFO: [ app_begin ] --END-- [ RunTime:0.000246s ]
SQL: SHOW COLUMNS FROM `e_options` [ RunTime:0.0003s ]
SQL: SELECT `option_value` FROM `e_options` WHERE `option_name` = 'web_status' LIMIT 1   [ RunTime:0.0002s ]
INFO: [ view_parse ] --START--
INFO: [ template_filter ] --START--
INFO: Run Behavior\ContentReplaceBehavior [ RunTime:0.000049s ]
INFO: [ template_filter ] --END-- [ RunTime:0.000078s ]
INFO: Run Behavior\ParseTemplateBehavior [ RunTime:0.003665s ]
INFO: [ view_parse ] --END-- [ RunTime:0.003692s ]
INFO: [ view_filter ] --START--
INFO: Run Behavior\WriteHtmlCacheBehavior [ RunTime:0.000410s ]
INFO: [ view_filter ] --END-- [ RunTime:0.000440s ]
INFO: [ app_end ] --START--
INFO: Run Behavior\ShowPageTraceBehavior [ RunTime:0.000339s ]
INFO: [ app_end ] --END-- [ RunTime:0.000376s ]

