[ 2016-07-18T22:48:23+08:00 ] ::1 /
INFO: [ app_init ] --START--
INFO: Run Behavior\BuildLiteBehavior [ RunTime:0.000011s ]
INFO: [ app_init ] --END-- [ RunTime:0.000519s ]
INFO: [ app_begin ] --START--
INFO: Run Behavior\ReadHtmlCacheBehavior [ RunTime:0.000480s ]
INFO: [ app_begin ] --END-- [ RunTime:0.000531s ]
NOTIC: [2048] Declaration of Home\Controller\CommonController::save() should be compatible with Common\Controller\BaseController::save($modelName = NULL) /Users/minghuang/www/exe/App/Home/Controller/CommonController.class.php 第 7 行.
SQL: SHOW COLUMNS FROM `e_options` [ RunTime:0.0090s ]
SQL: SELECT `option_value` FROM `e_options` WHERE `option_name` = 'web_status' LIMIT 1   [ RunTime:0.0025s ]

[ 2016-07-18T22:48:23+08:00 ] ::1 /index.php/public/login.html
INFO: [ app_init ] --START--
INFO: Run Behavior\BuildLiteBehavior [ RunTime:0.000007s ]
INFO: [ app_init ] --END-- [ RunTime:0.000167s ]
INFO: [ app_begin ] --START--
INFO: Run Behavior\ReadHtmlCacheBehavior [ RunTime:0.000224s ]
INFO: [ app_begin ] --END-- [ RunTime:0.000250s ]
SQL: SHOW COLUMNS FROM `e_options` [ RunTime:0.0004s ]
SQL: SELECT `option_value` FROM `e_options` WHERE `option_name` = 'web_status' LIMIT 1   [ RunTime:0.0002s ]
INFO: [ view_parse ] --START--
INFO: [ template_filter ] --START--
INFO: Run Behavior\ContentReplaceBehavior [ RunTime:0.000047s ]
INFO: [ template_filter ] --END-- [ RunTime:0.000083s ]
INFO: Run Behavior\ParseTemplateBehavior [ RunTime:0.008303s ]
INFO: [ view_parse ] --END-- [ RunTime:0.008339s ]
INFO: [ view_filter ] --START--
INFO: Run Behavior\WriteHtmlCacheBehavior [ RunTime:0.000313s ]
INFO: [ view_filter ] --END-- [ RunTime:0.000343s ]
INFO: [ app_end ] --START--
INFO: Run Behavior\ShowPageTraceBehavior [ RunTime:0.000538s ]
INFO: [ app_end ] --END-- [ RunTime:0.000585s ]

[ 2016-07-18T22:49:11+08:00 ] ::1 /index.php/public/login.html
INFO: [ app_init ] --START--
INFO: Run Behavior\BuildLiteBehavior [ RunTime:0.000011s ]
INFO: [ app_init ] --END-- [ RunTime:0.000199s ]
INFO: [ app_begin ] --START--
INFO: Run Behavior\ReadHtmlCacheBehavior [ RunTime:0.000383s ]
INFO: [ app_begin ] --END-- [ RunTime:0.000432s ]
SQL: SHOW COLUMNS FROM `e_options` [ RunTime:0.0006s ]
SQL: SELECT `option_value` FROM `e_options` WHERE `option_name` = 'web_status' LIMIT 1   [ RunTime:0.0004s ]
SQL: SHOW COLUMNS FROM `e_user` [ RunTime:0.0023s ]
SQL: SELECT * FROM `e_user` WHERE `username` = 'demo' AND `password` = 'fe01ce2a7fbac8fafaed7c982a04e229' LIMIT 1   [ RunTime:0.0007s ]
NOTIC: [8] Undefined variable: lastlogin /Users/minghuang/www/exe/App/Home/Model/UserModel.class.php 第 48 行.
SQL: SHOW COLUMNS FROM `e_counts` [ RunTime:0.0023s ]
SQL: SELECT * FROM `e_counts` WHERE `id` = 1468771201 LIMIT 1   [ RunTime:0.0006s ]
NOTIC: [8] Undefined index: login_number /Users/minghuang/www/exe/App/Home/Model/CountsModel.class.php 第 15 行.
SQL: INSERT INTO `e_counts` (`id`,`login_number`) VALUES ('1468771201','1') [ RunTime:0.0030s ]
SQL: UPDATE `e_user` SET `level`='500036',`username`='demo',`password`='fe01ce2a7fbac8fafaed7c982a04e229',`name`='测试名字',`id_number`='',`phone`='',`other_phone`='',`email`='',`days`='0',`birth`=NULL,`address`='',`rank`='10000',`addtime`='1464059181',`lastlogin`='1468853351',`lastip`='0.0.0.0',`lastarea`='IANA',`status`='1' WHERE `id` = 8 [ RunTime:0.0024s ]
NOTIC: [2] array_merge(): Argument #1 is not an array /Users/minghuang/www/exe/App/Home/Model/UserModel.class.php 第 95 行.

[ 2016-07-18T22:49:14+08:00 ] ::1 /index.php/Index/index.html
INFO: [ app_init ] --START--
INFO: Run Behavior\BuildLiteBehavior [ RunTime:0.000012s ]
INFO: [ app_init ] --END-- [ RunTime:0.000281s ]
INFO: [ app_begin ] --START--
INFO: Run Behavior\ReadHtmlCacheBehavior [ RunTime:0.000465s ]
INFO: [ app_begin ] --END-- [ RunTime:0.000534s ]
NOTIC: [2048] Declaration of Home\Controller\CommonController::save() should be compatible with Common\Controller\BaseController::save($modelName = NULL) /Users/minghuang/www/exe/App/Home/Controller/CommonController.class.php 第 7 行.
SQL: SHOW COLUMNS FROM `e_options` [ RunTime:0.0005s ]
SQL: SELECT `option_value` FROM `e_options` WHERE `option_name` = 'web_status' LIMIT 1   [ RunTime:0.0002s ]
SQL: SHOW COLUMNS FROM `e_group` [ RunTime:0.0016s ]
SQL: SELECT * FROM `e_group` WHERE ( integral<=500036 ) ORDER BY integral desc LIMIT 1   [ RunTime:0.0009s ]
SQL: SHOW COLUMNS FROM `e_group` [ RunTime:0.0004s ]
SQL: SELECT * FROM `e_group` WHERE ( integral > 28000 ) LIMIT 1   [ RunTime:0.0002s ]
SQL: SHOW COLUMNS FROM `e_message` [ RunTime:0.0015s ]
SQL: SHOW COLUMNS FROM `e_read` [ RunTime:0.0015s ]
SQL: SELECT `mid` FROM `e_read` WHERE `uid` = 8  [ RunTime:0.0005s ]
SQL: SELECT COUNT(*) AS tp_count FROM `e_message` WHERE `uid` = 0 AND ( `touid` = 0 OR `touid` = '8' ) AND `id` NOT IN ('6','11','9','15','16','17') LIMIT 1   [ RunTime:0.0030s ]
SQL: SELECT `mid` FROM `e_read` WHERE `uid` = 8  [ RunTime:0.0002s ]
SQL: SELECT * FROM `e_message` WHERE `uid` = 0 AND ( `touid` = 0 OR `touid` = '8' ) AND `id` NOT IN ('6','11','9','15','16','17')  [ RunTime:0.0003s ]
SQL: SHOW COLUMNS FROM `e_days` [ RunTime:0.0013s ]
SQL: SELECT COUNT(*) AS tp_count FROM `e_days` WHERE `addtime` = 1468771201 AND `uid` = 8 LIMIT 1   [ RunTime:0.0004s ]
SQL: SHOW COLUMNS FROM `e_activity` [ RunTime:0.0016s ]
SQL: SELECT * FROM `e_group` WHERE ( integral<=500036 ) ORDER BY integral desc LIMIT 1   [ RunTime:0.0002s ]
SQL: SELECT * FROM `e_activity` WHERE `starttime` < 1468853354 AND `endtime` > 1468853354 AND `status` = 1 AND `integral` < '28000'  [ RunTime:0.0008s ]
INFO: [ view_parse ] --START--
INFO: [ template_filter ] --START--
INFO: Run Behavior\ContentReplaceBehavior [ RunTime:0.000047s ]
INFO: [ template_filter ] --END-- [ RunTime:0.000082s ]
INFO: Run Behavior\ParseTemplateBehavior [ RunTime:0.004720s ]
INFO: [ view_parse ] --END-- [ RunTime:0.004751s ]
INFO: [ view_filter ] --START--
INFO: Run Behavior\WriteHtmlCacheBehavior [ RunTime:0.000096s ]
INFO: [ view_filter ] --END-- [ RunTime:0.000114s ]
INFO: [ app_end ] --START--
INFO: Run Behavior\ShowPageTraceBehavior [ RunTime:0.000327s ]
INFO: [ app_end ] --END-- [ RunTime:0.000363s ]

[ 2016-07-18T22:49:15+08:00 ] ::1 /index.php/Shop/index.html
INFO: [ app_init ] --START--
INFO: Run Behavior\BuildLiteBehavior [ RunTime:0.000009s ]
INFO: [ app_init ] --END-- [ RunTime:0.000202s ]
INFO: [ app_begin ] --START--
INFO: Run Behavior\ReadHtmlCacheBehavior [ RunTime:0.000310s ]
INFO: [ app_begin ] --END-- [ RunTime:0.000344s ]
NOTIC: [2048] Declaration of Home\Controller\CommonController::save() should be compatible with Common\Controller\BaseController::save($modelName = NULL) /Users/minghuang/www/exe/App/Home/Controller/CommonController.class.php 第 7 行.
NOTIC: [2048] Declaration of Home\Controller\ShopController::condition() should be compatible with Common\Controller\BaseController::condition($where = Array) /Users/minghuang/www/exe/App/Home/Controller/ShopController.class.php 第 8 行.
SQL: SHOW COLUMNS FROM `e_options` [ RunTime:0.0010s ]
SQL: SELECT `option_value` FROM `e_options` WHERE `option_name` = 'web_status' LIMIT 1   [ RunTime:0.0003s ]
SQL: SHOW COLUMNS FROM `e_group` [ RunTime:0.0006s ]
SQL: SELECT * FROM `e_group` WHERE ( integral<=500036 ) ORDER BY integral desc LIMIT 1   [ RunTime:0.0002s ]
SQL: SHOW COLUMNS FROM `e_group` [ RunTime:0.0003s ]
SQL: SELECT * FROM `e_group` WHERE ( integral > 28000 ) LIMIT 1   [ RunTime:0.0002s ]
SQL: SHOW COLUMNS FROM `e_message` [ RunTime:0.0004s ]
SQL: SHOW COLUMNS FROM `e_read` [ RunTime:0.0004s ]
SQL: SELECT `mid` FROM `e_read` WHERE `uid` = 8  [ RunTime:0.0002s ]
SQL: SELECT COUNT(*) AS tp_count FROM `e_message` WHERE `uid` = 0 AND ( `touid` = 0 OR `touid` = '8' ) AND `id` NOT IN ('6','11','9','15','16','17') LIMIT 1   [ RunTime:0.0006s ]
SQL: SHOW COLUMNS FROM `e_shop` [ RunTime:0.0017s ]
SQL: SELECT COUNT(*) AS tp_count FROM `e_shop` WHERE `starttime` < 1468853355 AND `endtime` > 1468853355 AND `status` = 1 LIMIT 1   [ RunTime:0.0006s ]
SQL: SELECT * FROM `e_shop` WHERE `starttime` < 1468853355 AND `endtime` > 1468853355 AND `status` = 1 ORDER BY `id` desc LIMIT 20   [ RunTime:0.0005s ]
NOTIC: [8] Undefined variable: link_page /Users/minghuang/www/exe/Core/Library/Think/Page.class.php 第 175 行.
NOTIC: [8] Undefined variable: the_first /Users/minghuang/www/exe/Core/Library/Think/Page.class.php 第 192 行.
NOTIC: [8] Undefined variable: the_end /Users/minghuang/www/exe/Core/Library/Think/Page.class.php 第 192 行.
INFO: [ view_parse ] --START--
INFO: [ template_filter ] --START--
INFO: Run Behavior\ContentReplaceBehavior [ RunTime:0.000056s ]
INFO: [ template_filter ] --END-- [ RunTime:0.000092s ]
INFO: Run Behavior\ParseTemplateBehavior [ RunTime:0.007339s ]
INFO: [ view_parse ] --END-- [ RunTime:0.007379s ]
INFO: [ view_filter ] --START--
INFO: Run Behavior\WriteHtmlCacheBehavior [ RunTime:0.000122s ]
INFO: [ view_filter ] --END-- [ RunTime:0.000145s ]
INFO: [ app_end ] --START--
INFO: Run Behavior\ShowPageTraceBehavior [ RunTime:0.000363s ]
INFO: [ app_end ] --END-- [ RunTime:0.000409s ]

[ 2016-07-18T22:50:05+08:00 ] ::1 /index.php/Shop/index.html
INFO: [ app_init ] --START--
INFO: Run Behavior\BuildLiteBehavior [ RunTime:0.000014s ]
INFO: [ app_init ] --END-- [ RunTime:0.000277s ]
INFO: [ app_begin ] --START--
INFO: Run Behavior\ReadHtmlCacheBehavior [ RunTime:0.000521s ]
INFO: [ app_begin ] --END-- [ RunTime:0.000601s ]
NOTIC: [2048] Declaration of Home\Controller\CommonController::save() should be compatible with Common\Controller\BaseController::save($modelName = NULL) /Users/minghuang/www/exe/App/Home/Controller/CommonController.class.php 第 7 行.
NOTIC: [2048] Declaration of Home\Controller\ShopController::condition() should be compatible with Common\Controller\BaseController::condition($where = Array) /Users/minghuang/www/exe/App/Home/Controller/ShopController.class.php 第 8 行.
SQL: SHOW COLUMNS FROM `e_options` [ RunTime:0.0004s ]
SQL: SELECT `option_value` FROM `e_options` WHERE `option_name` = 'web_status' LIMIT 1   [ RunTime:0.0002s ]
SQL: SHOW COLUMNS FROM `e_group` [ RunTime:0.0004s ]
SQL: SELECT * FROM `e_group` WHERE ( integral<=500036 ) ORDER BY integral desc LIMIT 1   [ RunTime:0.0002s ]
SQL: SHOW COLUMNS FROM `e_group` [ RunTime:0.0003s ]
SQL: SELECT * FROM `e_group` WHERE ( integral > 28000 ) LIMIT 1   [ RunTime:0.0002s ]
SQL: SHOW COLUMNS FROM `e_message` [ RunTime:0.0004s ]
SQL: SHOW COLUMNS FROM `e_read` [ RunTime:0.0004s ]
SQL: SELECT `mid` FROM `e_read` WHERE `uid` = 8  [ RunTime:0.0002s ]
SQL: SELECT COUNT(*) AS tp_count FROM `e_message` WHERE `uid` = 0 AND ( `touid` = 0 OR `touid` = '8' ) AND `id` NOT IN ('6','11','9','15','16','17') LIMIT 1   [ RunTime:0.0002s ]
SQL: SHOW COLUMNS FROM `e_shop` [ RunTime:0.0004s ]
SQL: SELECT COUNT(*) AS tp_count FROM `e_shop` WHERE `starttime` < 1468853405 AND `endtime` > 1468853405 AND `status` = 1 LIMIT 1   [ RunTime:0.0002s ]
SQL: SELECT * FROM `e_shop` WHERE `starttime` < 1468853405 AND `endtime` > 1468853405 AND `status` = 1 ORDER BY `id` desc LIMIT 20   [ RunTime:0.0002s ]
NOTIC: [8] Undefined variable: link_page /Users/minghuang/www/exe/Core/Library/Think/Page.class.php 第 175 行.
NOTIC: [8] Undefined variable: the_first /Users/minghuang/www/exe/Core/Library/Think/Page.class.php 第 192 行.
NOTIC: [8] Undefined variable: the_end /Users/minghuang/www/exe/Core/Library/Think/Page.class.php 第 192 行.
INFO: [ view_parse ] --START--
INFO: [ template_filter ] --START--
INFO: Run Behavior\ContentReplaceBehavior [ RunTime:0.000053s ]
INFO: [ template_filter ] --END-- [ RunTime:0.000088s ]
INFO: Run Behavior\ParseTemplateBehavior [ RunTime:0.005428s ]
INFO: [ view_parse ] --END-- [ RunTime:0.005456s ]
INFO: [ view_filter ] --START--
INFO: Run Behavior\WriteHtmlCacheBehavior [ RunTime:0.000100s ]
INFO: [ view_filter ] --END-- [ RunTime:0.000121s ]
INFO: [ app_end ] --START--
INFO: Run Behavior\ShowPageTraceBehavior [ RunTime:0.000319s ]
INFO: [ app_end ] --END-- [ RunTime:0.000357s ]

[ 2016-07-18T22:50:07+08:00 ] ::1 /index.php/Shop/index.html
INFO: [ app_init ] --START--
INFO: Run Behavior\BuildLiteBehavior [ RunTime:0.000008s ]
INFO: [ app_init ] --END-- [ RunTime:0.000179s ]
INFO: [ app_begin ] --START--
INFO: Run Behavior\ReadHtmlCacheBehavior [ RunTime:0.000235s ]
INFO: [ app_begin ] --END-- [ RunTime:0.000263s ]
NOTIC: [2048] Declaration of Home\Controller\CommonController::save() should be compatible with Common\Controller\BaseController::save($modelName = NULL) /Users/minghuang/www/exe/App/Home/Controller/CommonController.class.php 第 7 行.
NOTIC: [2048] Declaration of Home\Controller\ShopController::condition() should be compatible with Common\Controller\BaseController::condition($where = Array) /Users/minghuang/www/exe/App/Home/Controller/ShopController.class.php 第 8 行.
SQL: SHOW COLUMNS FROM `e_options` [ RunTime:0.0004s ]
SQL: SELECT `option_value` FROM `e_options` WHERE `option_name` = 'web_status' LIMIT 1   [ RunTime:0.0002s ]
SQL: SHOW COLUMNS FROM `e_group` [ RunTime:0.0005s ]
SQL: SELECT * FROM `e_group` WHERE ( integral<=500036 ) ORDER BY integral desc LIMIT 1   [ RunTime:0.0002s ]
SQL: SHOW COLUMNS FROM `e_group` [ RunTime:0.0004s ]
SQL: SELECT * FROM `e_group` WHERE ( integral > 28000 ) LIMIT 1   [ RunTime:0.0002s ]
SQL: SHOW COLUMNS FROM `e_message` [ RunTime:0.0006s ]
SQL: SHOW COLUMNS FROM `e_read` [ RunTime:0.0004s ]
SQL: SELECT `mid` FROM `e_read` WHERE `uid` = 8  [ RunTime:0.0002s ]
SQL: SELECT COUNT(*) AS tp_count FROM `e_message` WHERE `uid` = 0 AND ( `touid` = 0 OR `touid` = '8' ) AND `id` NOT IN ('6','11','9','15','16','17') LIMIT 1   [ RunTime:0.0002s ]
SQL: SHOW COLUMNS FROM `e_shop` [ RunTime:0.0004s ]
SQL: SELECT COUNT(*) AS tp_count FROM `e_shop` WHERE `starttime` < 1468853407 AND `endtime` > 1468853407 AND `status` = 1 LIMIT 1   [ RunTime:0.0002s ]
SQL: SELECT * FROM `e_shop` WHERE `starttime` < 1468853407 AND `endtime` > 1468853407 AND `status` = 1 ORDER BY `id` desc LIMIT 20   [ RunTime:0.0002s ]
NOTIC: [8] Undefined variable: link_page /Users/minghuang/www/exe/Core/Library/Think/Page.class.php 第 175 行.
NOTIC: [8] Undefined variable: the_first /Users/minghuang/www/exe/Core/Library/Think/Page.class.php 第 192 行.
NOTIC: [8] Undefined variable: the_end /Users/minghuang/www/exe/Core/Library/Think/Page.class.php 第 192 行.
INFO: [ view_parse ] --START--
INFO: [ template_filter ] --START--
INFO: Run Behavior\ContentReplaceBehavior [ RunTime:0.000060s ]
INFO: [ template_filter ] --END-- [ RunTime:0.000094s ]
INFO: Run Behavior\ParseTemplateBehavior [ RunTime:0.005205s ]
INFO: [ view_parse ] --END-- [ RunTime:0.005232s ]
INFO: [ view_filter ] --START--
INFO: Run Behavior\WriteHtmlCacheBehavior [ RunTime:0.000106s ]
INFO: [ view_filter ] --END-- [ RunTime:0.000125s ]
INFO: [ app_end ] --START--
INFO: Run Behavior\ShowPageTraceBehavior [ RunTime:0.000328s ]
INFO: [ app_end ] --END-- [ RunTime:0.000365s ]

[ 2016-07-18T22:50:07+08:00 ] ::1 /index.php/Shop/buy/id/1.html
INFO: [ app_init ] --START--
INFO: Run Behavior\BuildLiteBehavior [ RunTime:0.000017s ]
INFO: [ app_init ] --END-- [ RunTime:0.000475s ]
INFO: [ app_begin ] --START--
INFO: Run Behavior\ReadHtmlCacheBehavior [ RunTime:0.000524s ]
INFO: [ app_begin ] --END-- [ RunTime:0.000582s ]
NOTIC: [2048] Declaration of Home\Controller\CommonController::save() should be compatible with Common\Controller\BaseController::save($modelName = NULL) /Users/minghuang/www/exe/App/Home/Controller/CommonController.class.php 第 7 行.
NOTIC: [2048] Declaration of Home\Controller\ShopController::condition() should be compatible with Common\Controller\BaseController::condition($where = Array) /Users/minghuang/www/exe/App/Home/Controller/ShopController.class.php 第 8 行.
SQL: SHOW COLUMNS FROM `e_options` [ RunTime:0.0005s ]
SQL: SELECT `option_value` FROM `e_options` WHERE `option_name` = 'web_status' LIMIT 1   [ RunTime:0.0007s ]
SQL: SHOW COLUMNS FROM `e_group` [ RunTime:0.0009s ]
SQL: SELECT * FROM `e_group` WHERE ( integral<=500036 ) ORDER BY integral desc LIMIT 1   [ RunTime:0.0004s ]
SQL: SHOW COLUMNS FROM `e_group` [ RunTime:0.0010s ]
SQL: SELECT * FROM `e_group` WHERE ( integral > 28000 ) LIMIT 1   [ RunTime:0.0004s ]
SQL: SHOW COLUMNS FROM `e_message` [ RunTime:0.0008s ]
SQL: SHOW COLUMNS FROM `e_read` [ RunTime:0.0010s ]
SQL: SELECT `mid` FROM `e_read` WHERE `uid` = 8  [ RunTime:0.0002s ]
SQL: SELECT COUNT(*) AS tp_count FROM `e_message` WHERE `uid` = 0 AND ( `touid` = 0 OR `touid` = '8' ) AND `id` NOT IN ('6','11','9','15','16','17') LIMIT 1   [ RunTime:0.0004s ]
INFO: [ view_parse ] --START--
INFO: [ template_filter ] --START--
INFO: Run Behavior\ContentReplaceBehavior [ RunTime:0.000037s ]
INFO: [ template_filter ] --END-- [ RunTime:0.000082s ]
INFO: Run Behavior\ParseTemplateBehavior [ RunTime:0.005778s ]
INFO: [ view_parse ] --END-- [ RunTime:0.005832s ]
INFO: [ view_filter ] --START--
INFO: Run Behavior\WriteHtmlCacheBehavior [ RunTime:0.000160s ]
INFO: [ view_filter ] --END-- [ RunTime:0.000192s ]
INFO: [ app_end ] --START--
INFO: Run Behavior\ShowPageTraceBehavior [ RunTime:0.000415s ]
INFO: [ app_end ] --END-- [ RunTime:0.000461s ]

[ 2016-07-18T22:51:47+08:00 ] ::1 /index.php/Index/index.html
INFO: [ app_init ] --START--
INFO: Run Behavior\BuildLiteBehavior [ RunTime:0.000008s ]
INFO: [ app_init ] --END-- [ RunTime:0.000177s ]
INFO: [ app_begin ] --START--
INFO: Run Behavior\ReadHtmlCacheBehavior [ RunTime:0.000226s ]
INFO: [ app_begin ] --END-- [ RunTime:0.000253s ]
NOTIC: [2048] Declaration of Home\Controller\CommonController::save() should be compatible with Common\Controller\BaseController::save($modelName = NULL) /Users/minghuang/www/exe/App/Home/Controller/CommonController.class.php 第 7 行.
SQL: SHOW COLUMNS FROM `e_options` [ RunTime:0.0004s ]
SQL: SELECT `option_value` FROM `e_options` WHERE `option_name` = 'web_status' LIMIT 1   [ RunTime:0.0002s ]
SQL: SHOW COLUMNS FROM `e_group` [ RunTime:0.0004s ]
SQL: SELECT * FROM `e_group` WHERE ( integral<=500036 ) ORDER BY integral desc LIMIT 1   [ RunTime:0.0003s ]
SQL: SHOW COLUMNS FROM `e_group` [ RunTime:0.0004s ]
SQL: SELECT * FROM `e_group` WHERE ( integral > 28000 ) LIMIT 1   [ RunTime:0.0002s ]
SQL: SHOW COLUMNS FROM `e_message` [ RunTime:0.0004s ]
SQL: SHOW COLUMNS FROM `e_read` [ RunTime:0.0004s ]
SQL: SELECT `mid` FROM `e_read` WHERE `uid` = 8  [ RunTime:0.0002s ]
SQL: SELECT COUNT(*) AS tp_count FROM `e_message` WHERE `uid` = 0 AND ( `touid` = 0 OR `touid` = '8' ) AND `id` NOT IN ('6','11','9','15','16','17') LIMIT 1   [ RunTime:0.0002s ]
SQL: SELECT `mid` FROM `e_read` WHERE `uid` = 8  [ RunTime:0.0001s ]
SQL: SELECT * FROM `e_message` WHERE `uid` = 0 AND ( `touid` = 0 OR `touid` = '8' ) AND `id` NOT IN ('6','11','9','15','16','17')  [ RunTime:0.0002s ]
SQL: SHOW COLUMNS FROM `e_days` [ RunTime:0.0003s ]
SQL: SELECT COUNT(*) AS tp_count FROM `e_days` WHERE `addtime` = 1468771201 AND `uid` = 8 LIMIT 1   [ RunTime:0.0002s ]
SQL: SHOW COLUMNS FROM `e_activity` [ RunTime:0.0004s ]
SQL: SELECT * FROM `e_group` WHERE ( integral<=500036 ) ORDER BY integral desc LIMIT 1   [ RunTime:0.0002s ]
SQL: SELECT * FROM `e_activity` WHERE `starttime` < 1468853507 AND `endtime` > 1468853507 AND `status` = 1 AND `integral` < '28000'  [ RunTime:0.0002s ]
INFO: [ view_parse ] --START--
INFO: [ template_filter ] --START--
INFO: Run Behavior\ContentReplaceBehavior [ RunTime:0.000047s ]
INFO: [ template_filter ] --END-- [ RunTime:0.000080s ]
INFO: Run Behavior\ParseTemplateBehavior [ RunTime:0.004687s ]
INFO: [ view_parse ] --END-- [ RunTime:0.004716s ]
INFO: [ view_filter ] --START--
INFO: Run Behavior\WriteHtmlCacheBehavior [ RunTime:0.000101s ]
INFO: [ view_filter ] --END-- [ RunTime:0.000119s ]
INFO: [ app_end ] --START--
INFO: Run Behavior\ShowPageTraceBehavior [ RunTime:0.000299s ]
INFO: [ app_end ] --END-- [ RunTime:0.000325s ]

[ 2016-07-18T22:51:48+08:00 ] ::1 /index.php/Link/index.html
INFO: [ app_init ] --START--
INFO: Run Behavior\BuildLiteBehavior [ RunTime:0.000008s ]
INFO: [ app_init ] --END-- [ RunTime:0.000175s ]
INFO: [ app_begin ] --START--
INFO: Run Behavior\ReadHtmlCacheBehavior [ RunTime:0.000230s ]
INFO: [ app_begin ] --END-- [ RunTime:0.000258s ]
NOTIC: [2048] Declaration of Home\Controller\CommonController::save() should be compatible with Common\Controller\BaseController::save($modelName = NULL) /Users/minghuang/www/exe/App/Home/Controller/CommonController.class.php 第 7 行.
SQL: SHOW COLUMNS FROM `e_options` [ RunTime:0.0004s ]
SQL: SELECT `option_value` FROM `e_options` WHERE `option_name` = 'web_status' LIMIT 1   [ RunTime:0.0002s ]
SQL: SHOW COLUMNS FROM `e_group` [ RunTime:0.0005s ]
SQL: SELECT * FROM `e_group` WHERE ( integral<=500036 ) ORDER BY integral desc LIMIT 1   [ RunTime:0.0003s ]
SQL: SHOW COLUMNS FROM `e_group` [ RunTime:0.0004s ]
SQL: SELECT * FROM `e_group` WHERE ( integral > 28000 ) LIMIT 1   [ RunTime:0.0002s ]
SQL: SHOW COLUMNS FROM `e_message` [ RunTime:0.0007s ]
SQL: SHOW COLUMNS FROM `e_read` [ RunTime:0.0004s ]
SQL: SELECT `mid` FROM `e_read` WHERE `uid` = 8  [ RunTime:0.0002s ]
SQL: SELECT COUNT(*) AS tp_count FROM `e_message` WHERE `uid` = 0 AND ( `touid` = 0 OR `touid` = '8' ) AND `id` NOT IN ('6','11','9','15','16','17') LIMIT 1   [ RunTime:0.0002s ]
SQL: SHOW COLUMNS FROM `e_link` [ RunTime:0.0014s ]
SQL: SELECT * FROM `e_link` WHERE `status` = 1 ORDER BY `order` desc LIMIT 12   [ RunTime:0.0005s ]
INFO: [ view_parse ] --START--
INFO: [ template_filter ] --START--
INFO: Run Behavior\ContentReplaceBehavior [ RunTime:0.000074s ]
INFO: [ template_filter ] --END-- [ RunTime:0.000133s ]
INFO: Run Behavior\ParseTemplateBehavior [ RunTime:0.005487s ]
INFO: [ view_parse ] --END-- [ RunTime:0.005527s ]
INFO: [ view_filter ] --START--
INFO: Run Behavior\WriteHtmlCacheBehavior [ RunTime:0.000178s ]
INFO: [ view_filter ] --END-- [ RunTime:0.000212s ]
INFO: [ app_end ] --START--
INFO: Run Behavior\ShowPageTraceBehavior [ RunTime:0.000416s ]
INFO: [ app_end ] --END-- [ RunTime:0.000469s ]

[ 2016-07-18T22:51:51+08:00 ] ::1 /index.php/Activity/index.html
INFO: [ app_init ] --START--
INFO: Run Behavior\BuildLiteBehavior [ RunTime:0.000011s ]
INFO: [ app_init ] --END-- [ RunTime:0.000235s ]
INFO: [ app_begin ] --START--
INFO: Run Behavior\ReadHtmlCacheBehavior [ RunTime:0.000292s ]
INFO: [ app_begin ] --END-- [ RunTime:0.000399s ]
NOTIC: [2048] Declaration of Home\Controller\CommonController::save() should be compatible with Common\Controller\BaseController::save($modelName = NULL) /Users/minghuang/www/exe/App/Home/Controller/CommonController.class.php 第 7 行.
SQL: SHOW COLUMNS FROM `e_options` [ RunTime:0.0004s ]
SQL: SELECT `option_value` FROM `e_options` WHERE `option_name` = 'web_status' LIMIT 1   [ RunTime:0.0003s ]
SQL: SHOW COLUMNS FROM `e_group` [ RunTime:0.0004s ]
SQL: SELECT * FROM `e_group` WHERE ( integral<=500036 ) ORDER BY integral desc LIMIT 1   [ RunTime:0.0002s ]
SQL: SHOW COLUMNS FROM `e_group` [ RunTime:0.0003s ]
SQL: SELECT * FROM `e_group` WHERE ( integral > 28000 ) LIMIT 1   [ RunTime:0.0002s ]
SQL: SHOW COLUMNS FROM `e_message` [ RunTime:0.0005s ]
SQL: SHOW COLUMNS FROM `e_read` [ RunTime:0.0004s ]
SQL: SELECT `mid` FROM `e_read` WHERE `uid` = 8  [ RunTime:0.0002s ]
SQL: SELECT COUNT(*) AS tp_count FROM `e_message` WHERE `uid` = 0 AND ( `touid` = 0 OR `touid` = '8' ) AND `id` NOT IN ('6','11','9','15','16','17') LIMIT 1   [ RunTime:0.0002s ]
SQL: SHOW COLUMNS FROM `e_activity` [ RunTime:0.0005s ]
SQL: SELECT * FROM `e_activity` WHERE `starttime` < 1468853511 AND `endtime` > 1468853511 AND `status` = 1  [ RunTime:0.0003s ]
INFO: [ view_parse ] --START--
INFO: [ template_filter ] --START--
INFO: Run Behavior\ContentReplaceBehavior [ RunTime:0.000054s ]
INFO: [ template_filter ] --END-- [ RunTime:0.000086s ]
INFO: Run Behavior\ParseTemplateBehavior [ RunTime:0.004969s ]
INFO: [ view_parse ] --END-- [ RunTime:0.005004s ]
INFO: [ view_filter ] --START--
INFO: Run Behavior\WriteHtmlCacheBehavior [ RunTime:0.000124s ]
INFO: [ view_filter ] --END-- [ RunTime:0.000145s ]
INFO: [ app_end ] --START--
INFO: Run Behavior\ShowPageTraceBehavior [ RunTime:0.000300s ]
INFO: [ app_end ] --END-- [ RunTime:0.000326s ]

[ 2016-07-18T22:51:53+08:00 ] ::1 /index.php/Activity/index.html
INFO: [ app_init ] --START--
INFO: Run Behavior\BuildLiteBehavior [ RunTime:0.000008s ]
INFO: [ app_init ] --END-- [ RunTime:0.000167s ]
INFO: [ app_begin ] --START--
INFO: Run Behavior\ReadHtmlCacheBehavior [ RunTime:0.000222s ]
INFO: [ app_begin ] --END-- [ RunTime:0.000249s ]
NOTIC: [2048] Declaration of Home\Controller\CommonController::save() should be compatible with Common\Controller\BaseController::save($modelName = NULL) /Users/minghuang/www/exe/App/Home/Controller/CommonController.class.php 第 7 行.
SQL: SHOW COLUMNS FROM `e_options` [ RunTime:0.0004s ]
SQL: SELECT `option_value` FROM `e_options` WHERE `option_name` = 'web_status' LIMIT 1   [ RunTime:0.0002s ]
SQL: SHOW COLUMNS FROM `e_group` [ RunTime:0.0004s ]
SQL: SELECT * FROM `e_group` WHERE ( integral<=500036 ) ORDER BY integral desc LIMIT 1   [ RunTime:0.0002s ]
SQL: SHOW COLUMNS FROM `e_group` [ RunTime:0.0003s ]
SQL: SELECT * FROM `e_group` WHERE ( integral > 28000 ) LIMIT 1   [ RunTime:0.0002s ]
SQL: SHOW COLUMNS FROM `e_message` [ RunTime:0.0004s ]
SQL: SHOW COLUMNS FROM `e_read` [ RunTime:0.0006s ]
SQL: SELECT `mid` FROM `e_read` WHERE `uid` = 8  [ RunTime:0.0002s ]
SQL: SELECT COUNT(*) AS tp_count FROM `e_message` WHERE `uid` = 0 AND ( `touid` = 0 OR `touid` = '8' ) AND `id` NOT IN ('6','11','9','15','16','17') LIMIT 1   [ RunTime:0.0002s ]
SQL: SHOW COLUMNS FROM `e_activity` [ RunTime:0.0004s ]
SQL: SELECT * FROM `e_activity` WHERE `starttime` < 1468853513 AND `endtime` > 1468853513 AND `status` = 1  [ RunTime:0.0002s ]
INFO: [ view_parse ] --START--
INFO: [ template_filter ] --START--
INFO: Run Behavior\ContentReplaceBehavior [ RunTime:0.000053s ]
INFO: [ template_filter ] --END-- [ RunTime:0.000086s ]
INFO: Run Behavior\ParseTemplateBehavior [ RunTime:0.004646s ]
INFO: [ view_parse ] --END-- [ RunTime:0.004702s ]
INFO: [ view_filter ] --START--
INFO: Run Behavior\WriteHtmlCacheBehavior [ RunTime:0.000100s ]
INFO: [ view_filter ] --END-- [ RunTime:0.000120s ]
INFO: [ app_end ] --START--
INFO: Run Behavior\ShowPageTraceBehavior [ RunTime:0.000427s ]
INFO: [ app_end ] --END-- [ RunTime:0.000485s ]

[ 2016-07-18T22:51:54+08:00 ] ::1 /index.php/Days/index.html
INFO: [ app_init ] --START--
INFO: Run Behavior\BuildLiteBehavior [ RunTime:0.000010s ]
INFO: [ app_init ] --END-- [ RunTime:0.000217s ]
INFO: [ app_begin ] --START--
INFO: Run Behavior\ReadHtmlCacheBehavior [ RunTime:0.000225s ]
INFO: [ app_begin ] --END-- [ RunTime:0.000252s ]
NOTIC: [2048] Declaration of Home\Controller\CommonController::save() should be compatible with Common\Controller\BaseController::save($modelName = NULL) /Users/minghuang/www/exe/App/Home/Controller/CommonController.class.php 第 7 行.
SQL: SHOW COLUMNS FROM `e_options` [ RunTime:0.0005s ]
SQL: SELECT `option_value` FROM `e_options` WHERE `option_name` = 'web_status' LIMIT 1   [ RunTime:0.0002s ]
SQL: SHOW COLUMNS FROM `e_group` [ RunTime:0.0005s ]
SQL: SELECT * FROM `e_group` WHERE ( integral<=500036 ) ORDER BY integral desc LIMIT 1   [ RunTime:0.0003s ]
SQL: SHOW COLUMNS FROM `e_group` [ RunTime:0.0004s ]
SQL: SELECT * FROM `e_group` WHERE ( integral > 28000 ) LIMIT 1   [ RunTime:0.0002s ]
SQL: SHOW COLUMNS FROM `e_message` [ RunTime:0.0005s ]
SQL: SHOW COLUMNS FROM `e_read` [ RunTime:0.0004s ]
SQL: SELECT `mid` FROM `e_read` WHERE `uid` = 8  [ RunTime:0.0003s ]
SQL: SELECT COUNT(*) AS tp_count FROM `e_message` WHERE `uid` = 0 AND ( `touid` = 0 OR `touid` = '8' ) AND `id` NOT IN ('6','11','9','15','16','17') LIMIT 1   [ RunTime:0.0002s ]
SQL: SHOW COLUMNS FROM `e_days` [ RunTime:0.0004s ]
SQL: SELECT COUNT(*) AS tp_count FROM `e_days` WHERE `uid` = 8 LIMIT 1   [ RunTime:0.0002s ]
SQL: SHOW COLUMNS FROM `e_days` [ RunTime:0.0002s ]
SQL: SELECT * FROM `e_days` WHERE `addtime` = 1468771201 ORDER BY addtime desc LIMIT 10   [ RunTime:0.0001s ]
SQL: SELECT COUNT(`id`) num,`uid` FROM `e_days` GROUP BY `uid` ORDER BY num desc LIMIT 10   [ RunTime:0.0016s ]
SQL: SELECT COUNT(*) AS tp_count FROM `e_days` LIMIT 1   [ RunTime:0.0002s ]
SQL: SELECT COUNT(*) AS tp_count FROM `e_days` WHERE `addtime` = 1468771201 AND `uid` = 8 LIMIT 1   [ RunTime:0.0002s ]
INFO: [ view_parse ] --START--
INFO: [ template_filter ] --START--
INFO: Run Behavior\ContentReplaceBehavior [ RunTime:0.000067s ]
INFO: [ template_filter ] --END-- [ RunTime:0.000102s ]
SQL: SELECT `option_value` FROM `e_options` WHERE `option_name` = 'day_rank' LIMIT 1   [ RunTime:0.0003s ]
SQL: SHOW COLUMNS FROM `e_user` [ RunTime:0.0005s ]
SQL: SELECT `username` FROM `e_user` WHERE `id` = 6 LIMIT 1   [ RunTime:0.0001s ]
SQL: SELECT `username` FROM `e_user` WHERE `id` = 8 LIMIT 1   [ RunTime:0.0001s ]
SQL: SELECT `username` FROM `e_user` WHERE `id` = 7 LIMIT 1   [ RunTime:0.0001s ]
SQL: SELECT `username` FROM `e_user` WHERE `id` = 9 LIMIT 1   [ RunTime:0.0001s ]
INFO: Run Behavior\ParseTemplateBehavior [ RunTime:0.008224s ]
INFO: [ view_parse ] --END-- [ RunTime:0.008249s ]
INFO: [ view_filter ] --START--
INFO: Run Behavior\WriteHtmlCacheBehavior [ RunTime:0.000142s ]
INFO: [ view_filter ] --END-- [ RunTime:0.000163s ]
INFO: [ app_end ] --START--
INFO: Run Behavior\ShowPageTraceBehavior [ RunTime:0.000329s ]
INFO: [ app_end ] --END-- [ RunTime:0.000357s ]

[ 2016-07-18T22:51:56+08:00 ] ::1 /index.php/Days/sign.html
INFO: [ app_init ] --START--
INFO: Run Behavior\BuildLiteBehavior [ RunTime:0.000013s ]
INFO: [ app_init ] --END-- [ RunTime:0.000287s ]
INFO: [ app_begin ] --START--
INFO: Run Behavior\ReadHtmlCacheBehavior [ RunTime:0.000413s ]
INFO: [ app_begin ] --END-- [ RunTime:0.000459s ]
NOTIC: [2048] Declaration of Home\Controller\CommonController::save() should be compatible with Common\Controller\BaseController::save($modelName = NULL) /Users/minghuang/www/exe/App/Home/Controller/CommonController.class.php 第 7 行.
SQL: SHOW COLUMNS FROM `e_options` [ RunTime:0.0006s ]
SQL: SELECT `option_value` FROM `e_options` WHERE `option_name` = 'web_status' LIMIT 1   [ RunTime:0.0002s ]
SQL: SHOW COLUMNS FROM `e_group` [ RunTime:0.0006s ]
SQL: SELECT * FROM `e_group` WHERE ( integral<=500036 ) ORDER BY integral desc LIMIT 1   [ RunTime:0.0004s ]
SQL: SHOW COLUMNS FROM `e_group` [ RunTime:0.0006s ]
SQL: SELECT * FROM `e_group` WHERE ( integral > 28000 ) LIMIT 1   [ RunTime:0.0002s ]
SQL: SHOW COLUMNS FROM `e_message` [ RunTime:0.0006s ]
SQL: SHOW COLUMNS FROM `e_read` [ RunTime:0.0006s ]
SQL: SELECT `mid` FROM `e_read` WHERE `uid` = 8  [ RunTime:0.0003s ]
SQL: SELECT COUNT(*) AS tp_count FROM `e_message` WHERE `uid` = 0 AND ( `touid` = 0 OR `touid` = '8' ) AND `id` NOT IN ('6','11','9','15','16','17') LIMIT 1   [ RunTime:0.0004s ]
SQL: SHOW COLUMNS FROM `e_days` [ RunTime:0.0009s ]
SQL: SELECT COUNT(*) AS tp_count FROM `e_days` WHERE `addtime` = 1468771201 AND `uid` = 8 LIMIT 1   [ RunTime:0.0005s ]
SQL: INSERT INTO `e_days` (`addtime`,`uid`) VALUES ('1468771201','8') [ RunTime:0.0004s ]
SQL: SHOW COLUMNS FROM `e_user` [ RunTime:0.0009s ]
SQL: UPDATE `e_user` SET `level`=level+2 WHERE `id` = 8 [ RunTime:0.0010s ]

[ 2016-07-18T22:51:59+08:00 ] ::1 /index.php/Days/index.html
INFO: [ app_init ] --START--
INFO: Run Behavior\BuildLiteBehavior [ RunTime:0.000008s ]
INFO: [ app_init ] --END-- [ RunTime:0.000177s ]
INFO: [ app_begin ] --START--
INFO: Run Behavior\ReadHtmlCacheBehavior [ RunTime:0.000243s ]
INFO: [ app_begin ] --END-- [ RunTime:0.000268s ]
NOTIC: [2048] Declaration of Home\Controller\CommonController::save() should be compatible with Common\Controller\BaseController::save($modelName = NULL) /Users/minghuang/www/exe/App/Home/Controller/CommonController.class.php 第 7 行.
SQL: SHOW COLUMNS FROM `e_options` [ RunTime:0.0005s ]
SQL: SELECT `option_value` FROM `e_options` WHERE `option_name` = 'web_status' LIMIT 1   [ RunTime:0.0003s ]
SQL: SHOW COLUMNS FROM `e_group` [ RunTime:0.0006s ]
SQL: SELECT * FROM `e_group` WHERE ( integral<=500038 ) ORDER BY integral desc LIMIT 1   [ RunTime:0.0003s ]
SQL: SHOW COLUMNS FROM `e_group` [ RunTime:0.0003s ]
SQL: SELECT * FROM `e_group` WHERE ( integral > 28000 ) LIMIT 1   [ RunTime:0.0002s ]
SQL: SHOW COLUMNS FROM `e_message` [ RunTime:0.0004s ]
SQL: SHOW COLUMNS FROM `e_read` [ RunTime:0.0004s ]
SQL: SELECT `mid` FROM `e_read` WHERE `uid` = 8  [ RunTime:0.0002s ]
SQL: SELECT COUNT(*) AS tp_count FROM `e_message` WHERE `uid` = 0 AND ( `touid` = 0 OR `touid` = '8' ) AND `id` NOT IN ('6','11','9','15','16','17') LIMIT 1   [ RunTime:0.0002s ]
SQL: SHOW COLUMNS FROM `e_days` [ RunTime:0.0004s ]
SQL: SELECT COUNT(*) AS tp_count FROM `e_days` WHERE `uid` = 8 LIMIT 1   [ RunTime:0.0002s ]
SQL: SHOW COLUMNS FROM `e_days` [ RunTime:0.0003s ]
SQL: SELECT * FROM `e_days` WHERE `addtime` = 1468771201 ORDER BY addtime desc LIMIT 10   [ RunTime:0.0001s ]
SQL: SELECT COUNT(`id`) num,`uid` FROM `e_days` GROUP BY `uid` ORDER BY num desc LIMIT 10   [ RunTime:0.0002s ]
SQL: SELECT COUNT(*) AS tp_count FROM `e_days` LIMIT 1   [ RunTime:0.0001s ]
SQL: SELECT COUNT(*) AS tp_count FROM `e_days` WHERE `addtime` = 1468771201 AND `uid` = 8 LIMIT 1   [ RunTime:0.0001s ]
INFO: [ view_parse ] --START--
INFO: [ template_filter ] --START--
INFO: Run Behavior\ContentReplaceBehavior [ RunTime:0.000057s ]
INFO: [ template_filter ] --END-- [ RunTime:0.000087s ]
SQL: SELECT `option_value` FROM `e_options` WHERE `option_name` = 'day_rank' LIMIT 1   [ RunTime:0.0003s ]
SQL: SHOW COLUMNS FROM `e_user` [ RunTime:0.0006s ]
SQL: SELECT `username` FROM `e_user` WHERE `id` = 8 LIMIT 1   [ RunTime:0.0002s ]
SQL: SELECT COUNT(*) AS tp_count FROM `e_days` WHERE `uid` = 8 LIMIT 1   [ RunTime:0.0002s ]
SQL: SELECT `username` FROM `e_user` WHERE `id` = 6 LIMIT 1   [ RunTime:0.0002s ]
SQL: SELECT `username` FROM `e_user` WHERE `id` = 8 LIMIT 1   [ RunTime:0.0002s ]
SQL: SELECT `username` FROM `e_user` WHERE `id` = 7 LIMIT 1   [ RunTime:0.0002s ]
SQL: SELECT `username` FROM `e_user` WHERE `id` = 9 LIMIT 1   [ RunTime:0.0002s ]
INFO: Run Behavior\ParseTemplateBehavior [ RunTime:0.008882s ]
INFO: [ view_parse ] --END-- [ RunTime:0.008917s ]
INFO: [ view_filter ] --START--
INFO: Run Behavior\WriteHtmlCacheBehavior [ RunTime:0.000146s ]
INFO: [ view_filter ] --END-- [ RunTime:0.000170s ]
INFO: [ app_end ] --START--
INFO: Run Behavior\ShowPageTraceBehavior [ RunTime:0.000374s ]
INFO: [ app_end ] --END-- [ RunTime:0.000401s ]

[ 2016-07-18T22:52:01+08:00 ] ::1 /index.php/Days/index.html
INFO: [ app_init ] --START--
INFO: Run Behavior\BuildLiteBehavior [ RunTime:0.000008s ]
INFO: [ app_init ] --END-- [ RunTime:0.000185s ]
INFO: [ app_begin ] --START--
INFO: Run Behavior\ReadHtmlCacheBehavior [ RunTime:0.000217s ]
INFO: [ app_begin ] --END-- [ RunTime:0.000243s ]
NOTIC: [2048] Declaration of Home\Controller\CommonController::save() should be compatible with Common\Controller\BaseController::save($modelName = NULL) /Users/minghuang/www/exe/App/Home/Controller/CommonController.class.php 第 7 行.
SQL: SHOW COLUMNS FROM `e_options` [ RunTime:0.0004s ]
SQL: SELECT `option_value` FROM `e_options` WHERE `option_name` = 'web_status' LIMIT 1   [ RunTime:0.0002s ]
SQL: SHOW COLUMNS FROM `e_group` [ RunTime:0.0004s ]
SQL: SELECT * FROM `e_group` WHERE ( integral<=500038 ) ORDER BY integral desc LIMIT 1   [ RunTime:0.0002s ]
SQL: SHOW COLUMNS FROM `e_group` [ RunTime:0.0005s ]
SQL: SELECT * FROM `e_group` WHERE ( integral > 28000 ) LIMIT 1   [ RunTime:0.0002s ]
SQL: SHOW COLUMNS FROM `e_message` [ RunTime:0.0005s ]
SQL: SHOW COLUMNS FROM `e_read` [ RunTime:0.0004s ]
SQL: SELECT `mid` FROM `e_read` WHERE `uid` = 8  [ RunTime:0.0003s ]
SQL: SELECT COUNT(*) AS tp_count FROM `e_message` WHERE `uid` = 0 AND ( `touid` = 0 OR `touid` = '8' ) AND `id` NOT IN ('6','11','9','15','16','17') LIMIT 1   [ RunTime:0.0003s ]
SQL: SHOW COLUMNS FROM `e_days` [ RunTime:0.0004s ]
SQL: SELECT COUNT(*) AS tp_count FROM `e_days` WHERE `uid` = 8 LIMIT 1   [ RunTime:0.0002s ]
SQL: SHOW COLUMNS FROM `e_days` [ RunTime:0.0003s ]
SQL: SELECT * FROM `e_days` WHERE `addtime` = 1468771201 ORDER BY addtime desc LIMIT 10   [ RunTime:0.0001s ]
SQL: SELECT COUNT(`id`) num,`uid` FROM `e_days` GROUP BY `uid` ORDER BY num desc LIMIT 10   [ RunTime:0.0002s ]
SQL: SELECT COUNT(*) AS tp_count FROM `e_days` LIMIT 1   [ RunTime:0.0001s ]
SQL: SELECT COUNT(*) AS tp_count FROM `e_days` WHERE `addtime` = 1468771201 AND `uid` = 8 LIMIT 1   [ RunTime:0.0001s ]
INFO: [ view_parse ] --START--
INFO: [ template_filter ] --START--
INFO: Run Behavior\ContentReplaceBehavior [ RunTime:0.000115s ]
INFO: [ template_filter ] --END-- [ RunTime:0.000207s ]
SQL: SELECT `option_value` FROM `e_options` WHERE `option_name` = 'day_rank' LIMIT 1   [ RunTime:0.0003s ]
SQL: SHOW COLUMNS FROM `e_user` [ RunTime:0.0007s ]
SQL: SELECT `username` FROM `e_user` WHERE `id` = 8 LIMIT 1   [ RunTime:0.0002s ]
SQL: SELECT COUNT(*) AS tp_count FROM `e_days` WHERE `uid` = 8 LIMIT 1   [ RunTime:0.0001s ]
SQL: SELECT `username` FROM `e_user` WHERE `id` = 6 LIMIT 1   [ RunTime:0.0001s ]
SQL: SELECT `username` FROM `e_user` WHERE `id` = 8 LIMIT 1   [ RunTime:0.0001s ]
SQL: SELECT `username` FROM `e_user` WHERE `id` = 7 LIMIT 1   [ RunTime:0.0001s ]
SQL: SELECT `username` FROM `e_user` WHERE `id` = 9 LIMIT 1   [ RunTime:0.0001s ]
INFO: Run Behavior\ParseTemplateBehavior [ RunTime:0.008974s ]
INFO: [ view_parse ] --END-- [ RunTime:0.008997s ]
INFO: [ view_filter ] --START--
INFO: Run Behavior\WriteHtmlCacheBehavior [ RunTime:0.000141s ]
INFO: [ view_filter ] --END-- [ RunTime:0.000161s ]
INFO: [ app_end ] --START--
INFO: Run Behavior\ShowPageTraceBehavior [ RunTime:0.000369s ]
INFO: [ app_end ] --END-- [ RunTime:0.000433s ]

[ 2016-07-18T22:52:01+08:00 ] ::1 /index.php/Days/index.html
INFO: [ app_init ] --START--
INFO: Run Behavior\BuildLiteBehavior [ RunTime:0.000009s ]
INFO: [ app_init ] --END-- [ RunTime:0.000183s ]
INFO: [ app_begin ] --START--
INFO: Run Behavior\ReadHtmlCacheBehavior [ RunTime:0.000236s ]
INFO: [ app_begin ] --END-- [ RunTime:0.000264s ]
NOTIC: [2048] Declaration of Home\Controller\CommonController::save() should be compatible with Common\Controller\BaseController::save($modelName = NULL) /Users/minghuang/www/exe/App/Home/Controller/CommonController.class.php 第 7 行.
SQL: SHOW COLUMNS FROM `e_options` [ RunTime:0.0003s ]
SQL: SELECT `option_value` FROM `e_options` WHERE `option_name` = 'web_status' LIMIT 1   [ RunTime:0.0002s ]
SQL: SHOW COLUMNS FROM `e_group` [ RunTime:0.0004s ]
SQL: SELECT * FROM `e_group` WHERE ( integral<=500038 ) ORDER BY integral desc LIMIT 1   [ RunTime:0.0002s ]
SQL: SHOW COLUMNS FROM `e_group` [ RunTime:0.0003s ]
SQL: SELECT * FROM `e_group` WHERE ( integral > 28000 ) LIMIT 1   [ RunTime:0.0002s ]
SQL: SHOW COLUMNS FROM `e_message` [ RunTime:0.0004s ]
SQL: SHOW COLUMNS FROM `e_read` [ RunTime:0.0004s ]
SQL: SELECT `mid` FROM `e_read` WHERE `uid` = 8  [ RunTime:0.0003s ]
SQL: SELECT COUNT(*) AS tp_count FROM `e_message` WHERE `uid` = 0 AND ( `touid` = 0 OR `touid` = '8' ) AND `id` NOT IN ('6','11','9','15','16','17') LIMIT 1   [ RunTime:0.0003s ]
SQL: SHOW COLUMNS FROM `e_days` [ RunTime:0.0005s ]
SQL: SELECT COUNT(*) AS tp_count FROM `e_days` WHERE `uid` = 8 LIMIT 1   [ RunTime:0.0002s ]
SQL: SHOW COLUMNS FROM `e_days` [ RunTime:0.0003s ]
SQL: SELECT * FROM `e_days` WHERE `addtime` = 1468771201 ORDER BY addtime desc LIMIT 10   [ RunTime:0.0001s ]
SQL: SELECT COUNT(`id`) num,`uid` FROM `e_days` GROUP BY `uid` ORDER BY num desc LIMIT 10   [ RunTime:0.0002s ]
SQL: SELECT COUNT(*) AS tp_count FROM `e_days` LIMIT 1   [ RunTime:0.0001s ]
SQL: SELECT COUNT(*) AS tp_count FROM `e_days` WHERE `addtime` = 1468771201 AND `uid` = 8 LIMIT 1   [ RunTime:0.0001s ]
INFO: [ view_parse ] --START--
INFO: [ template_filter ] --START--
INFO: Run Behavior\ContentReplaceBehavior [ RunTime:0.000078s ]
INFO: [ template_filter ] --END-- [ RunTime:0.000137s ]
SQL: SELECT `option_value` FROM `e_options` WHERE `option_name` = 'day_rank' LIMIT 1   [ RunTime:0.0002s ]
SQL: SHOW COLUMNS FROM `e_user` [ RunTime:0.0005s ]
SQL: SELECT `username` FROM `e_user` WHERE `id` = 8 LIMIT 1   [ RunTime:0.0002s ]
SQL: SELECT COUNT(*) AS tp_count FROM `e_days` WHERE `uid` = 8 LIMIT 1   [ RunTime:0.0002s ]
SQL: SELECT `username` FROM `e_user` WHERE `id` = 6 LIMIT 1   [ RunTime:0.0002s ]
SQL: SELECT `username` FROM `e_user` WHERE `id` = 8 LIMIT 1   [ RunTime:0.0001s ]
SQL: SELECT `username` FROM `e_user` WHERE `id` = 7 LIMIT 1   [ RunTime:0.0001s ]
SQL: SELECT `username` FROM `e_user` WHERE `id` = 9 LIMIT 1   [ RunTime:0.0001s ]
INFO: Run Behavior\ParseTemplateBehavior [ RunTime:0.008682s ]
INFO: [ view_parse ] --END-- [ RunTime:0.008705s ]
INFO: [ view_filter ] --START--
INFO: Run Behavior\WriteHtmlCacheBehavior [ RunTime:0.000142s ]
INFO: [ view_filter ] --END-- [ RunTime:0.000162s ]
INFO: [ app_end ] --START--
INFO: Run Behavior\ShowPageTraceBehavior [ RunTime:0.000309s ]
INFO: [ app_end ] --END-- [ RunTime:0.000507s ]

[ 2016-07-18T22:52:01+08:00 ] ::1 /index.php/Days/index.html
INFO: [ app_init ] --START--
INFO: Run Behavior\BuildLiteBehavior [ RunTime:0.000008s ]
INFO: [ app_init ] --END-- [ RunTime:0.000178s ]
INFO: [ app_begin ] --START--
INFO: Run Behavior\ReadHtmlCacheBehavior [ RunTime:0.000223s ]
INFO: [ app_begin ] --END-- [ RunTime:0.000250s ]
NOTIC: [2048] Declaration of Home\Controller\CommonController::save() should be compatible with Common\Controller\BaseController::save($modelName = NULL) /Users/minghuang/www/exe/App/Home/Controller/CommonController.class.php 第 7 行.
SQL: SHOW COLUMNS FROM `e_options` [ RunTime:0.0003s ]
SQL: SELECT `option_value` FROM `e_options` WHERE `option_name` = 'web_status' LIMIT 1   [ RunTime:0.0002s ]
SQL: SHOW COLUMNS FROM `e_group` [ RunTime:0.0004s ]
SQL: SELECT * FROM `e_group` WHERE ( integral<=500038 ) ORDER BY integral desc LIMIT 1   [ RunTime:0.0002s ]
SQL: SHOW COLUMNS FROM `e_group` [ RunTime:0.0003s ]
SQL: SELECT * FROM `e_group` WHERE ( integral > 28000 ) LIMIT 1   [ RunTime:0.0002s ]
SQL: SHOW COLUMNS FROM `e_message` [ RunTime:0.0004s ]
SQL: SHOW COLUMNS FROM `e_read` [ RunTime:0.0003s ]
SQL: SELECT `mid` FROM `e_read` WHERE `uid` = 8  [ RunTime:0.0002s ]
SQL: SELECT COUNT(*) AS tp_count FROM `e_message` WHERE `uid` = 0 AND ( `touid` = 0 OR `touid` = '8' ) AND `id` NOT IN ('6','11','9','15','16','17') LIMIT 1   [ RunTime:0.0002s ]
SQL: SHOW COLUMNS FROM `e_days` [ RunTime:0.0004s ]
SQL: SELECT COUNT(*) AS tp_count FROM `e_days` WHERE `uid` = 8 LIMIT 1   [ RunTime:0.0002s ]
SQL: SHOW COLUMNS FROM `e_days` [ RunTime:0.0003s ]
SQL: SELECT * FROM `e_days` WHERE `addtime` = 1468771201 ORDER BY addtime desc LIMIT 10   [ RunTime:0.0002s ]
SQL: SELECT COUNT(`id`) num,`uid` FROM `e_days` GROUP BY `uid` ORDER BY num desc LIMIT 10   [ RunTime:0.0002s ]
SQL: SELECT COUNT(*) AS tp_count FROM `e_days` LIMIT 1   [ RunTime:0.0001s ]
SQL: SELECT COUNT(*) AS tp_count FROM `e_days` WHERE `addtime` = 1468771201 AND `uid` = 8 LIMIT 1   [ RunTime:0.0002s ]
INFO: [ view_parse ] --START--
INFO: [ template_filter ] --START--
INFO: Run Behavior\ContentReplaceBehavior [ RunTime:0.000057s ]
INFO: [ template_filter ] --END-- [ RunTime:0.000091s ]
SQL: SELECT `option_value` FROM `e_options` WHERE `option_name` = 'day_rank' LIMIT 1   [ RunTime:0.0002s ]
SQL: SHOW COLUMNS FROM `e_user` [ RunTime:0.0005s ]
SQL: SELECT `username` FROM `e_user` WHERE `id` = 8 LIMIT 1   [ RunTime:0.0002s ]
SQL: SELECT COUNT(*) AS tp_count FROM `e_days` WHERE `uid` = 8 LIMIT 1   [ RunTime:0.0002s ]
SQL: SELECT `username` FROM `e_user` WHERE `id` = 6 LIMIT 1   [ RunTime:0.0002s ]
SQL: SELECT `username` FROM `e_user` WHERE `id` = 8 LIMIT 1   [ RunTime:0.0002s ]
SQL: SELECT `username` FROM `e_user` WHERE `id` = 7 LIMIT 1   [ RunTime:0.0001s ]
SQL: SELECT `username` FROM `e_user` WHERE `id` = 9 LIMIT 1   [ RunTime:0.0001s ]
INFO: Run Behavior\ParseTemplateBehavior [ RunTime:0.008667s ]
INFO: [ view_parse ] --END-- [ RunTime:0.008700s ]
INFO: [ view_filter ] --START--
INFO: Run Behavior\WriteHtmlCacheBehavior [ RunTime:0.000159s ]
INFO: [ view_filter ] --END-- [ RunTime:0.000192s ]
INFO: [ app_end ] --START--
INFO: Run Behavior\ShowPageTraceBehavior [ RunTime:0.000396s ]
INFO: [ app_end ] --END-- [ RunTime:0.000442s ]

[ 2016-07-18T22:52:02+08:00 ] ::1 /index.php/Days/index.html
INFO: [ app_init ] --START--
INFO: Run Behavior\BuildLiteBehavior [ RunTime:0.000008s ]
INFO: [ app_init ] --END-- [ RunTime:0.000181s ]
INFO: [ app_begin ] --START--
INFO: Run Behavior\ReadHtmlCacheBehavior [ RunTime:0.000243s ]
INFO: [ app_begin ] --END-- [ RunTime:0.000273s ]
NOTIC: [2048] Declaration of Home\Controller\CommonController::save() should be compatible with Common\Controller\BaseController::save($modelName = NULL) /Users/minghuang/www/exe/App/Home/Controller/CommonController.class.php 第 7 行.
SQL: SHOW COLUMNS FROM `e_options` [ RunTime:0.0003s ]
SQL: SELECT `option_value` FROM `e_options` WHERE `option_name` = 'web_status' LIMIT 1   [ RunTime:0.0002s ]
SQL: SHOW COLUMNS FROM `e_group` [ RunTime:0.0005s ]
SQL: SELECT * FROM `e_group` WHERE ( integral<=500038 ) ORDER BY integral desc LIMIT 1   [ RunTime:0.0002s ]
SQL: SHOW COLUMNS FROM `e_group` [ RunTime:0.0003s ]
SQL: SELECT * FROM `e_group` WHERE ( integral > 28000 ) LIMIT 1   [ RunTime:0.0002s ]
SQL: SHOW COLUMNS FROM `e_message` [ RunTime:0.0005s ]
SQL: SHOW COLUMNS FROM `e_read` [ RunTime:0.0004s ]
SQL: SELECT `mid` FROM `e_read` WHERE `uid` = 8  [ RunTime:0.0002s ]
SQL: SELECT COUNT(*) AS tp_count FROM `e_message` WHERE `uid` = 0 AND ( `touid` = 0 OR `touid` = '8' ) AND `id` NOT IN ('6','11','9','15','16','17') LIMIT 1   [ RunTime:0.0002s ]
SQL: SHOW COLUMNS FROM `e_days` [ RunTime:0.0004s ]
SQL: SELECT COUNT(*) AS tp_count FROM `e_days` WHERE `uid` = 8 LIMIT 1   [ RunTime:0.0001s ]
SQL: SHOW COLUMNS FROM `e_days` [ RunTime:0.0002s ]
SQL: SELECT * FROM `e_days` WHERE `addtime` = 1468771201 ORDER BY addtime desc LIMIT 10   [ RunTime:0.0001s ]
SQL: SELECT COUNT(`id`) num,`uid` FROM `e_days` GROUP BY `uid` ORDER BY num desc LIMIT 10   [ RunTime:0.0002s ]
SQL: SELECT COUNT(*) AS tp_count FROM `e_days` LIMIT 1   [ RunTime:0.0001s ]
SQL: SELECT COUNT(*) AS tp_count FROM `e_days` WHERE `addtime` = 1468771201 AND `uid` = 8 LIMIT 1   [ RunTime:0.0001s ]
INFO: [ view_parse ] --START--
INFO: [ template_filter ] --START--
INFO: Run Behavior\ContentReplaceBehavior [ RunTime:0.000058s ]
INFO: [ template_filter ] --END-- [ RunTime:0.000089s ]
SQL: SELECT `option_value` FROM `e_options` WHERE `option_name` = 'day_rank' LIMIT 1   [ RunTime:0.0003s ]
SQL: SHOW COLUMNS FROM `e_user` [ RunTime:0.0004s ]
SQL: SELECT `username` FROM `e_user` WHERE `id` = 8 LIMIT 1   [ RunTime:0.0002s ]
SQL: SELECT COUNT(*) AS tp_count FROM `e_days` WHERE `uid` = 8 LIMIT 1   [ RunTime:0.0001s ]
SQL: SELECT `username` FROM `e_user` WHERE `id` = 6 LIMIT 1   [ RunTime:0.0001s ]
SQL: SELECT `username` FROM `e_user` WHERE `id` = 8 LIMIT 1   [ RunTime:0.0001s ]
SQL: SELECT `username` FROM `e_user` WHERE `id` = 7 LIMIT 1   [ RunTime:0.0001s ]
SQL: SELECT `username` FROM `e_user` WHERE `id` = 9 LIMIT 1   [ RunTime:0.0001s ]
INFO: Run Behavior\ParseTemplateBehavior [ RunTime:0.007868s ]
INFO: [ view_parse ] --END-- [ RunTime:0.007893s ]
INFO: [ view_filter ] --START--
INFO: Run Behavior\WriteHtmlCacheBehavior [ RunTime:0.000141s ]
INFO: [ view_filter ] --END-- [ RunTime:0.000161s ]
INFO: [ app_end ] --START--
INFO: Run Behavior\ShowPageTraceBehavior [ RunTime:0.000327s ]
INFO: [ app_end ] --END-- [ RunTime:0.000355s ]

[ 2016-07-18T22:52:02+08:00 ] ::1 /index.php/Days/index.html
INFO: [ app_init ] --START--
INFO: Run Behavior\BuildLiteBehavior [ RunTime:0.000008s ]
INFO: [ app_init ] --END-- [ RunTime:0.000171s ]
INFO: [ app_begin ] --START--
INFO: Run Behavior\ReadHtmlCacheBehavior [ RunTime:0.000219s ]
INFO: [ app_begin ] --END-- [ RunTime:0.000247s ]
NOTIC: [2048] Declaration of Home\Controller\CommonController::save() should be compatible with Common\Controller\BaseController::save($modelName = NULL) /Users/minghuang/www/exe/App/Home/Controller/CommonController.class.php 第 7 行.
SQL: SHOW COLUMNS FROM `e_options` [ RunTime:0.0005s ]
SQL: SELECT `option_value` FROM `e_options` WHERE `option_name` = 'web_status' LIMIT 1   [ RunTime:0.0002s ]
SQL: SHOW COLUMNS FROM `e_group` [ RunTime:0.0003s ]
SQL: SELECT * FROM `e_group` WHERE ( integral<=500038 ) ORDER BY integral desc LIMIT 1   [ RunTime:0.0002s ]
SQL: SHOW COLUMNS FROM `e_group` [ RunTime:0.0003s ]
SQL: SELECT * FROM `e_group` WHERE ( integral > 28000 ) LIMIT 1   [ RunTime:0.0002s ]
SQL: SHOW COLUMNS FROM `e_message` [ RunTime:0.0003s ]
SQL: SHOW COLUMNS FROM `e_read` [ RunTime:0.0006s ]
SQL: SELECT `mid` FROM `e_read` WHERE `uid` = 8  [ RunTime:0.0002s ]
SQL: SELECT COUNT(*) AS tp_count FROM `e_message` WHERE `uid` = 0 AND ( `touid` = 0 OR `touid` = '8' ) AND `id` NOT IN ('6','11','9','15','16','17') LIMIT 1   [ RunTime:0.0002s ]
SQL: SHOW COLUMNS FROM `e_days` [ RunTime:0.0003s ]
SQL: SELECT COUNT(*) AS tp_count FROM `e_days` WHERE `uid` = 8 LIMIT 1   [ RunTime:0.0001s ]
SQL: SHOW COLUMNS FROM `e_days` [ RunTime:0.0002s ]
SQL: SELECT * FROM `e_days` WHERE `addtime` = 1468771201 ORDER BY addtime desc LIMIT 10   [ RunTime:0.0001s ]
SQL: SELECT COUNT(`id`) num,`uid` FROM `e_days` GROUP BY `uid` ORDER BY num desc LIMIT 10   [ RunTime:0.0002s ]
SQL: SELECT COUNT(*) AS tp_count FROM `e_days` LIMIT 1   [ RunTime:0.0001s ]
SQL: SELECT COUNT(*) AS tp_count FROM `e_days` WHERE `addtime` = 1468771201 AND `uid` = 8 LIMIT 1   [ RunTime:0.0001s ]
INFO: [ view_parse ] --START--
INFO: [ template_filter ] --START--
INFO: Run Behavior\ContentReplaceBehavior [ RunTime:0.000066s ]
INFO: [ template_filter ] --END-- [ RunTime:0.000103s ]
SQL: SELECT `option_value` FROM `e_options` WHERE `option_name` = 'day_rank' LIMIT 1   [ RunTime:0.0003s ]
SQL: SHOW COLUMNS FROM `e_user` [ RunTime:0.0005s ]
SQL: SELECT `username` FROM `e_user` WHERE `id` = 8 LIMIT 1   [ RunTime:0.0002s ]
SQL: SELECT COUNT(*) AS tp_count FROM `e_days` WHERE `uid` = 8 LIMIT 1   [ RunTime:0.0001s ]
SQL: SELECT `username` FROM `e_user` WHERE `id` = 6 LIMIT 1   [ RunTime:0.0001s ]
SQL: SELECT `username` FROM `e_user` WHERE `id` = 8 LIMIT 1   [ RunTime:0.0001s ]
SQL: SELECT `username` FROM `e_user` WHERE `id` = 7 LIMIT 1   [ RunTime:0.0001s ]
SQL: SELECT `username` FROM `e_user` WHERE `id` = 9 LIMIT 1   [ RunTime:0.0001s ]
INFO: Run Behavior\ParseTemplateBehavior [ RunTime:0.009690s ]
INFO: [ view_parse ] --END-- [ RunTime:0.009714s ]
INFO: [ view_filter ] --START--
INFO: Run Behavior\WriteHtmlCacheBehavior [ RunTime:0.000143s ]
INFO: [ view_filter ] --END-- [ RunTime:0.000165s ]
INFO: [ app_end ] --START--
INFO: Run Behavior\ShowPageTraceBehavior [ RunTime:0.000322s ]
INFO: [ app_end ] --END-- [ RunTime:0.000351s ]

[ 2016-07-18T22:52:02+08:00 ] ::1 /index.php/Days/index.html
INFO: [ app_init ] --START--
INFO: Run Behavior\BuildLiteBehavior [ RunTime:0.000009s ]
INFO: [ app_init ] --END-- [ RunTime:0.000220s ]
INFO: [ app_begin ] --START--
INFO: Run Behavior\ReadHtmlCacheBehavior [ RunTime:0.000232s ]
INFO: [ app_begin ] --END-- [ RunTime:0.000259s ]
NOTIC: [2048] Declaration of Home\Controller\CommonController::save() should be compatible with Common\Controller\BaseController::save($modelName = NULL) /Users/minghuang/www/exe/App/Home/Controller/CommonController.class.php 第 7 行.
SQL: SHOW COLUMNS FROM `e_options` [ RunTime:0.0003s ]
SQL: SELECT `option_value` FROM `e_options` WHERE `option_name` = 'web_status' LIMIT 1   [ RunTime:0.0002s ]
SQL: SHOW COLUMNS FROM `e_group` [ RunTime:0.0003s ]
SQL: SELECT * FROM `e_group` WHERE ( integral<=500038 ) ORDER BY integral desc LIMIT 1   [ RunTime:0.0002s ]
SQL: SHOW COLUMNS FROM `e_group` [ RunTime:0.0004s ]
SQL: SELECT * FROM `e_group` WHERE ( integral > 28000 ) LIMIT 1   [ RunTime:0.0003s ]
SQL: SHOW COLUMNS FROM `e_message` [ RunTime:0.0007s ]
SQL: SHOW COLUMNS FROM `e_read` [ RunTime:0.0006s ]
SQL: SELECT `mid` FROM `e_read` WHERE `uid` = 8  [ RunTime:0.0002s ]
SQL: SELECT COUNT(*) AS tp_count FROM `e_message` WHERE `uid` = 0 AND ( `touid` = 0 OR `touid` = '8' ) AND `id` NOT IN ('6','11','9','15','16','17') LIMIT 1   [ RunTime:0.0003s ]
SQL: SHOW COLUMNS FROM `e_days` [ RunTime:0.0005s ]
SQL: SELECT COUNT(*) AS tp_count FROM `e_days` WHERE `uid` = 8 LIMIT 1   [ RunTime:0.0003s ]
SQL: SHOW COLUMNS FROM `e_days` [ RunTime:0.0009s ]
SQL: SELECT * FROM `e_days` WHERE `addtime` = 1468771201 ORDER BY addtime desc LIMIT 10   [ RunTime:0.0006s ]
SQL: SELECT COUNT(`id`) num,`uid` FROM `e_days` GROUP BY `uid` ORDER BY num desc LIMIT 10   [ RunTime:0.0007s ]
SQL: SELECT COUNT(*) AS tp_count FROM `e_days` LIMIT 1   [ RunTime:0.0003s ]
SQL: SELECT COUNT(*) AS tp_count FROM `e_days` WHERE `addtime` = 1468771201 AND `uid` = 8 LIMIT 1   [ RunTime:0.0007s ]
INFO: [ view_parse ] --START--
INFO: [ template_filter ] --START--
INFO: Run Behavior\ContentReplaceBehavior [ RunTime:0.000065s ]
INFO: [ template_filter ] --END-- [ RunTime:0.000097s ]
SQL: SELECT `option_value` FROM `e_options` WHERE `option_name` = 'day_rank' LIMIT 1   [ RunTime:0.0005s ]
SQL: SHOW COLUMNS FROM `e_user` [ RunTime:0.0008s ]
SQL: SELECT `username` FROM `e_user` WHERE `id` = 8 LIMIT 1   [ RunTime:0.0002s ]
SQL: SELECT COUNT(*) AS tp_count FROM `e_days` WHERE `uid` = 8 LIMIT 1   [ RunTime:0.0002s ]
SQL: SELECT `username` FROM `e_user` WHERE `id` = 6 LIMIT 1   [ RunTime:0.0001s ]
SQL: SELECT `username` FROM `e_user` WHERE `id` = 8 LIMIT 1   [ RunTime:0.0001s ]
SQL: SELECT `username` FROM `e_user` WHERE `id` = 7 LIMIT 1   [ RunTime:0.0001s ]
SQL: SELECT `username` FROM `e_user` WHERE `id` = 9 LIMIT 1   [ RunTime:0.0001s ]
INFO: Run Behavior\ParseTemplateBehavior [ RunTime:0.009909s ]
INFO: [ view_parse ] --END-- [ RunTime:0.009935s ]
INFO: [ view_filter ] --START--
INFO: Run Behavior\WriteHtmlCacheBehavior [ RunTime:0.000152s ]
INFO: [ view_filter ] --END-- [ RunTime:0.000172s ]
INFO: [ app_end ] --START--
INFO: Run Behavior\ShowPageTraceBehavior [ RunTime:0.000316s ]
INFO: [ app_end ] --END-- [ RunTime:0.000346s ]

[ 2016-07-18T22:52:07+08:00 ] ::1 /index.php/Days/index.html
INFO: [ app_init ] --START--
INFO: Run Behavior\BuildLiteBehavior [ RunTime:0.000008s ]
INFO: [ app_init ] --END-- [ RunTime:0.000168s ]
INFO: [ app_begin ] --START--
INFO: Run Behavior\ReadHtmlCacheBehavior [ RunTime:0.000218s ]
INFO: [ app_begin ] --END-- [ RunTime:0.000244s ]
NOTIC: [2048] Declaration of Home\Controller\CommonController::save() should be compatible with Common\Controller\BaseController::save($modelName = NULL) /Users/minghuang/www/exe/App/Home/Controller/CommonController.class.php 第 7 行.
SQL: SHOW COLUMNS FROM `e_options` [ RunTime:0.0004s ]
SQL: SELECT `option_value` FROM `e_options` WHERE `option_name` = 'web_status' LIMIT 1   [ RunTime:0.0002s ]
SQL: SHOW COLUMNS FROM `e_group` [ RunTime:0.0003s ]
SQL: SELECT * FROM `e_group` WHERE ( integral<=500038 ) ORDER BY integral desc LIMIT 1   [ RunTime:0.0002s ]
SQL: SHOW COLUMNS FROM `e_group` [ RunTime:0.0003s ]
SQL: SELECT * FROM `e_group` WHERE ( integral > 28000 ) LIMIT 1   [ RunTime:0.0002s ]
SQL: SHOW COLUMNS FROM `e_message` [ RunTime:0.0003s ]
SQL: SHOW COLUMNS FROM `e_read` [ RunTime:0.0003s ]
SQL: SELECT `mid` FROM `e_read` WHERE `uid` = 8  [ RunTime:0.0002s ]
SQL: SELECT COUNT(*) AS tp_count FROM `e_message` WHERE `uid` = 0 AND ( `touid` = 0 OR `touid` = '8' ) AND `id` NOT IN ('6','11','9','15','16','17') LIMIT 1   [ RunTime:0.0004s ]
SQL: SHOW COLUMNS FROM `e_days` [ RunTime:0.0004s ]
SQL: SELECT COUNT(*) AS tp_count FROM `e_days` WHERE `uid` = 8 LIMIT 1   [ RunTime:0.0002s ]
SQL: SHOW COLUMNS FROM `e_days` [ RunTime:0.0002s ]
SQL: SELECT * FROM `e_days` WHERE `addtime` = 1468771201 ORDER BY addtime desc LIMIT 10   [ RunTime:0.0001s ]
SQL: SELECT COUNT(`id`) num,`uid` FROM `e_days` GROUP BY `uid` ORDER BY num desc LIMIT 10   [ RunTime:0.0002s ]
SQL: SELECT COUNT(*) AS tp_count FROM `e_days` LIMIT 1   [ RunTime:0.0001s ]
SQL: SELECT COUNT(*) AS tp_count FROM `e_days` WHERE `addtime` = 1468771201 AND `uid` = 8 LIMIT 1   [ RunTime:0.0001s ]
INFO: [ view_parse ] --START--
INFO: [ template_filter ] --START--
INFO: Run Behavior\ContentReplaceBehavior [ RunTime:0.000057s ]
INFO: [ template_filter ] --END-- [ RunTime:0.000085s ]
SQL: SELECT `option_value` FROM `e_options` WHERE `option_name` = 'day_rank' LIMIT 1   [ RunTime:0.0003s ]
SQL: SHOW COLUMNS FROM `e_user` [ RunTime:0.0005s ]
SQL: SELECT `username` FROM `e_user` WHERE `id` = 8 LIMIT 1   [ RunTime:0.0002s ]
SQL: SELECT COUNT(*) AS tp_count FROM `e_days` WHERE `uid` = 8 LIMIT 1   [ RunTime:0.0001s ]
SQL: SELECT `username` FROM `e_user` WHERE `id` = 6 LIMIT 1   [ RunTime:0.0002s ]
SQL: SELECT `username` FROM `e_user` WHERE `id` = 8 LIMIT 1   [ RunTime:0.0002s ]
SQL: SELECT `username` FROM `e_user` WHERE `id` = 7 LIMIT 1   [ RunTime:0.0001s ]
SQL: SELECT `username` FROM `e_user` WHERE `id` = 9 LIMIT 1   [ RunTime:0.0001s ]
INFO: Run Behavior\ParseTemplateBehavior [ RunTime:0.008541s ]
INFO: [ view_parse ] --END-- [ RunTime:0.008565s ]
INFO: [ view_filter ] --START--
INFO: Run Behavior\WriteHtmlCacheBehavior [ RunTime:0.000154s ]
INFO: [ view_filter ] --END-- [ RunTime:0.000173s ]
INFO: [ app_end ] --START--
INFO: Run Behavior\ShowPageTraceBehavior [ RunTime:0.000320s ]
INFO: [ app_end ] --END-- [ RunTime:0.000348s ]

[ 2016-07-18T22:52:08+08:00 ] ::1 /index.php/Days/index.html
INFO: [ app_init ] --START--
INFO: Run Behavior\BuildLiteBehavior [ RunTime:0.000008s ]
INFO: [ app_init ] --END-- [ RunTime:0.000177s ]
INFO: [ app_begin ] --START--
INFO: Run Behavior\ReadHtmlCacheBehavior [ RunTime:0.000224s ]
INFO: [ app_begin ] --END-- [ RunTime:0.000251s ]
NOTIC: [2048] Declaration of Home\Controller\CommonController::save() should be compatible with Common\Controller\BaseController::save($modelName = NULL) /Users/minghuang/www/exe/App/Home/Controller/CommonController.class.php 第 7 行.
SQL: SHOW COLUMNS FROM `e_options` [ RunTime:0.0003s ]
SQL: SELECT `option_value` FROM `e_options` WHERE `option_name` = 'web_status' LIMIT 1   [ RunTime:0.0002s ]
SQL: SHOW COLUMNS FROM `e_group` [ RunTime:0.0003s ]
SQL: SELECT * FROM `e_group` WHERE ( integral<=500038 ) ORDER BY integral desc LIMIT 1   [ RunTime:0.0002s ]
SQL: SHOW COLUMNS FROM `e_group` [ RunTime:0.0003s ]
SQL: SELECT * FROM `e_group` WHERE ( integral > 28000 ) LIMIT 1   [ RunTime:0.0002s ]
SQL: SHOW COLUMNS FROM `e_message` [ RunTime:0.0003s ]
SQL: SHOW COLUMNS FROM `e_read` [ RunTime:0.0003s ]
SQL: SELECT `mid` FROM `e_read` WHERE `uid` = 8  [ RunTime:0.0002s ]
SQL: SELECT COUNT(*) AS tp_count FROM `e_message` WHERE `uid` = 0 AND ( `touid` = 0 OR `touid` = '8' ) AND `id` NOT IN ('6','11','9','15','16','17') LIMIT 1   [ RunTime:0.0004s ]
SQL: SHOW COLUMNS FROM `e_days` [ RunTime:0.0004s ]
SQL: SELECT COUNT(*) AS tp_count FROM `e_days` WHERE `uid` = 8 LIMIT 1   [ RunTime:0.0002s ]
SQL: SHOW COLUMNS FROM `e_days` [ RunTime:0.0003s ]
SQL: SELECT * FROM `e_days` WHERE `addtime` = 1468771201 ORDER BY addtime desc LIMIT 10   [ RunTime:0.0001s ]
SQL: SELECT COUNT(`id`) num,`uid` FROM `e_days` GROUP BY `uid` ORDER BY num desc LIMIT 10   [ RunTime:0.0002s ]
SQL: SELECT COUNT(*) AS tp_count FROM `e_days` LIMIT 1   [ RunTime:0.0001s ]
SQL: SELECT COUNT(*) AS tp_count FROM `e_days` WHERE `addtime` = 1468771201 AND `uid` = 8 LIMIT 1   [ RunTime:0.0001s ]
INFO: [ view_parse ] --START--
INFO: [ template_filter ] --START--
INFO: Run Behavior\ContentReplaceBehavior [ RunTime:0.000058s ]
INFO: [ template_filter ] --END-- [ RunTime:0.000088s ]
SQL: SELECT `option_value` FROM `e_options` WHERE `option_name` = 'day_rank' LIMIT 1   [ RunTime:0.0003s ]
SQL: SHOW COLUMNS FROM `e_user` [ RunTime:0.0005s ]
SQL: SELECT `username` FROM `e_user` WHERE `id` = 8 LIMIT 1   [ RunTime:0.0001s ]
SQL: SELECT COUNT(*) AS tp_count FROM `e_days` WHERE `uid` = 8 LIMIT 1   [ RunTime:0.0001s ]
SQL: SELECT `username` FROM `e_user` WHERE `id` = 6 LIMIT 1   [ RunTime:0.0001s ]
SQL: SELECT `username` FROM `e_user` WHERE `id` = 8 LIMIT 1   [ RunTime:0.0001s ]
SQL: SELECT `username` FROM `e_user` WHERE `id` = 7 LIMIT 1   [ RunTime:0.0001s ]
SQL: SELECT `username` FROM `e_user` WHERE `id` = 9 LIMIT 1   [ RunTime:0.0001s ]
INFO: Run Behavior\ParseTemplateBehavior [ RunTime:0.008269s ]
INFO: [ view_parse ] --END-- [ RunTime:0.008292s ]
INFO: [ view_filter ] --START--
INFO: Run Behavior\WriteHtmlCacheBehavior [ RunTime:0.000141s ]
INFO: [ view_filter ] --END-- [ RunTime:0.000160s ]
INFO: [ app_end ] --START--
INFO: Run Behavior\ShowPageTraceBehavior [ RunTime:0.000302s ]
INFO: [ app_end ] --END-- [ RunTime:0.000329s ]

[ 2016-07-18T22:52:09+08:00 ] ::1 /index.php/Days/index.html
INFO: [ app_init ] --START--
INFO: Run Behavior\BuildLiteBehavior [ RunTime:0.000009s ]
INFO: [ app_init ] --END-- [ RunTime:0.000193s ]
INFO: [ app_begin ] --START--
INFO: Run Behavior\ReadHtmlCacheBehavior [ RunTime:0.000262s ]
INFO: [ app_begin ] --END-- [ RunTime:0.000291s ]
NOTIC: [2048] Declaration of Home\Controller\CommonController::save() should be compatible with Common\Controller\BaseController::save($modelName = NULL) /Users/minghuang/www/exe/App/Home/Controller/CommonController.class.php 第 7 行.
SQL: SHOW COLUMNS FROM `e_options` [ RunTime:0.0004s ]
SQL: SELECT `option_value` FROM `e_options` WHERE `option_name` = 'web_status' LIMIT 1   [ RunTime:0.0002s ]
SQL: SHOW COLUMNS FROM `e_group` [ RunTime:0.0004s ]
SQL: SELECT * FROM `e_group` WHERE ( integral<=500038 ) ORDER BY integral desc LIMIT 1   [ RunTime:0.0002s ]
SQL: SHOW COLUMNS FROM `e_group` [ RunTime:0.0004s ]
SQL: SELECT * FROM `e_group` WHERE ( integral > 28000 ) LIMIT 1   [ RunTime:0.0002s ]
SQL: SHOW COLUMNS FROM `e_message` [ RunTime:0.0004s ]
SQL: SHOW COLUMNS FROM `e_read` [ RunTime:0.0004s ]
SQL: SELECT `mid` FROM `e_read` WHERE `uid` = 8  [ RunTime:0.0002s ]
SQL: SELECT COUNT(*) AS tp_count FROM `e_message` WHERE `uid` = 0 AND ( `touid` = 0 OR `touid` = '8' ) AND `id` NOT IN ('6','11','9','15','16','17') LIMIT 1   [ RunTime:0.0002s ]
SQL: SHOW COLUMNS FROM `e_days` [ RunTime:0.0004s ]
SQL: SELECT COUNT(*) AS tp_count FROM `e_days` WHERE `uid` = 8 LIMIT 1   [ RunTime:0.0002s ]
SQL: SHOW COLUMNS FROM `e_days` [ RunTime:0.0003s ]
SQL: SELECT * FROM `e_days` WHERE `addtime` = 1468771201 ORDER BY addtime desc LIMIT 10   [ RunTime:0.0002s ]
SQL: SELECT COUNT(`id`) num,`uid` FROM `e_days` GROUP BY `uid` ORDER BY num desc LIMIT 10   [ RunTime:0.0002s ]
SQL: SELECT COUNT(*) AS tp_count FROM `e_days` LIMIT 1   [ RunTime:0.0001s ]
SQL: SELECT COUNT(*) AS tp_count FROM `e_days` WHERE `addtime` = 1468771201 AND `uid` = 8 LIMIT 1   [ RunTime:0.0002s ]
INFO: [ view_parse ] --START--
INFO: [ template_filter ] --START--
INFO: Run Behavior\ContentReplaceBehavior [ RunTime:0.000059s ]
INFO: [ template_filter ] --END-- [ RunTime:0.000093s ]
SQL: SELECT `option_value` FROM `e_options` WHERE `option_name` = 'day_rank' LIMIT 1   [ RunTime:0.0003s ]
SQL: SHOW COLUMNS FROM `e_user` [ RunTime:0.0005s ]
SQL: SELECT `username` FROM `e_user` WHERE `id` = 8 LIMIT 1   [ RunTime:0.0002s ]
SQL: SELECT COUNT(*) AS tp_count FROM `e_days` WHERE `uid` = 8 LIMIT 1   [ RunTime:0.0001s ]
SQL: SELECT `username` FROM `e_user` WHERE `id` = 6 LIMIT 1   [ RunTime:0.0001s ]
SQL: SELECT `username` FROM `e_user` WHERE `id` = 8 LIMIT 1   [ RunTime:0.0001s ]
SQL: SELECT `username` FROM `e_user` WHERE `id` = 7 LIMIT 1   [ RunTime:0.0001s ]
SQL: SELECT `username` FROM `e_user` WHERE `id` = 9 LIMIT 1   [ RunTime:0.0001s ]
INFO: Run Behavior\ParseTemplateBehavior [ RunTime:0.008112s ]
INFO: [ view_parse ] --END-- [ RunTime:0.008136s ]
INFO: [ view_filter ] --START--
INFO: Run Behavior\WriteHtmlCacheBehavior [ RunTime:0.000138s ]
INFO: [ view_filter ] --END-- [ RunTime:0.000158s ]
INFO: [ app_end ] --START--
INFO: Run Behavior\ShowPageTraceBehavior [ RunTime:0.000307s ]
INFO: [ app_end ] --END-- [ RunTime:0.000353s ]

[ 2016-07-18T22:52:09+08:00 ] ::1 /index.php/Shop/index.html
INFO: [ app_init ] --START--
INFO: Run Behavior\BuildLiteBehavior [ RunTime:0.000008s ]
INFO: [ app_init ] --END-- [ RunTime:0.000174s ]
INFO: [ app_begin ] --START--
INFO: Run Behavior\ReadHtmlCacheBehavior [ RunTime:0.000221s ]
INFO: [ app_begin ] --END-- [ RunTime:0.000247s ]
NOTIC: [2048] Declaration of Home\Controller\CommonController::save() should be compatible with Common\Controller\BaseController::save($modelName = NULL) /Users/minghuang/www/exe/App/Home/Controller/CommonController.class.php 第 7 行.
NOTIC: [2048] Declaration of Home\Controller\ShopController::condition() should be compatible with Common\Controller\BaseController::condition($where = Array) /Users/minghuang/www/exe/App/Home/Controller/ShopController.class.php 第 8 行.
SQL: SHOW COLUMNS FROM `e_options` [ RunTime:0.0003s ]
SQL: SELECT `option_value` FROM `e_options` WHERE `option_name` = 'web_status' LIMIT 1   [ RunTime:0.0002s ]
SQL: SHOW COLUMNS FROM `e_group` [ RunTime:0.0003s ]
SQL: SELECT * FROM `e_group` WHERE ( integral<=500038 ) ORDER BY integral desc LIMIT 1   [ RunTime:0.0002s ]
SQL: SHOW COLUMNS FROM `e_group` [ RunTime:0.0003s ]
SQL: SELECT * FROM `e_group` WHERE ( integral > 28000 ) LIMIT 1   [ RunTime:0.0002s ]
SQL: SHOW COLUMNS FROM `e_message` [ RunTime:0.0003s ]
SQL: SHOW COLUMNS FROM `e_read` [ RunTime:0.0003s ]
SQL: SELECT `mid` FROM `e_read` WHERE `uid` = 8  [ RunTime:0.0002s ]
SQL: SELECT COUNT(*) AS tp_count FROM `e_message` WHERE `uid` = 0 AND ( `touid` = 0 OR `touid` = '8' ) AND `id` NOT IN ('6','11','9','15','16','17') LIMIT 1   [ RunTime:0.0002s ]
SQL: SHOW COLUMNS FROM `e_shop` [ RunTime:0.0004s ]
SQL: SELECT COUNT(*) AS tp_count FROM `e_shop` WHERE `starttime` < 1468853529 AND `endtime` > 1468853529 AND `status` = 1 LIMIT 1   [ RunTime:0.0002s ]
SQL: SELECT * FROM `e_shop` WHERE `starttime` < 1468853529 AND `endtime` > 1468853529 AND `status` = 1 ORDER BY `id` desc LIMIT 20   [ RunTime:0.0003s ]
NOTIC: [8] Undefined variable: link_page /Users/minghuang/www/exe/Core/Library/Think/Page.class.php 第 175 行.
NOTIC: [8] Undefined variable: the_first /Users/minghuang/www/exe/Core/Library/Think/Page.class.php 第 192 行.
NOTIC: [8] Undefined variable: the_end /Users/minghuang/www/exe/Core/Library/Think/Page.class.php 第 192 行.
INFO: [ view_parse ] --START--
INFO: [ template_filter ] --START--
INFO: Run Behavior\ContentReplaceBehavior [ RunTime:0.000051s ]
INFO: [ template_filter ] --END-- [ RunTime:0.000077s ]
INFO: Run Behavior\ParseTemplateBehavior [ RunTime:0.005005s ]
INFO: [ view_parse ] --END-- [ RunTime:0.005032s ]
INFO: [ view_filter ] --START--
INFO: Run Behavior\WriteHtmlCacheBehavior [ RunTime:0.000093s ]
INFO: [ view_filter ] --END-- [ RunTime:0.000112s ]
INFO: [ app_end ] --START--
INFO: Run Behavior\ShowPageTraceBehavior [ RunTime:0.000281s ]
INFO: [ app_end ] --END-- [ RunTime:0.000306s ]

[ 2016-07-18T22:52:10+08:00 ] ::1 /index.php/Days/index.html
INFO: [ app_init ] --START--
INFO: Run Behavior\BuildLiteBehavior [ RunTime:0.000009s ]
INFO: [ app_init ] --END-- [ RunTime:0.000170s ]
INFO: [ app_begin ] --START--
INFO: Run Behavior\ReadHtmlCacheBehavior [ RunTime:0.000273s ]
INFO: [ app_begin ] --END-- [ RunTime:0.000301s ]
NOTIC: [2048] Declaration of Home\Controller\CommonController::save() should be compatible with Common\Controller\BaseController::save($modelName = NULL) /Users/minghuang/www/exe/App/Home/Controller/CommonController.class.php 第 7 行.
SQL: SHOW COLUMNS FROM `e_options` [ RunTime:0.0003s ]
SQL: SELECT `option_value` FROM `e_options` WHERE `option_name` = 'web_status' LIMIT 1   [ RunTime:0.0002s ]
SQL: SHOW COLUMNS FROM `e_group` [ RunTime:0.0003s ]
SQL: SELECT * FROM `e_group` WHERE ( integral<=500038 ) ORDER BY integral desc LIMIT 1   [ RunTime:0.0002s ]
SQL: SHOW COLUMNS FROM `e_group` [ RunTime:0.0003s ]
SQL: SELECT * FROM `e_group` WHERE ( integral > 28000 ) LIMIT 1   [ RunTime:0.0002s ]
SQL: SHOW COLUMNS FROM `e_message` [ RunTime:0.0004s ]
SQL: SHOW COLUMNS FROM `e_read` [ RunTime:0.0004s ]
SQL: SELECT `mid` FROM `e_read` WHERE `uid` = 8  [ RunTime:0.0002s ]
SQL: SELECT COUNT(*) AS tp_count FROM `e_message` WHERE `uid` = 0 AND ( `touid` = 0 OR `touid` = '8' ) AND `id` NOT IN ('6','11','9','15','16','17') LIMIT 1   [ RunTime:0.0002s ]
SQL: SHOW COLUMNS FROM `e_days` [ RunTime:0.0004s ]
SQL: SELECT COUNT(*) AS tp_count FROM `e_days` WHERE `uid` = 8 LIMIT 1   [ RunTime:0.0001s ]
SQL: SHOW COLUMNS FROM `e_days` [ RunTime:0.0002s ]
SQL: SELECT * FROM `e_days` WHERE `addtime` = 1468771201 ORDER BY addtime desc LIMIT 10   [ RunTime:0.0001s ]
SQL: SELECT COUNT(`id`) num,`uid` FROM `e_days` GROUP BY `uid` ORDER BY num desc LIMIT 10   [ RunTime:0.0002s ]
SQL: SELECT COUNT(*) AS tp_count FROM `e_days` LIMIT 1   [ RunTime:0.0001s ]
SQL: SELECT COUNT(*) AS tp_count FROM `e_days` WHERE `addtime` = 1468771201 AND `uid` = 8 LIMIT 1   [ RunTime:0.0001s ]
INFO: [ view_parse ] --START--
INFO: [ template_filter ] --START--
INFO: Run Behavior\ContentReplaceBehavior [ RunTime:0.000062s ]
INFO: [ template_filter ] --END-- [ RunTime:0.000099s ]
SQL: SELECT `option_value` FROM `e_options` WHERE `option_name` = 'day_rank' LIMIT 1   [ RunTime:0.0003s ]
SQL: SHOW COLUMNS FROM `e_user` [ RunTime:0.0005s ]
SQL: SELECT `username` FROM `e_user` WHERE `id` = 8 LIMIT 1   [ RunTime:0.0001s ]
SQL: SELECT COUNT(*) AS tp_count FROM `e_days` WHERE `uid` = 8 LIMIT 1   [ RunTime:0.0001s ]
SQL: SELECT `username` FROM `e_user` WHERE `id` = 6 LIMIT 1   [ RunTime:0.0001s ]
SQL: SELECT `username` FROM `e_user` WHERE `id` = 8 LIMIT 1   [ RunTime:0.0001s ]
SQL: SELECT `username` FROM `e_user` WHERE `id` = 7 LIMIT 1   [ RunTime:0.0001s ]
SQL: SELECT `username` FROM `e_user` WHERE `id` = 9 LIMIT 1   [ RunTime:0.0001s ]
INFO: Run Behavior\ParseTemplateBehavior [ RunTime:0.008324s ]
INFO: [ view_parse ] --END-- [ RunTime:0.008347s ]
INFO: [ view_filter ] --START--
INFO: Run Behavior\WriteHtmlCacheBehavior [ RunTime:0.000138s ]
INFO: [ view_filter ] --END-- [ RunTime:0.000158s ]
INFO: [ app_end ] --START--
INFO: Run Behavior\ShowPageTraceBehavior [ RunTime:0.000465s ]
INFO: [ app_end ] --END-- [ RunTime:0.000511s ]

[ 2016-07-18T22:52:11+08:00 ] ::1 /index.php/Activity/index.html
INFO: [ app_init ] --START--
INFO: Run Behavior\BuildLiteBehavior [ RunTime:0.000008s ]
INFO: [ app_init ] --END-- [ RunTime:0.000184s ]
INFO: [ app_begin ] --START--
INFO: Run Behavior\ReadHtmlCacheBehavior [ RunTime:0.000238s ]
INFO: [ app_begin ] --END-- [ RunTime:0.000265s ]
NOTIC: [2048] Declaration of Home\Controller\CommonController::save() should be compatible with Common\Controller\BaseController::save($modelName = NULL) /Users/minghuang/www/exe/App/Home/Controller/CommonController.class.php 第 7 行.
SQL: SHOW COLUMNS FROM `e_options` [ RunTime:0.0003s ]
SQL: SELECT `option_value` FROM `e_options` WHERE `option_name` = 'web_status' LIMIT 1   [ RunTime:0.0002s ]
SQL: SHOW COLUMNS FROM `e_group` [ RunTime:0.0003s ]
SQL: SELECT * FROM `e_group` WHERE ( integral<=500038 ) ORDER BY integral desc LIMIT 1   [ RunTime:0.0002s ]
SQL: SHOW COLUMNS FROM `e_group` [ RunTime:0.0003s ]
SQL: SELECT * FROM `e_group` WHERE ( integral > 28000 ) LIMIT 1   [ RunTime:0.0002s ]
SQL: SHOW COLUMNS FROM `e_message` [ RunTime:0.0003s ]
SQL: SHOW COLUMNS FROM `e_read` [ RunTime:0.0003s ]
SQL: SELECT `mid` FROM `e_read` WHERE `uid` = 8  [ RunTime:0.0002s ]
SQL: SELECT COUNT(*) AS tp_count FROM `e_message` WHERE `uid` = 0 AND ( `touid` = 0 OR `touid` = '8' ) AND `id` NOT IN ('6','11','9','15','16','17') LIMIT 1   [ RunTime:0.0002s ]
SQL: SHOW COLUMNS FROM `e_activity` [ RunTime:0.0005s ]
SQL: SELECT * FROM `e_activity` WHERE `starttime` < 1468853531 AND `endtime` > 1468853531 AND `status` = 1  [ RunTime:0.0003s ]
INFO: [ view_parse ] --START--
INFO: [ template_filter ] --START--
INFO: Run Behavior\ContentReplaceBehavior [ RunTime:0.000051s ]
INFO: [ template_filter ] --END-- [ RunTime:0.000082s ]
INFO: Run Behavior\ParseTemplateBehavior [ RunTime:0.004795s ]
INFO: [ view_parse ] --END-- [ RunTime:0.004824s ]
INFO: [ view_filter ] --START--
INFO: Run Behavior\WriteHtmlCacheBehavior [ RunTime:0.000094s ]
INFO: [ view_filter ] --END-- [ RunTime:0.000113s ]
INFO: [ app_end ] --START--
INFO: Run Behavior\ShowPageTraceBehavior [ RunTime:0.000327s ]
INFO: [ app_end ] --END-- [ RunTime:0.000354s ]

[ 2016-07-18T22:52:12+08:00 ] ::1 /index.php/Link/index.html
INFO: [ app_init ] --START--
INFO: Run Behavior\BuildLiteBehavior [ RunTime:0.000036s ]
INFO: [ app_init ] --END-- [ RunTime:0.000320s ]
INFO: [ app_begin ] --START--
INFO: Run Behavior\ReadHtmlCacheBehavior [ RunTime:0.000335s ]
INFO: [ app_begin ] --END-- [ RunTime:0.000379s ]
NOTIC: [2048] Declaration of Home\Controller\CommonController::save() should be compatible with Common\Controller\BaseController::save($modelName = NULL) /Users/minghuang/www/exe/App/Home/Controller/CommonController.class.php 第 7 行.
SQL: SHOW COLUMNS FROM `e_options` [ RunTime:0.0003s ]
SQL: SELECT `option_value` FROM `e_options` WHERE `option_name` = 'web_status' LIMIT 1   [ RunTime:0.0002s ]
SQL: SHOW COLUMNS FROM `e_group` [ RunTime:0.0005s ]
SQL: SELECT * FROM `e_group` WHERE ( integral<=500038 ) ORDER BY integral desc LIMIT 1   [ RunTime:0.0003s ]
SQL: SHOW COLUMNS FROM `e_group` [ RunTime:0.0004s ]
SQL: SELECT * FROM `e_group` WHERE ( integral > 28000 ) LIMIT 1   [ RunTime:0.0002s ]
SQL: SHOW COLUMNS FROM `e_message` [ RunTime:0.0004s ]
SQL: SHOW COLUMNS FROM `e_read` [ RunTime:0.0003s ]
SQL: SELECT `mid` FROM `e_read` WHERE `uid` = 8  [ RunTime:0.0002s ]
SQL: SELECT COUNT(*) AS tp_count FROM `e_message` WHERE `uid` = 0 AND ( `touid` = 0 OR `touid` = '8' ) AND `id` NOT IN ('6','11','9','15','16','17') LIMIT 1   [ RunTime:0.0003s ]
SQL: SHOW COLUMNS FROM `e_link` [ RunTime:0.0005s ]
SQL: SELECT * FROM `e_link` WHERE `status` = 1 ORDER BY `order` desc LIMIT 12   [ RunTime:0.0003s ]
INFO: [ view_parse ] --START--
INFO: [ template_filter ] --START--
INFO: Run Behavior\ContentReplaceBehavior [ RunTime:0.000051s ]
INFO: [ template_filter ] --END-- [ RunTime:0.000089s ]
INFO: Run Behavior\ParseTemplateBehavior [ RunTime:0.006103s ]
INFO: [ view_parse ] --END-- [ RunTime:0.006144s ]
INFO: [ view_filter ] --START--
INFO: Run Behavior\WriteHtmlCacheBehavior [ RunTime:0.000108s ]
INFO: [ view_filter ] --END-- [ RunTime:0.000141s ]
INFO: [ app_end ] --START--
INFO: Run Behavior\ShowPageTraceBehavior [ RunTime:0.000453s ]
INFO: [ app_end ] --END-- [ RunTime:0.000504s ]

[ 2016-07-18T22:52:12+08:00 ] ::1 /index.php/Index/index.html
INFO: [ app_init ] --START--
INFO: Run Behavior\BuildLiteBehavior [ RunTime:0.000008s ]
INFO: [ app_init ] --END-- [ RunTime:0.000178s ]
INFO: [ app_begin ] --START--
INFO: Run Behavior\ReadHtmlCacheBehavior [ RunTime:0.000219s ]
INFO: [ app_begin ] --END-- [ RunTime:0.000245s ]
NOTIC: [2048] Declaration of Home\Controller\CommonController::save() should be compatible with Common\Controller\BaseController::save($modelName = NULL) /Users/minghuang/www/exe/App/Home/Controller/CommonController.class.php 第 7 行.
SQL: SHOW COLUMNS FROM `e_options` [ RunTime:0.0004s ]
SQL: SELECT `option_value` FROM `e_options` WHERE `option_name` = 'web_status' LIMIT 1   [ RunTime:0.0002s ]
SQL: SHOW COLUMNS FROM `e_group` [ RunTime:0.0003s ]
SQL: SELECT * FROM `e_group` WHERE ( integral<=500038 ) ORDER BY integral desc LIMIT 1   [ RunTime:0.0002s ]
SQL: SHOW COLUMNS FROM `e_group` [ RunTime:0.0003s ]
SQL: SELECT * FROM `e_group` WHERE ( integral > 28000 ) LIMIT 1   [ RunTime:0.0002s ]
SQL: SHOW COLUMNS FROM `e_message` [ RunTime:0.0003s ]
SQL: SHOW COLUMNS FROM `e_read` [ RunTime:0.0003s ]
SQL: SELECT `mid` FROM `e_read` WHERE `uid` = 8  [ RunTime:0.0002s ]
SQL: SELECT COUNT(*) AS tp_count FROM `e_message` WHERE `uid` = 0 AND ( `touid` = 0 OR `touid` = '8' ) AND `id` NOT IN ('6','11','9','15','16','17') LIMIT 1   [ RunTime:0.0003s ]
SQL: SELECT `mid` FROM `e_read` WHERE `uid` = 8  [ RunTime:0.0002s ]
SQL: SELECT * FROM `e_message` WHERE `uid` = 0 AND ( `touid` = 0 OR `touid` = '8' ) AND `id` NOT IN ('6','11','9','15','16','17')  [ RunTime:0.0003s ]
SQL: SHOW COLUMNS FROM `e_days` [ RunTime:0.0004s ]
SQL: SELECT COUNT(*) AS tp_count FROM `e_days` WHERE `addtime` = 1468771201 AND `uid` = 8 LIMIT 1   [ RunTime:0.0002s ]
SQL: SHOW COLUMNS FROM `e_activity` [ RunTime:0.0006s ]
SQL: SELECT * FROM `e_group` WHERE ( integral<=500038 ) ORDER BY integral desc LIMIT 1   [ RunTime:0.0003s ]
SQL: SELECT * FROM `e_activity` WHERE `starttime` < 1468853532 AND `endtime` > 1468853532 AND `status` = 1 AND `integral` < '28000'  [ RunTime:0.0002s ]
INFO: [ view_parse ] --START--
INFO: [ template_filter ] --START--
INFO: Run Behavior\ContentReplaceBehavior [ RunTime:0.000047s ]
INFO: [ template_filter ] --END-- [ RunTime:0.000074s ]
INFO: Run Behavior\ParseTemplateBehavior [ RunTime:0.004189s ]
INFO: [ view_parse ] --END-- [ RunTime:0.004224s ]
INFO: [ view_filter ] --START--
INFO: Run Behavior\WriteHtmlCacheBehavior [ RunTime:0.000132s ]
INFO: [ view_filter ] --END-- [ RunTime:0.000159s ]
INFO: [ app_end ] --START--
INFO: Run Behavior\ShowPageTraceBehavior [ RunTime:0.000355s ]
INFO: [ app_end ] --END-- [ RunTime:0.000386s ]

[ 2016-07-18T23:05:32+08:00 ] ::1 /
INFO: [ app_init ] --START--
INFO: Run Behavior\BuildLiteBehavior [ RunTime:0.000008s ]
INFO: [ app_init ] --END-- [ RunTime:0.000197s ]
INFO: [ app_begin ] --START--
INFO: Run Behavior\ReadHtmlCacheBehavior [ RunTime:0.000254s ]
INFO: [ app_begin ] --END-- [ RunTime:0.000284s ]
NOTIC: [2048] Declaration of Home\Controller\CommonController::save() should be compatible with Common\Controller\BaseController::save($modelName = NULL) /Users/minghuang/www/exe/App/Home/Controller/CommonController.class.php 第 7 行.
SQL: SHOW COLUMNS FROM `e_options` [ RunTime:0.0004s ]
SQL: SELECT `option_value` FROM `e_options` WHERE `option_name` = 'web_status' LIMIT 1   [ RunTime:0.0003s ]
SQL: SHOW COLUMNS FROM `e_group` [ RunTime:0.0004s ]
SQL: SELECT * FROM `e_group` WHERE ( integral<=500038 ) ORDER BY integral desc LIMIT 1   [ RunTime:0.0003s ]
SQL: SHOW COLUMNS FROM `e_group` [ RunTime:0.0005s ]
SQL: SELECT * FROM `e_group` WHERE ( integral > 28000 ) LIMIT 1   [ RunTime:0.0002s ]
SQL: SHOW COLUMNS FROM `e_message` [ RunTime:0.0003s ]
SQL: SHOW COLUMNS FROM `e_read` [ RunTime:0.0003s ]
SQL: SELECT `mid` FROM `e_read` WHERE `uid` = 8  [ RunTime:0.0002s ]
SQL: SELECT COUNT(*) AS tp_count FROM `e_message` WHERE `uid` = 0 AND ( `touid` = 0 OR `touid` = '8' ) AND `id` NOT IN ('6','11','9','15','16','17') LIMIT 1   [ RunTime:0.0002s ]
SQL: SELECT `mid` FROM `e_read` WHERE `uid` = 8  [ RunTime:0.0001s ]
SQL: SELECT * FROM `e_message` WHERE `uid` = 0 AND ( `touid` = 0 OR `touid` = '8' ) AND `id` NOT IN ('6','11','9','15','16','17')  [ RunTime:0.0002s ]
SQL: SHOW COLUMNS FROM `e_days` [ RunTime:0.0003s ]
SQL: SELECT COUNT(*) AS tp_count FROM `e_days` WHERE `addtime` = 1468771201 AND `uid` = 8 LIMIT 1   [ RunTime:0.0002s ]
SQL: SHOW COLUMNS FROM `e_activity` [ RunTime:0.0004s ]
SQL: SELECT * FROM `e_group` WHERE ( integral<=500038 ) ORDER BY integral desc LIMIT 1   [ RunTime:0.0002s ]
SQL: SELECT * FROM `e_activity` WHERE `starttime` < 1468854332 AND `endtime` > 1468854332 AND `status` = 1 AND `integral` < '28000'  [ RunTime:0.0002s ]
INFO: [ view_parse ] --START--
INFO: [ template_filter ] --START--
INFO: Run Behavior\ContentReplaceBehavior [ RunTime:0.000046s ]
INFO: [ template_filter ] --END-- [ RunTime:0.000074s ]
INFO: Run Behavior\ParseTemplateBehavior [ RunTime:0.003949s ]
INFO: [ view_parse ] --END-- [ RunTime:0.003974s ]
INFO: [ view_filter ] --START--
INFO: Run Behavior\WriteHtmlCacheBehavior [ RunTime:0.000093s ]
INFO: [ view_filter ] --END-- [ RunTime:0.000112s ]
INFO: [ app_end ] --START--
INFO: Run Behavior\ShowPageTraceBehavior [ RunTime:0.000288s ]
INFO: [ app_end ] --END-- [ RunTime:0.000315s ]

