[ 2016-05-18T17:29:58+08:00 ] ::1 /admin.php/User/index.html
INFO: [ app_init ] --START--
INFO: Run Behavior\BuildLiteBehavior [ RunTime:0.000015s ]
INFO: [ app_init ] --END-- [ RunTime:0.000792s ]
INFO: [ app_begin ] --START--
INFO: Run Behavior\ReadHtmlCacheBehavior [ RunTime:0.000464s ]
INFO: [ app_begin ] --END-- [ RunTime:0.000502s ]
NOTIC: [2048] Declaration of Admin\Controller\UserController::condition() should be compatible with Common\Controller\BaseController::condition($where = Array) /Users/minghuang/www/exe/App/Admin/Controller/UserController.class.php 第 7 行.
SQL: SHOW COLUMNS FROM `e_user` [ RunTime:0.0007s ]
NOTIC: [8] Undefined index: username /Users/minghuang/www/exe/App/Admin/Controller/UserController.class.php 第 10 行.
SQL: SELECT COUNT(*) AS tp_count FROM `e_user` LIMIT 1   [ RunTime:0.0002s ]
SQL: SELECT * FROM `e_user` LIMIT 20   [ RunTime:0.0003s ]
NOTIC: [8] Undefined variable: link_page /Users/minghuang/www/exe/Core/Library/Think/Page.class.php 第 142 行.
NOTIC: [8] Undefined variable: the_first /Users/minghuang/www/exe/Core/Library/Think/Page.class.php 第 159 行.
NOTIC: [8] Undefined variable: the_end /Users/minghuang/www/exe/Core/Library/Think/Page.class.php 第 159 行.
INFO: [ view_parse ] --START--
INFO: [ template_filter ] --START--
INFO: Run Behavior\ContentReplaceBehavior [ RunTime:0.000077s ]
INFO: [ template_filter ] --END-- [ RunTime:0.000115s ]
NOTIC: [8] Undefined index: username /Users/minghuang/www/exe/App/Runtime/Cache/Admin/4295d5db477f3199c8db51638416159f.php 第 162 行.
SQL: SHOW COLUMNS FROM `e_group` [ RunTime:0.0004s ]
SQL: SELECT * FROM `e_group` WHERE ( integral<=1002 ) ORDER BY integral desc LIMIT 1   [ RunTime:0.0002s ]
SQL: SELECT * FROM `e_group` WHERE ( integral<=200 ) ORDER BY integral desc LIMIT 1   [ RunTime:0.0002s ]
INFO: Run Behavior\ParseTemplateBehavior [ RunTime:0.017419s ]
INFO: [ view_parse ] --END-- [ RunTime:0.017446s ]
INFO: [ view_filter ] --START--
INFO: Run Behavior\WriteHtmlCacheBehavior [ RunTime:0.000400s ]
INFO: [ view_filter ] --END-- [ RunTime:0.000431s ]
INFO: [ app_end ] --START--
INFO: Run Behavior\ShowPageTraceBehavior [ RunTime:0.000664s ]
INFO: [ app_end ] --END-- [ RunTime:0.000712s ]

[ 2016-05-18T17:30:02+08:00 ] ::1 /admin.php/User/index.html
INFO: [ app_init ] --START--
INFO: Run Behavior\BuildLiteBehavior [ RunTime:0.000007s ]
INFO: [ app_init ] --END-- [ RunTime:0.000191s ]
INFO: [ app_begin ] --START--
INFO: Run Behavior\ReadHtmlCacheBehavior [ RunTime:0.000390s ]
INFO: [ app_begin ] --END-- [ RunTime:0.000435s ]
NOTIC: [2048] Declaration of Admin\Controller\UserController::condition() should be compatible with Common\Controller\BaseController::condition($where = Array) /Users/minghuang/www/exe/App/Admin/Controller/UserController.class.php 第 7 行.
SQL: SHOW COLUMNS FROM `e_user` [ RunTime:0.0004s ]
NOTIC: [8] Undefined index: username /Users/minghuang/www/exe/App/Admin/Controller/UserController.class.php 第 10 行.
SQL: SELECT COUNT(*) AS tp_count FROM `e_user` LIMIT 1   [ RunTime:0.0001s ]
SQL: SELECT * FROM `e_user` LIMIT 20   [ RunTime:0.0002s ]
NOTIC: [8] Undefined variable: link_page /Users/minghuang/www/exe/Core/Library/Think/Page.class.php 第 142 行.
NOTIC: [8] Undefined variable: the_first /Users/minghuang/www/exe/Core/Library/Think/Page.class.php 第 159 行.
NOTIC: [8] Undefined variable: the_end /Users/minghuang/www/exe/Core/Library/Think/Page.class.php 第 159 行.
INFO: [ view_parse ] --START--
INFO: [ template_filter ] --START--
INFO: Run Behavior\ContentReplaceBehavior [ RunTime:0.000075s ]
INFO: [ template_filter ] --END-- [ RunTime:0.000108s ]
NOTIC: [8] Undefined index: username /Users/minghuang/www/exe/App/Runtime/Cache/Admin/4295d5db477f3199c8db51638416159f.php 第 162 行.
SQL: SHOW COLUMNS FROM `e_group` [ RunTime:0.0005s ]
SQL: SELECT * FROM `e_group` WHERE ( integral<=1002 ) ORDER BY integral desc LIMIT 1   [ RunTime:0.0002s ]
SQL: SELECT * FROM `e_group` WHERE ( integral<=200 ) ORDER BY integral desc LIMIT 1   [ RunTime:0.0002s ]
INFO: Run Behavior\ParseTemplateBehavior [ RunTime:0.010352s ]
INFO: [ view_parse ] --END-- [ RunTime:0.010378s ]
INFO: [ view_filter ] --START--
INFO: Run Behavior\WriteHtmlCacheBehavior [ RunTime:0.000139s ]
INFO: [ view_filter ] --END-- [ RunTime:0.000158s ]
INFO: [ app_end ] --START--
INFO: Run Behavior\ShowPageTraceBehavior [ RunTime:0.000305s ]
INFO: [ app_end ] --END-- [ RunTime:0.000331s ]

[ 2016-05-18T17:30:43+08:00 ] ::1 /admin.php/User/index.html
INFO: [ app_init ] --START--
INFO: Run Behavior\BuildLiteBehavior [ RunTime:0.000008s ]
INFO: [ app_init ] --END-- [ RunTime:0.000170s ]
INFO: [ app_begin ] --START--
INFO: Run Behavior\ReadHtmlCacheBehavior [ RunTime:0.000241s ]
INFO: [ app_begin ] --END-- [ RunTime:0.000270s ]
NOTIC: [2048] Declaration of Admin\Controller\UserController::condition() should be compatible with Common\Controller\BaseController::condition($where = Array) /Users/minghuang/www/exe/App/Admin/Controller/UserController.class.php 第 7 行.
SQL: SHOW COLUMNS FROM `e_user` [ RunTime:0.0008s ]
NOTIC: [8] Undefined index: username /Users/minghuang/www/exe/App/Admin/Controller/UserController.class.php 第 10 行.
SQL: SELECT COUNT(*) AS tp_count FROM `e_user` LIMIT 1   [ RunTime:0.0003s ]
SQL: SELECT * FROM `e_user` LIMIT 20   [ RunTime:0.0003s ]
NOTIC: [8] Undefined variable: link_page /Users/minghuang/www/exe/Core/Library/Think/Page.class.php 第 142 行.
NOTIC: [8] Undefined variable: the_first /Users/minghuang/www/exe/Core/Library/Think/Page.class.php 第 159 行.
NOTIC: [8] Undefined variable: the_end /Users/minghuang/www/exe/Core/Library/Think/Page.class.php 第 159 行.
INFO: [ view_parse ] --START--
INFO: [ template_filter ] --START--
INFO: Run Behavior\ContentReplaceBehavior [ RunTime:0.000072s ]
INFO: [ template_filter ] --END-- [ RunTime:0.000105s ]
NOTIC: [8] Undefined index: username /Users/minghuang/www/exe/App/Runtime/Cache/Admin/4295d5db477f3199c8db51638416159f.php 第 162 行.
SQL: SHOW COLUMNS FROM `e_group` [ RunTime:0.0004s ]
SQL: SELECT * FROM `e_group` WHERE ( integral<=1002 ) ORDER BY integral desc LIMIT 1   [ RunTime:0.0003s ]
SQL: SELECT * FROM `e_group` WHERE ( integral<=200 ) ORDER BY integral desc LIMIT 1   [ RunTime:0.0003s ]
INFO: Run Behavior\ParseTemplateBehavior [ RunTime:0.010826s ]
INFO: [ view_parse ] --END-- [ RunTime:0.010854s ]
INFO: [ view_filter ] --START--
INFO: Run Behavior\WriteHtmlCacheBehavior [ RunTime:0.000157s ]
INFO: [ view_filter ] --END-- [ RunTime:0.000178s ]
INFO: [ app_end ] --START--
INFO: Run Behavior\ShowPageTraceBehavior [ RunTime:0.000483s ]
INFO: [ app_end ] --END-- [ RunTime:0.000546s ]

[ 2016-05-18T17:31:28+08:00 ] ::1 /admin.php/Activity/index.html
INFO: [ app_init ] --START--
INFO: Run Behavior\BuildLiteBehavior [ RunTime:0.000007s ]
INFO: [ app_init ] --END-- [ RunTime:0.000171s ]
INFO: [ app_begin ] --START--
INFO: Run Behavior\ReadHtmlCacheBehavior [ RunTime:0.000231s ]
INFO: [ app_begin ] --END-- [ RunTime:0.000256s ]
SQL: SHOW COLUMNS FROM `e_activity` [ RunTime:0.0004s ]
SQL: SELECT COUNT(*) AS tp_count FROM `e_activity` LIMIT 1   [ RunTime:0.0001s ]
SQL: SELECT * FROM `e_activity` LIMIT 20   [ RunTime:0.0002s ]
NOTIC: [8] Undefined variable: link_page /Users/minghuang/www/exe/Core/Library/Think/Page.class.php 第 142 行.
NOTIC: [8] Undefined variable: the_first /Users/minghuang/www/exe/Core/Library/Think/Page.class.php 第 159 行.
NOTIC: [8] Undefined variable: the_end /Users/minghuang/www/exe/Core/Library/Think/Page.class.php 第 159 行.
INFO: [ view_parse ] --START--
INFO: [ template_filter ] --START--
INFO: Run Behavior\ContentReplaceBehavior [ RunTime:0.000073s ]
INFO: [ template_filter ] --END-- [ RunTime:0.000107s ]
NOTIC: [8] Undefined index: title /Users/minghuang/www/exe/App/Runtime/Cache/Admin/40364c1d9e67faec4d35fbfb16f408f2.php 第 162 行.
SQL: SHOW COLUMNS FROM `e_group` [ RunTime:0.0004s ]
SQL: SELECT `title` FROM `e_group` WHERE `id` = 5 LIMIT 1   [ RunTime:0.0002s ]
SQL: SELECT `title` FROM `e_group` WHERE `id` = 1 LIMIT 1   [ RunTime:0.0001s ]
SQL: SELECT `title` FROM `e_group` WHERE `id` = 1 LIMIT 1   [ RunTime:0.0001s ]
INFO: Run Behavior\ParseTemplateBehavior [ RunTime:0.010996s ]
INFO: [ view_parse ] --END-- [ RunTime:0.011019s ]
INFO: [ view_filter ] --START--
INFO: Run Behavior\WriteHtmlCacheBehavior [ RunTime:0.000136s ]
INFO: [ view_filter ] --END-- [ RunTime:0.000156s ]
INFO: [ app_end ] --START--
INFO: Run Behavior\ShowPageTraceBehavior [ RunTime:0.000393s ]
INFO: [ app_end ] --END-- [ RunTime:0.000440s ]

[ 2016-05-18T17:31:29+08:00 ] ::1 /admin.php/Days/index.html
INFO: [ app_init ] --START--
INFO: Run Behavior\BuildLiteBehavior [ RunTime:0.000009s ]
INFO: [ app_init ] --END-- [ RunTime:0.000250s ]
INFO: [ app_begin ] --START--
INFO: Run Behavior\ReadHtmlCacheBehavior [ RunTime:0.000280s ]
INFO: [ app_begin ] --END-- [ RunTime:0.000312s ]
SQL: SHOW COLUMNS FROM `e_days` [ RunTime:0.0003s ]
SQL: SELECT count("uid") AS `total`,`uid` FROM `e_days` GROUP BY uid ORDER BY total desc LIMIT 10   [ RunTime:0.0002s ]
SQL: SELECT * FROM `e_days` WHERE `addtime` = 1463500801 ORDER BY id desc LIMIT 10   [ RunTime:0.0001s ]
INFO: [ view_parse ] --START--
INFO: [ template_filter ] --START--
INFO: Run Behavior\ContentReplaceBehavior [ RunTime:0.000091s ]
INFO: [ template_filter ] --END-- [ RunTime:0.000134s ]
SQL: SHOW COLUMNS FROM `e_user` [ RunTime:0.0005s ]
SQL: SELECT `level` FROM `e_user` WHERE `id` = 7 LIMIT 1   [ RunTime:0.0002s ]
SQL: SHOW COLUMNS FROM `e_group` [ RunTime:0.0003s ]
SQL: SELECT * FROM `e_group` WHERE ( integral<=200 ) ORDER BY integral desc LIMIT 1   [ RunTime:0.0002s ]
SQL: SHOW COLUMNS FROM `e_user` [ RunTime:0.0003s ]
SQL: SELECT `username` FROM `e_user` WHERE `id` = 7 LIMIT 1   [ RunTime:0.0001s ]
SQL: SELECT `level` FROM `e_user` WHERE `id` = 6 LIMIT 1   [ RunTime:0.0001s ]
SQL: SELECT * FROM `e_group` WHERE ( integral<=1002 ) ORDER BY integral desc LIMIT 1   [ RunTime:0.0002s ]
SQL: SELECT `username` FROM `e_user` WHERE `id` = 6 LIMIT 1   [ RunTime:0.0001s ]
SQL: SELECT `level` FROM `e_user` WHERE `id` = 6 LIMIT 1   [ RunTime:0.0001s ]
SQL: SELECT * FROM `e_group` WHERE ( integral<=1002 ) ORDER BY integral desc LIMIT 1   [ RunTime:0.0002s ]
SQL: SELECT `username` FROM `e_user` WHERE `id` = 6 LIMIT 1   [ RunTime:0.0001s ]
SQL: SELECT `level` FROM `e_user` WHERE `id` = 7 LIMIT 1   [ RunTime:0.0002s ]
SQL: SELECT * FROM `e_group` WHERE ( integral<=200 ) ORDER BY integral desc LIMIT 1   [ RunTime:0.0003s ]
SQL: SELECT `username` FROM `e_user` WHERE `id` = 7 LIMIT 1   [ RunTime:0.0002s ]
INFO: Run Behavior\ParseTemplateBehavior [ RunTime:0.015033s ]
INFO: [ view_parse ] --END-- [ RunTime:0.015059s ]
INFO: [ view_filter ] --START--
INFO: Run Behavior\WriteHtmlCacheBehavior [ RunTime:0.000153s ]
INFO: [ view_filter ] --END-- [ RunTime:0.000176s ]
INFO: [ app_end ] --START--
INFO: Run Behavior\ShowPageTraceBehavior [ RunTime:0.000477s ]
INFO: [ app_end ] --END-- [ RunTime:0.000515s ]

[ 2016-05-18T17:31:37+08:00 ] ::1 /admin.php/Category/index.html
INFO: [ app_init ] --START--
INFO: Run Behavior\BuildLiteBehavior [ RunTime:0.000009s ]
INFO: [ app_init ] --END-- [ RunTime:0.000224s ]
INFO: [ app_begin ] --START--
INFO: Run Behavior\ReadHtmlCacheBehavior [ RunTime:0.000261s ]
INFO: [ app_begin ] --END-- [ RunTime:0.000290s ]
SQL: SHOW COLUMNS FROM `e_category` [ RunTime:0.0005s ]
SQL: SELECT COUNT(*) AS tp_count FROM `e_category` LIMIT 1   [ RunTime:0.0001s ]
SQL: SELECT * FROM `e_category` LIMIT 20   [ RunTime:0.0002s ]
NOTIC: [8] Undefined variable: link_page /Users/minghuang/www/exe/Core/Library/Think/Page.class.php 第 142 行.
NOTIC: [8] Undefined variable: the_first /Users/minghuang/www/exe/Core/Library/Think/Page.class.php 第 159 行.
NOTIC: [8] Undefined variable: the_end /Users/minghuang/www/exe/Core/Library/Think/Page.class.php 第 159 行.
INFO: [ view_parse ] --START--
INFO: [ template_filter ] --START--
INFO: Run Behavior\ContentReplaceBehavior [ RunTime:0.000077s ]
INFO: [ template_filter ] --END-- [ RunTime:0.000118s ]
INFO: Run Behavior\ParseTemplateBehavior [ RunTime:0.009590s ]
INFO: [ view_parse ] --END-- [ RunTime:0.009627s ]
INFO: [ view_filter ] --START--
INFO: Run Behavior\WriteHtmlCacheBehavior [ RunTime:0.000101s ]
INFO: [ view_filter ] --END-- [ RunTime:0.000122s ]
INFO: [ app_end ] --START--
INFO: Run Behavior\ShowPageTraceBehavior [ RunTime:0.000337s ]
INFO: [ app_end ] --END-- [ RunTime:0.000377s ]

[ 2016-05-18T17:31:48+08:00 ] ::1 /admin.php/Article/index.html
INFO: [ app_init ] --START--
INFO: Run Behavior\BuildLiteBehavior [ RunTime:0.000007s ]
INFO: [ app_init ] --END-- [ RunTime:0.000178s ]
INFO: [ app_begin ] --START--
INFO: Run Behavior\ReadHtmlCacheBehavior [ RunTime:0.000224s ]
INFO: [ app_begin ] --END-- [ RunTime:0.000250s ]
SQL: SHOW COLUMNS FROM `e_article` [ RunTime:0.0003s ]
SQL: SELECT COUNT(*) AS tp_count FROM `e_article` LIMIT 1   [ RunTime:0.0001s ]
SQL: SELECT * FROM `e_article` LIMIT 20   [ RunTime:0.0002s ]
NOTIC: [8] Undefined variable: link_page /Users/minghuang/www/exe/Core/Library/Think/Page.class.php 第 142 行.
NOTIC: [8] Undefined variable: the_first /Users/minghuang/www/exe/Core/Library/Think/Page.class.php 第 159 行.
NOTIC: [8] Undefined variable: the_end /Users/minghuang/www/exe/Core/Library/Think/Page.class.php 第 159 行.
INFO: [ view_parse ] --START--
INFO: [ template_filter ] --START--
INFO: Run Behavior\ContentReplaceBehavior [ RunTime:0.000077s ]
INFO: [ template_filter ] --END-- [ RunTime:0.000113s ]
NOTIC: [8] Undefined index: username /Users/minghuang/www/exe/App/Runtime/Cache/Admin/ac492b5605bffa8cac27c5e0dc599b32.php 第 161 行.
INFO: Run Behavior\ParseTemplateBehavior [ RunTime:0.009570s ]
INFO: [ view_parse ] --END-- [ RunTime:0.009595s ]
INFO: [ view_filter ] --START--
INFO: Run Behavior\WriteHtmlCacheBehavior [ RunTime:0.000103s ]
INFO: [ view_filter ] --END-- [ RunTime:0.000123s ]
INFO: [ app_end ] --START--
INFO: Run Behavior\ShowPageTraceBehavior [ RunTime:0.000293s ]
INFO: [ app_end ] --END-- [ RunTime:0.000320s ]

[ 2016-05-18T17:31:54+08:00 ] ::1 /admin.php/Activity/index.html
INFO: [ app_init ] --START--
INFO: Run Behavior\BuildLiteBehavior [ RunTime:0.000011s ]
INFO: [ app_init ] --END-- [ RunTime:0.000295s ]
INFO: [ app_begin ] --START--
INFO: Run Behavior\ReadHtmlCacheBehavior [ RunTime:0.000250s ]
INFO: [ app_begin ] --END-- [ RunTime:0.000278s ]
SQL: SHOW COLUMNS FROM `e_activity` [ RunTime:0.0004s ]
SQL: SELECT COUNT(*) AS tp_count FROM `e_activity` LIMIT 1   [ RunTime:0.0002s ]
SQL: SELECT * FROM `e_activity` LIMIT 20   [ RunTime:0.0003s ]
NOTIC: [8] Undefined variable: link_page /Users/minghuang/www/exe/Core/Library/Think/Page.class.php 第 142 行.
NOTIC: [8] Undefined variable: the_first /Users/minghuang/www/exe/Core/Library/Think/Page.class.php 第 159 行.
NOTIC: [8] Undefined variable: the_end /Users/minghuang/www/exe/Core/Library/Think/Page.class.php 第 159 行.
INFO: [ view_parse ] --START--
INFO: [ template_filter ] --START--
INFO: Run Behavior\ContentReplaceBehavior [ RunTime:0.000091s ]
INFO: [ template_filter ] --END-- [ RunTime:0.000139s ]
NOTIC: [8] Undefined index: title /Users/minghuang/www/exe/App/Runtime/Cache/Admin/40364c1d9e67faec4d35fbfb16f408f2.php 第 162 行.
SQL: SHOW COLUMNS FROM `e_group` [ RunTime:0.0004s ]
SQL: SELECT `title` FROM `e_group` WHERE `id` = 5 LIMIT 1   [ RunTime:0.0002s ]
SQL: SELECT `title` FROM `e_group` WHERE `id` = 1 LIMIT 1   [ RunTime:0.0001s ]
SQL: SELECT `title` FROM `e_group` WHERE `id` = 1 LIMIT 1   [ RunTime:0.0001s ]
INFO: Run Behavior\ParseTemplateBehavior [ RunTime:0.011308s ]
INFO: [ view_parse ] --END-- [ RunTime:0.011364s ]
INFO: [ view_filter ] --START--
INFO: Run Behavior\WriteHtmlCacheBehavior [ RunTime:0.000181s ]
INFO: [ view_filter ] --END-- [ RunTime:0.000212s ]
INFO: [ app_end ] --START--
INFO: Run Behavior\ShowPageTraceBehavior [ RunTime:0.000432s ]
INFO: [ app_end ] --END-- [ RunTime:0.000486s ]

[ 2016-05-18T17:31:58+08:00 ] ::1 /admin.php/Activity/index.html?title=%E6%B5%8B%E8%AF%95
INFO: [ app_init ] --START--
INFO: Run Behavior\BuildLiteBehavior [ RunTime:0.000008s ]
INFO: [ app_init ] --END-- [ RunTime:0.000173s ]
INFO: [ app_begin ] --START--
INFO: Run Behavior\ReadHtmlCacheBehavior [ RunTime:0.000218s ]
INFO: [ app_begin ] --END-- [ RunTime:0.000243s ]
SQL: SHOW COLUMNS FROM `e_activity` [ RunTime:0.0003s ]
SQL: SELECT COUNT(*) AS tp_count FROM `e_activity` WHERE `title` = '测试' LIMIT 1   [ RunTime:0.0002s ]
SQL: SELECT * FROM `e_activity` WHERE `title` = '测试' LIMIT 20   [ RunTime:0.0002s ]
INFO: [ view_parse ] --START--
INFO: [ template_filter ] --START--
INFO: Run Behavior\ContentReplaceBehavior [ RunTime:0.000076s ]
INFO: [ template_filter ] --END-- [ RunTime:0.000111s ]
INFO: Run Behavior\ParseTemplateBehavior [ RunTime:0.008673s ]
INFO: [ view_parse ] --END-- [ RunTime:0.008701s ]
INFO: [ view_filter ] --START--
INFO: Run Behavior\WriteHtmlCacheBehavior [ RunTime:0.000103s ]
INFO: [ view_filter ] --END-- [ RunTime:0.000126s ]
INFO: [ app_end ] --START--
INFO: Run Behavior\ShowPageTraceBehavior [ RunTime:0.000297s ]
INFO: [ app_end ] --END-- [ RunTime:0.000325s ]

[ 2016-05-18T17:32:33+08:00 ] ::1 /admin.php/Activity/index.html?title=%E6%B5%8B%E8%AF%95
INFO: [ app_init ] --START--
INFO: Run Behavior\BuildLiteBehavior [ RunTime:0.000007s ]
INFO: [ app_init ] --END-- [ RunTime:0.000175s ]
INFO: [ app_begin ] --START--
INFO: Run Behavior\ReadHtmlCacheBehavior [ RunTime:0.000221s ]
INFO: [ app_begin ] --END-- [ RunTime:0.000247s ]
NOTIC: [2048] Declaration of Admin\Controller\ActivityController::condition() should be compatible with Common\Controller\BaseController::condition($where = Array) /Users/minghuang/www/exe/App/Admin/Controller/ActivityController.class.php 第 7 行.
SQL: SHOW COLUMNS FROM `e_activity` [ RunTime:0.0005s ]
SQL: SELECT COUNT(*) AS tp_count FROM `e_activity` WHERE `title` LIKE '%测试%' LIMIT 1   [ RunTime:0.0002s ]
SQL: SELECT * FROM `e_activity` WHERE `title` LIKE '%测试%' LIMIT 20   [ RunTime:0.0003s ]
NOTIC: [8] Undefined variable: link_page /Users/minghuang/www/exe/Core/Library/Think/Page.class.php 第 142 行.
NOTIC: [8] Undefined variable: the_first /Users/minghuang/www/exe/Core/Library/Think/Page.class.php 第 159 行.
NOTIC: [8] Undefined variable: the_end /Users/minghuang/www/exe/Core/Library/Think/Page.class.php 第 159 行.
INFO: [ view_parse ] --START--
INFO: [ template_filter ] --START--
INFO: Run Behavior\ContentReplaceBehavior [ RunTime:0.000076s ]
INFO: [ template_filter ] --END-- [ RunTime:0.000113s ]
SQL: SHOW COLUMNS FROM `e_group` [ RunTime:0.0004s ]
SQL: SELECT `title` FROM `e_group` WHERE `id` = 1 LIMIT 1   [ RunTime:0.0002s ]
SQL: SELECT `title` FROM `e_group` WHERE `id` = 1 LIMIT 1   [ RunTime:0.0002s ]
INFO: Run Behavior\ParseTemplateBehavior [ RunTime:0.010431s ]
INFO: [ view_parse ] --END-- [ RunTime:0.010460s ]
INFO: [ view_filter ] --START--
INFO: Run Behavior\WriteHtmlCacheBehavior [ RunTime:0.000259s ]
INFO: [ view_filter ] --END-- [ RunTime:0.000287s ]
INFO: [ app_end ] --START--
INFO: Run Behavior\ShowPageTraceBehavior [ RunTime:0.000586s ]
INFO: [ app_end ] --END-- [ RunTime:0.000650s ]

[ 2016-05-18T17:32:36+08:00 ] ::1 /admin.php/Activity/index.html?title=
INFO: [ app_init ] --START--
INFO: Run Behavior\BuildLiteBehavior [ RunTime:0.000007s ]
INFO: [ app_init ] --END-- [ RunTime:0.000172s ]
INFO: [ app_begin ] --START--
INFO: Run Behavior\ReadHtmlCacheBehavior [ RunTime:0.000220s ]
INFO: [ app_begin ] --END-- [ RunTime:0.000247s ]
NOTIC: [2048] Declaration of Admin\Controller\ActivityController::condition() should be compatible with Common\Controller\BaseController::condition($where = Array) /Users/minghuang/www/exe/App/Admin/Controller/ActivityController.class.php 第 7 行.
SQL: SHOW COLUMNS FROM `e_activity` [ RunTime:0.0003s ]
NOTIC: [8] Undefined index: title /Users/minghuang/www/exe/App/Admin/Controller/ActivityController.class.php 第 15 行.
SQL: SELECT COUNT(*) AS tp_count FROM `e_activity` LIMIT 1   [ RunTime:0.0001s ]
SQL: SELECT * FROM `e_activity` LIMIT 20   [ RunTime:0.0003s ]
NOTIC: [8] Undefined variable: link_page /Users/minghuang/www/exe/Core/Library/Think/Page.class.php 第 142 行.
NOTIC: [8] Undefined variable: the_first /Users/minghuang/www/exe/Core/Library/Think/Page.class.php 第 159 行.
NOTIC: [8] Undefined variable: the_end /Users/minghuang/www/exe/Core/Library/Think/Page.class.php 第 159 行.
INFO: [ view_parse ] --START--
INFO: [ template_filter ] --START--
INFO: Run Behavior\ContentReplaceBehavior [ RunTime:0.000075s ]
INFO: [ template_filter ] --END-- [ RunTime:0.000107s ]
SQL: SHOW COLUMNS FROM `e_group` [ RunTime:0.0004s ]
SQL: SELECT `title` FROM `e_group` WHERE `id` = 5 LIMIT 1   [ RunTime:0.0002s ]
SQL: SELECT `title` FROM `e_group` WHERE `id` = 1 LIMIT 1   [ RunTime:0.0001s ]
SQL: SELECT `title` FROM `e_group` WHERE `id` = 1 LIMIT 1   [ RunTime:0.0001s ]
INFO: Run Behavior\ParseTemplateBehavior [ RunTime:0.010696s ]
INFO: [ view_parse ] --END-- [ RunTime:0.010719s ]
INFO: [ view_filter ] --START--
INFO: Run Behavior\WriteHtmlCacheBehavior [ RunTime:0.000148s ]
INFO: [ view_filter ] --END-- [ RunTime:0.000171s ]
INFO: [ app_end ] --START--
INFO: Run Behavior\ShowPageTraceBehavior [ RunTime:0.000306s ]
INFO: [ app_end ] --END-- [ RunTime:0.000335s ]

[ 2016-05-18T17:32:41+08:00 ] ::1 /admin.php/Activity/index.html?title=%E5%AE%A2%E6%9C%8D
INFO: [ app_init ] --START--
INFO: Run Behavior\BuildLiteBehavior [ RunTime:0.000007s ]
INFO: [ app_init ] --END-- [ RunTime:0.000169s ]
INFO: [ app_begin ] --START--
INFO: Run Behavior\ReadHtmlCacheBehavior [ RunTime:0.000220s ]
INFO: [ app_begin ] --END-- [ RunTime:0.000246s ]
NOTIC: [2048] Declaration of Admin\Controller\ActivityController::condition() should be compatible with Common\Controller\BaseController::condition($where = Array) /Users/minghuang/www/exe/App/Admin/Controller/ActivityController.class.php 第 7 行.
SQL: SHOW COLUMNS FROM `e_activity` [ RunTime:0.0004s ]
SQL: SELECT COUNT(*) AS tp_count FROM `e_activity` WHERE `title` LIKE '%客服%' LIMIT 1   [ RunTime:0.0002s ]
SQL: SELECT * FROM `e_activity` WHERE `title` LIKE '%客服%' LIMIT 20   [ RunTime:0.0002s ]
NOTIC: [8] Undefined variable: link_page /Users/minghuang/www/exe/Core/Library/Think/Page.class.php 第 142 行.
NOTIC: [8] Undefined variable: the_first /Users/minghuang/www/exe/Core/Library/Think/Page.class.php 第 159 行.
NOTIC: [8] Undefined variable: the_end /Users/minghuang/www/exe/Core/Library/Think/Page.class.php 第 159 行.
INFO: [ view_parse ] --START--
INFO: [ template_filter ] --START--
INFO: Run Behavior\ContentReplaceBehavior [ RunTime:0.000072s ]
INFO: [ template_filter ] --END-- [ RunTime:0.000100s ]
SQL: SHOW COLUMNS FROM `e_group` [ RunTime:0.0004s ]
SQL: SELECT `title` FROM `e_group` WHERE `id` = 5 LIMIT 1   [ RunTime:0.0002s ]
INFO: Run Behavior\ParseTemplateBehavior [ RunTime:0.009251s ]
INFO: [ view_parse ] --END-- [ RunTime:0.009275s ]
INFO: [ view_filter ] --START--
INFO: Run Behavior\WriteHtmlCacheBehavior [ RunTime:0.000134s ]
INFO: [ view_filter ] --END-- [ RunTime:0.000156s ]
INFO: [ app_end ] --START--
INFO: Run Behavior\ShowPageTraceBehavior [ RunTime:0.000301s ]
INFO: [ app_end ] --END-- [ RunTime:0.000328s ]

[ 2016-05-18T17:36:19+08:00 ] ::1 /admin.php/Activity/index.html?title=%E5%AE%A2%E6%9C%8D
INFO: [ app_init ] --START--
INFO: Run Behavior\BuildLiteBehavior [ RunTime:0.000008s ]
INFO: [ app_init ] --END-- [ RunTime:0.000175s ]
INFO: [ app_begin ] --START--
INFO: Run Behavior\ReadHtmlCacheBehavior [ RunTime:0.000219s ]
INFO: [ app_begin ] --END-- [ RunTime:0.000246s ]
NOTIC: [2048] Declaration of Admin\Controller\ActivityController::condition() should be compatible with Common\Controller\BaseController::condition($where = Array) /Users/minghuang/www/exe/App/Admin/Controller/ActivityController.class.php 第 7 行.
SQL: SHOW COLUMNS FROM `e_activity` [ RunTime:0.0004s ]
SQL: SELECT COUNT(*) AS tp_count FROM `e_activity` WHERE `title` LIKE '%客服%' LIMIT 1   [ RunTime:0.0005s ]
SQL: SELECT * FROM `e_activity` WHERE `title` LIKE '%客服%' LIMIT 20   [ RunTime:0.0003s ]
NOTIC: [8] Undefined variable: link_page /Users/minghuang/www/exe/Core/Library/Think/Page.class.php 第 142 行.
NOTIC: [8] Undefined variable: the_first /Users/minghuang/www/exe/Core/Library/Think/Page.class.php 第 159 行.
NOTIC: [8] Undefined variable: the_end /Users/minghuang/www/exe/Core/Library/Think/Page.class.php 第 159 行.
INFO: [ view_parse ] --START--
INFO: [ template_filter ] --START--
INFO: Run Behavior\ContentReplaceBehavior [ RunTime:0.000075s ]
INFO: [ template_filter ] --END-- [ RunTime:0.000108s ]
SQL: SHOW COLUMNS FROM `e_group` [ RunTime:0.0004s ]
SQL: SELECT `title` FROM `e_group` WHERE `id` = 5 LIMIT 1   [ RunTime:0.0001s ]
INFO: Run Behavior\ParseTemplateBehavior [ RunTime:0.009692s ]
INFO: [ view_parse ] --END-- [ RunTime:0.009716s ]
INFO: [ view_filter ] --START--
INFO: Run Behavior\WriteHtmlCacheBehavior [ RunTime:0.000137s ]
INFO: [ view_filter ] --END-- [ RunTime:0.000159s ]
INFO: [ app_end ] --START--
INFO: Run Behavior\ShowPageTraceBehavior [ RunTime:0.000308s ]
INFO: [ app_end ] --END-- [ RunTime:0.000335s ]

