[ 2016-07-23T23:08:05+08:00 ] ::1 /admin.php
INFO: [ app_init ] --START--
INFO: Run Behavior\BuildLiteBehavior [ RunTime:0.000009s ]
INFO: [ app_init ] --END-- [ RunTime:0.000436s ]
INFO: [ app_begin ] --START--
INFO: Run Behavior\ReadHtmlCacheBehavior [ RunTime:0.000461s ]
INFO: [ app_begin ] --END-- [ RunTime:0.000504s ]
SQL: SHOW COLUMNS FROM `e_user` [ RunTime:0.0014s ]
SQL: SELECT * FROM `e_user` LIMIT 100   [ RunTime:0.0004s ]
SQL: SHOW COLUMNS FROM `e_counts` [ RunTime:0.0010s ]
SQL: SELECT * FROM `e_counts` WHERE `id` = 1469203201 LIMIT 1   [ RunTime:0.0002s ]
SQL: SELECT * FROM `e_counts` WHERE `id` = 1469116801 LIMIT 1   [ RunTime:0.0001s ]
INFO: [ view_parse ] --START--
INFO: [ template_filter ] --START--
INFO: Run Behavior\ContentReplaceBehavior [ RunTime:0.000084s ]
INFO: [ template_filter ] --END-- [ RunTime:0.000115s ]
SQL: SHOW COLUMNS FROM `e_options` [ RunTime:0.0011s ]
SQL: SELECT `option_value` FROM `e_options` WHERE `option_name` = 'admin_user' LIMIT 1   [ RunTime:0.0002s ]
SQL: SELECT `option_value` FROM `e_options` WHERE `option_name` = 'admin_pass' LIMIT 1   [ RunTime:0.0001s ]
INFO: Run Behavior\ParseTemplateBehavior [ RunTime:0.014976s ]
INFO: [ view_parse ] --END-- [ RunTime:0.015005s ]
INFO: [ view_filter ] --START--
INFO: Run Behavior\WriteHtmlCacheBehavior [ RunTime:0.000385s ]
INFO: [ view_filter ] --END-- [ RunTime:0.000414s ]
INFO: [ app_end ] --START--
INFO: Run Behavior\ShowPageTraceBehavior [ RunTime:0.000650s ]
INFO: [ app_end ] --END-- [ RunTime:0.000699s ]

[ 2016-07-23T23:08:11+08:00 ] ::1 /admin.php/Article/index.html
INFO: [ app_init ] --START--
INFO: Run Behavior\BuildLiteBehavior [ RunTime:0.000008s ]
INFO: [ app_init ] --END-- [ RunTime:0.000171s ]
INFO: [ app_begin ] --START--
INFO: Run Behavior\ReadHtmlCacheBehavior [ RunTime:0.000229s ]
INFO: [ app_begin ] --END-- [ RunTime:0.000256s ]
NOTIC: [2048] Declaration of Admin\Controller\ArticleController::condition() should be compatible with Common\Controller\BaseController::condition($where = Array) /Users/minghuang/www/exe/App/Admin/Controller/ArticleController.class.php 第 8 行.
NOTIC: [8] Undefined index: title /Users/minghuang/www/exe/App/Admin/Controller/ArticleController.class.php 第 17 行.
SQL: SHOW COLUMNS FROM `e_article` [ RunTime:0.0015s ]
SQL: SELECT COUNT(*) AS tp_count FROM `e_article` LIMIT 1   [ RunTime:0.0002s ]
SQL: SELECT * FROM `e_article` ORDER BY `id` desc LIMIT 20   [ RunTime:0.0006s ]
NOTIC: [8] Undefined variable: link_page /Users/minghuang/www/exe/Core/Library/Think/Page.class.php 第 175 行.
NOTIC: [8] Undefined variable: the_first /Users/minghuang/www/exe/Core/Library/Think/Page.class.php 第 192 行.
NOTIC: [8] Undefined variable: the_end /Users/minghuang/www/exe/Core/Library/Think/Page.class.php 第 192 行.
INFO: [ view_parse ] --START--
INFO: [ template_filter ] --START--
INFO: Run Behavior\ContentReplaceBehavior [ RunTime:0.000078s ]
INFO: [ template_filter ] --END-- [ RunTime:0.000114s ]
NOTIC: [8] Undefined index: title /Users/minghuang/www/exe/App/Runtime/Cache/Admin/ac492b5605bffa8cac27c5e0dc599b32.php 第 161 行.
INFO: Run Behavior\ParseTemplateBehavior [ RunTime:0.009944s ]
INFO: [ view_parse ] --END-- [ RunTime:0.009976s ]
INFO: [ view_filter ] --START--
INFO: Run Behavior\WriteHtmlCacheBehavior [ RunTime:0.000120s ]
INFO: [ view_filter ] --END-- [ RunTime:0.000142s ]
INFO: [ app_end ] --START--
INFO: Run Behavior\ShowPageTraceBehavior [ RunTime:0.000315s ]
INFO: [ app_end ] --END-- [ RunTime:0.000340s ]

[ 2016-07-23T23:08:13+08:00 ] ::1 /admin.php/Index/index.html
INFO: [ app_init ] --START--
INFO: Run Behavior\BuildLiteBehavior [ RunTime:0.000008s ]
INFO: [ app_init ] --END-- [ RunTime:0.000175s ]
INFO: [ app_begin ] --START--
INFO: Run Behavior\ReadHtmlCacheBehavior [ RunTime:0.000232s ]
INFO: [ app_begin ] --END-- [ RunTime:0.000261s ]
SQL: SHOW COLUMNS FROM `e_user` [ RunTime:0.0004s ]
SQL: SELECT * FROM `e_user` LIMIT 100   [ RunTime:0.0002s ]
SQL: SHOW COLUMNS FROM `e_counts` [ RunTime:0.0003s ]
SQL: SELECT * FROM `e_counts` WHERE `id` = 1469203201 LIMIT 1   [ RunTime:0.0002s ]
SQL: SELECT * FROM `e_counts` WHERE `id` = 1469116801 LIMIT 1   [ RunTime:0.0001s ]
INFO: [ view_parse ] --START--
INFO: [ template_filter ] --START--
INFO: Run Behavior\ContentReplaceBehavior [ RunTime:0.000084s ]
INFO: [ template_filter ] --END-- [ RunTime:0.000121s ]
SQL: SHOW COLUMNS FROM `e_options` [ RunTime:0.0004s ]
SQL: SELECT `option_value` FROM `e_options` WHERE `option_name` = 'admin_user' LIMIT 1   [ RunTime:0.0002s ]
SQL: SELECT `option_value` FROM `e_options` WHERE `option_name` = 'admin_pass' LIMIT 1   [ RunTime:0.0002s ]
INFO: Run Behavior\ParseTemplateBehavior [ RunTime:0.011840s ]
INFO: [ view_parse ] --END-- [ RunTime:0.011883s ]
INFO: [ view_filter ] --START--
INFO: Run Behavior\WriteHtmlCacheBehavior [ RunTime:0.000166s ]
INFO: [ view_filter ] --END-- [ RunTime:0.000189s ]
INFO: [ app_end ] --START--
INFO: Run Behavior\ShowPageTraceBehavior [ RunTime:0.000407s ]
INFO: [ app_end ] --END-- [ RunTime:0.000453s ]

[ 2016-07-23T23:08:29+08:00 ] ::1 /admin.php/Days/index.html
INFO: [ app_init ] --START--
INFO: Run Behavior\BuildLiteBehavior [ RunTime:0.000009s ]
INFO: [ app_init ] --END-- [ RunTime:0.000188s ]
INFO: [ app_begin ] --START--
INFO: Run Behavior\ReadHtmlCacheBehavior [ RunTime:0.000245s ]
INFO: [ app_begin ] --END-- [ RunTime:0.000275s ]
SQL: SHOW COLUMNS FROM `e_days` [ RunTime:0.0013s ]
SQL: SELECT count("uid") AS `total`,`uid` FROM `e_days` GROUP BY uid ORDER BY total desc LIMIT 10   [ RunTime:0.0002s ]
SQL: SELECT * FROM `e_days` WHERE `addtime` = 1469203201 ORDER BY id desc LIMIT 10   [ RunTime:0.0006s ]
INFO: [ view_parse ] --START--
INFO: [ template_filter ] --START--
INFO: Run Behavior\ContentReplaceBehavior [ RunTime:0.000083s ]
INFO: [ template_filter ] --END-- [ RunTime:0.000120s ]
SQL: SHOW COLUMNS FROM `e_user` [ RunTime:0.0005s ]
SQL: SELECT `level` FROM `e_user` WHERE `id` = 8 LIMIT 1   [ RunTime:0.0002s ]
SQL: SHOW COLUMNS FROM `e_group` [ RunTime:0.0013s ]
SQL: SELECT * FROM `e_group` WHERE ( integral<=500040 ) ORDER BY integral desc LIMIT 1   [ RunTime:0.0004s ]
SQL: SHOW COLUMNS FROM `e_user` [ RunTime:0.0004s ]
SQL: SELECT `username` FROM `e_user` WHERE `id` = 8 LIMIT 1   [ RunTime:0.0001s ]
SQL: SELECT `level` FROM `e_user` WHERE `id` = 6 LIMIT 1   [ RunTime:0.0001s ]
SQL: SELECT * FROM `e_group` WHERE ( integral<=1004 ) ORDER BY integral desc LIMIT 1   [ RunTime:0.0002s ]
SQL: SELECT `username` FROM `e_user` WHERE `id` = 6 LIMIT 1   [ RunTime:0.0001s ]
SQL: SELECT `level` FROM `e_user` WHERE `id` = 7 LIMIT 1   [ RunTime:0.0001s ]
SQL: SELECT * FROM `e_group` WHERE ( integral<=200 ) ORDER BY integral desc LIMIT 1   [ RunTime:0.0001s ]
SQL: SELECT `username` FROM `e_user` WHERE `id` = 7 LIMIT 1   [ RunTime:0.0001s ]
SQL: SELECT `level` FROM `e_user` WHERE `id` = 9 LIMIT 1   [ RunTime:0.0001s ]
SQL: SELECT * FROM `e_group` WHERE ( integral<=3 ) ORDER BY integral desc LIMIT 1   [ RunTime:0.0002s ]
SQL: SELECT `username` FROM `e_user` WHERE `id` = 9 LIMIT 1   [ RunTime:0.0001s ]
INFO: Run Behavior\ParseTemplateBehavior [ RunTime:0.016437s ]
INFO: [ view_parse ] --END-- [ RunTime:0.016462s ]
INFO: [ view_filter ] --START--
INFO: Run Behavior\WriteHtmlCacheBehavior [ RunTime:0.000153s ]
INFO: [ view_filter ] --END-- [ RunTime:0.000176s ]
INFO: [ app_end ] --START--
INFO: Run Behavior\ShowPageTraceBehavior [ RunTime:0.000567s ]
INFO: [ app_end ] --END-- [ RunTime:0.000622s ]

[ 2016-07-23T23:08:32+08:00 ] ::1 /admin.php/Article/index.html
INFO: [ app_init ] --START--
INFO: Run Behavior\BuildLiteBehavior [ RunTime:0.000007s ]
INFO: [ app_init ] --END-- [ RunTime:0.000168s ]
INFO: [ app_begin ] --START--
INFO: Run Behavior\ReadHtmlCacheBehavior [ RunTime:0.000253s ]
INFO: [ app_begin ] --END-- [ RunTime:0.000279s ]
NOTIC: [2048] Declaration of Admin\Controller\ArticleController::condition() should be compatible with Common\Controller\BaseController::condition($where = Array) /Users/minghuang/www/exe/App/Admin/Controller/ArticleController.class.php 第 8 行.
NOTIC: [8] Undefined index: title /Users/minghuang/www/exe/App/Admin/Controller/ArticleController.class.php 第 17 行.
SQL: SHOW COLUMNS FROM `e_article` [ RunTime:0.0004s ]
SQL: SELECT COUNT(*) AS tp_count FROM `e_article` LIMIT 1   [ RunTime:0.0001s ]
SQL: SELECT * FROM `e_article` ORDER BY `id` desc LIMIT 20   [ RunTime:0.0003s ]
NOTIC: [8] Undefined variable: link_page /Users/minghuang/www/exe/Core/Library/Think/Page.class.php 第 175 行.
NOTIC: [8] Undefined variable: the_first /Users/minghuang/www/exe/Core/Library/Think/Page.class.php 第 192 行.
NOTIC: [8] Undefined variable: the_end /Users/minghuang/www/exe/Core/Library/Think/Page.class.php 第 192 行.
INFO: [ view_parse ] --START--
INFO: [ template_filter ] --START--
INFO: Run Behavior\ContentReplaceBehavior [ RunTime:0.000078s ]
INFO: [ template_filter ] --END-- [ RunTime:0.000118s ]
NOTIC: [8] Undefined index: title /Users/minghuang/www/exe/App/Runtime/Cache/Admin/ac492b5605bffa8cac27c5e0dc599b32.php 第 161 行.
INFO: Run Behavior\ParseTemplateBehavior [ RunTime:0.010086s ]
INFO: [ view_parse ] --END-- [ RunTime:0.010116s ]
INFO: [ view_filter ] --START--
INFO: Run Behavior\WriteHtmlCacheBehavior [ RunTime:0.000103s ]
INFO: [ view_filter ] --END-- [ RunTime:0.000123s ]
INFO: [ app_end ] --START--
INFO: Run Behavior\ShowPageTraceBehavior [ RunTime:0.000285s ]
INFO: [ app_end ] --END-- [ RunTime:0.000310s ]

[ 2016-07-23T23:08:34+08:00 ] ::1 /admin.php/Article/add.html
INFO: [ app_init ] --START--
INFO: Run Behavior\BuildLiteBehavior [ RunTime:0.000009s ]
INFO: [ app_init ] --END-- [ RunTime:0.000185s ]
INFO: [ app_begin ] --START--
INFO: Run Behavior\ReadHtmlCacheBehavior [ RunTime:0.000252s ]
INFO: [ app_begin ] --END-- [ RunTime:0.000285s ]
NOTIC: [2048] Declaration of Admin\Controller\ArticleController::condition() should be compatible with Common\Controller\BaseController::condition($where = Array) /Users/minghuang/www/exe/App/Admin/Controller/ArticleController.class.php 第 8 行.
SQL: SHOW COLUMNS FROM `e_category` [ RunTime:0.0012s ]
SQL: SELECT `id`,`title` FROM `e_category` WHERE `status` = 1 ORDER BY `sort` desc, id desc  [ RunTime:0.0004s ]
SQL: SHOW COLUMNS FROM `e_article` [ RunTime:0.0005s ]
SQL: SELECT * FROM `e_article` WHERE `id` = 0 LIMIT 1   [ RunTime:0.0004s ]
INFO: [ view_parse ] --START--
INFO: [ template_filter ] --START--
INFO: Run Behavior\ContentReplaceBehavior [ RunTime:0.000127s ]
INFO: [ template_filter ] --END-- [ RunTime:0.000174s ]
INFO: Run Behavior\ParseTemplateBehavior [ RunTime:0.010765s ]
INFO: [ view_parse ] --END-- [ RunTime:0.010798s ]
INFO: [ view_filter ] --START--
INFO: Run Behavior\WriteHtmlCacheBehavior [ RunTime:0.000105s ]
INFO: [ view_filter ] --END-- [ RunTime:0.000125s ]
INFO: [ app_end ] --START--
INFO: Run Behavior\ShowPageTraceBehavior [ RunTime:0.000298s ]
INFO: [ app_end ] --END-- [ RunTime:0.000329s ]

[ 2016-07-23T23:08:40+08:00 ] ::1 /admin.php/Shop/index.html
INFO: [ app_init ] --START--
INFO: Run Behavior\BuildLiteBehavior [ RunTime:0.000008s ]
INFO: [ app_init ] --END-- [ RunTime:0.000174s ]
INFO: [ app_begin ] --START--
INFO: Run Behavior\ReadHtmlCacheBehavior [ RunTime:0.000225s ]
INFO: [ app_begin ] --END-- [ RunTime:0.000253s ]
NOTIC: [2048] Declaration of Admin\Controller\ShopController::condition() should be compatible with Common\Controller\BaseController::condition($where = Array) /Users/minghuang/www/exe/App/Admin/Controller/ShopController.class.php 第 8 行.
NOTIC: [8] Undefined index: title /Users/minghuang/www/exe/App/Admin/Controller/ShopController.class.php 第 11 行.
SQL: SHOW COLUMNS FROM `e_shop` [ RunTime:0.0013s ]
SQL: SELECT COUNT(*) AS tp_count FROM `e_shop` LIMIT 1   [ RunTime:0.0001s ]
SQL: SELECT * FROM `e_shop` ORDER BY `id` desc LIMIT 20   [ RunTime:0.0004s ]
NOTIC: [8] Undefined variable: link_page /Users/minghuang/www/exe/Core/Library/Think/Page.class.php 第 175 行.
NOTIC: [8] Undefined variable: the_first /Users/minghuang/www/exe/Core/Library/Think/Page.class.php 第 192 行.
NOTIC: [8] Undefined variable: the_end /Users/minghuang/www/exe/Core/Library/Think/Page.class.php 第 192 行.
INFO: [ view_parse ] --START--
INFO: [ template_filter ] --START--
INFO: Run Behavior\ContentReplaceBehavior [ RunTime:0.000075s ]
INFO: [ template_filter ] --END-- [ RunTime:0.000111s ]
NOTIC: [8] Undefined index: title /Users/minghuang/www/exe/App/Runtime/Cache/Admin/d68ce727c8ebc1f81462aeabe3e52156.php 第 161 行.
INFO: Run Behavior\ParseTemplateBehavior [ RunTime:0.009608s ]
INFO: [ view_parse ] --END-- [ RunTime:0.009635s ]
INFO: [ view_filter ] --START--
INFO: Run Behavior\WriteHtmlCacheBehavior [ RunTime:0.000103s ]
INFO: [ view_filter ] --END-- [ RunTime:0.000123s ]
INFO: [ app_end ] --START--
INFO: Run Behavior\ShowPageTraceBehavior [ RunTime:0.000317s ]
INFO: [ app_end ] --END-- [ RunTime:0.000353s ]

[ 2016-07-23T23:08:41+08:00 ] ::1 /admin.php/Shop/add.html
INFO: [ app_init ] --START--
INFO: Run Behavior\BuildLiteBehavior [ RunTime:0.000010s ]
INFO: [ app_init ] --END-- [ RunTime:0.000255s ]
INFO: [ app_begin ] --START--
INFO: Run Behavior\ReadHtmlCacheBehavior [ RunTime:0.000242s ]
INFO: [ app_begin ] --END-- [ RunTime:0.000272s ]
NOTIC: [2048] Declaration of Admin\Controller\ShopController::condition() should be compatible with Common\Controller\BaseController::condition($where = Array) /Users/minghuang/www/exe/App/Admin/Controller/ShopController.class.php 第 8 行.
SQL: SHOW COLUMNS FROM `e_shop` [ RunTime:0.0005s ]
SQL: SELECT * FROM `e_shop` WHERE `id` = 0 LIMIT 1   [ RunTime:0.0002s ]
INFO: [ view_parse ] --START--
INFO: [ template_filter ] --START--
INFO: Run Behavior\ContentReplaceBehavior [ RunTime:0.000085s ]
INFO: [ template_filter ] --END-- [ RunTime:0.000124s ]
NOTIC: [8] Undefined variable: categorys /Users/minghuang/www/exe/App/Runtime/Cache/Admin/0032bcef7138653ecc8419534bc1dec2.php 第 180 行.
INFO: Run Behavior\ParseTemplateBehavior [ RunTime:0.011942s ]
INFO: [ view_parse ] --END-- [ RunTime:0.011978s ]
INFO: [ view_filter ] --START--
INFO: Run Behavior\WriteHtmlCacheBehavior [ RunTime:0.000147s ]
INFO: [ view_filter ] --END-- [ RunTime:0.000186s ]
INFO: [ app_end ] --START--
INFO: Run Behavior\ShowPageTraceBehavior [ RunTime:0.000470s ]
INFO: [ app_end ] --END-- [ RunTime:0.000528s ]

[ 2016-07-23T23:11:50+08:00 ] ::1 /admin.php/public/login.html
INFO: [ app_init ] --START--
INFO: Run Behavior\BuildLiteBehavior [ RunTime:0.000008s ]
INFO: [ app_init ] --END-- [ RunTime:0.000170s ]
INFO: [ app_begin ] --START--
INFO: Run Behavior\ReadHtmlCacheBehavior [ RunTime:0.000461s ]
INFO: [ app_begin ] --END-- [ RunTime:0.000517s ]
INFO: [ view_parse ] --START--
INFO: [ template_filter ] --START--
INFO: Run Behavior\ContentReplaceBehavior [ RunTime:0.000054s ]
INFO: [ template_filter ] --END-- [ RunTime:0.000091s ]
INFO: Run Behavior\ParseTemplateBehavior [ RunTime:0.004187s ]
INFO: [ view_parse ] --END-- [ RunTime:0.004223s ]
INFO: [ view_filter ] --START--
INFO: Run Behavior\WriteHtmlCacheBehavior [ RunTime:0.000105s ]
INFO: [ view_filter ] --END-- [ RunTime:0.000128s ]
INFO: [ app_end ] --START--
INFO: Run Behavior\ShowPageTraceBehavior [ RunTime:0.000306s ]
INFO: [ app_end ] --END-- [ RunTime:0.000334s ]

[ 2016-07-23T23:11:54+08:00 ] ::1 /admin.php/public/login.html
INFO: [ app_init ] --START--
INFO: Run Behavior\BuildLiteBehavior [ RunTime:0.000013s ]
INFO: [ app_init ] --END-- [ RunTime:0.000288s ]
INFO: [ app_begin ] --START--
INFO: Run Behavior\ReadHtmlCacheBehavior [ RunTime:0.000353s ]
INFO: [ app_begin ] --END-- [ RunTime:0.000400s ]
SQL: SHOW COLUMNS FROM `e_user` [ RunTime:0.0007s ]
SQL: SHOW COLUMNS FROM `e_options` [ RunTime:0.0005s ]
SQL: SELECT `option_value` FROM `e_options` WHERE `option_name` = 'admin_user' LIMIT 1   [ RunTime:0.0002s ]
SQL: SELECT `option_value` FROM `e_options` WHERE `option_name` = 'admin_pass' LIMIT 1   [ RunTime:0.0002s ]

[ 2016-07-23T23:11:58+08:00 ] ::1 /admin.php/Index/index.html
INFO: [ app_init ] --START--
INFO: Run Behavior\BuildLiteBehavior [ RunTime:0.000008s ]
INFO: [ app_init ] --END-- [ RunTime:0.000168s ]
INFO: [ app_begin ] --START--
INFO: Run Behavior\ReadHtmlCacheBehavior [ RunTime:0.000423s ]
INFO: [ app_begin ] --END-- [ RunTime:0.000475s ]
SQL: SHOW COLUMNS FROM `e_user` [ RunTime:0.0005s ]
SQL: SELECT * FROM `e_user` LIMIT 100   [ RunTime:0.0002s ]
SQL: SHOW COLUMNS FROM `e_counts` [ RunTime:0.0003s ]
SQL: SELECT * FROM `e_counts` WHERE `id` = 1469203201 LIMIT 1   [ RunTime:0.0002s ]
SQL: SELECT * FROM `e_counts` WHERE `id` = 1469116801 LIMIT 1   [ RunTime:0.0002s ]
INFO: [ view_parse ] --START--
INFO: [ template_filter ] --START--
INFO: Run Behavior\ContentReplaceBehavior [ RunTime:0.000095s ]
INFO: [ template_filter ] --END-- [ RunTime:0.000129s ]
SQL: SHOW COLUMNS FROM `e_options` [ RunTime:0.0004s ]
SQL: SELECT `option_value` FROM `e_options` WHERE `option_name` = 'admin_user' LIMIT 1   [ RunTime:0.0002s ]
SQL: SELECT `option_value` FROM `e_options` WHERE `option_name` = 'admin_pass' LIMIT 1   [ RunTime:0.0001s ]
INFO: Run Behavior\ParseTemplateBehavior [ RunTime:0.012792s ]
INFO: [ view_parse ] --END-- [ RunTime:0.012822s ]
INFO: [ view_filter ] --START--
INFO: Run Behavior\WriteHtmlCacheBehavior [ RunTime:0.000150s ]
INFO: [ view_filter ] --END-- [ RunTime:0.000173s ]
INFO: [ app_end ] --START--
INFO: Run Behavior\ShowPageTraceBehavior [ RunTime:0.000386s ]
INFO: [ app_end ] --END-- [ RunTime:0.000461s ]

[ 2016-07-23T23:12:03+08:00 ] ::1 /admin.php/Options/index.html
INFO: [ app_init ] --START--
INFO: Run Behavior\BuildLiteBehavior [ RunTime:0.000008s ]
INFO: [ app_init ] --END-- [ RunTime:0.000176s ]
INFO: [ app_begin ] --START--
INFO: Run Behavior\ReadHtmlCacheBehavior [ RunTime:0.000256s ]
INFO: [ app_begin ] --END-- [ RunTime:0.000293s ]
SQL: SHOW COLUMNS FROM `e_options` [ RunTime:0.0003s ]
SQL: SELECT COUNT(*) AS tp_count FROM `e_options` LIMIT 1   [ RunTime:0.0001s ]
SQL: SELECT * FROM `e_options` ORDER BY `id` desc  [ RunTime:0.0003s ]
NOTIC: [2] Division by zero /Users/minghuang/www/exe/Core/Library/Think/Page.class.php 第 154 行.
NOTIC: [8] Undefined variable: the_first /Users/minghuang/www/exe/Core/Library/Think/Page.class.php 第 192 行.
NOTIC: [8] Undefined variable: link_page /Users/minghuang/www/exe/Core/Library/Think/Page.class.php 第 192 行.
NOTIC: [8] Undefined variable: the_end /Users/minghuang/www/exe/Core/Library/Think/Page.class.php 第 192 行.
INFO: [ view_parse ] --START--
INFO: [ template_filter ] --START--
INFO: Run Behavior\ContentReplaceBehavior [ RunTime:0.000072s ]
INFO: [ template_filter ] --END-- [ RunTime:0.000107s ]
INFO: Run Behavior\ParseTemplateBehavior [ RunTime:0.010324s ]
INFO: [ view_parse ] --END-- [ RunTime:0.010356s ]
INFO: [ view_filter ] --START--
INFO: Run Behavior\WriteHtmlCacheBehavior [ RunTime:0.000112s ]
INFO: [ view_filter ] --END-- [ RunTime:0.000133s ]
INFO: [ app_end ] --START--
INFO: Run Behavior\ShowPageTraceBehavior [ RunTime:0.000299s ]
INFO: [ app_end ] --END-- [ RunTime:0.000359s ]

[ 2016-07-23T23:12:04+08:00 ] ::1 /admin.php/Link/index.html
INFO: [ app_init ] --START--
INFO: Run Behavior\BuildLiteBehavior [ RunTime:0.000007s ]
INFO: [ app_init ] --END-- [ RunTime:0.000178s ]
INFO: [ app_begin ] --START--
INFO: Run Behavior\ReadHtmlCacheBehavior [ RunTime:0.000233s ]
INFO: [ app_begin ] --END-- [ RunTime:0.000263s ]
SQL: SHOW COLUMNS FROM `e_link` [ RunTime:0.0014s ]
SQL: SELECT COUNT(*) AS tp_count FROM `e_link` LIMIT 1   [ RunTime:0.0002s ]
SQL: SELECT * FROM `e_link` ORDER BY `id` desc LIMIT 20   [ RunTime:0.0005s ]
NOTIC: [8] Undefined variable: link_page /Users/minghuang/www/exe/Core/Library/Think/Page.class.php 第 175 行.
NOTIC: [8] Undefined variable: the_first /Users/minghuang/www/exe/Core/Library/Think/Page.class.php 第 192 行.
NOTIC: [8] Undefined variable: the_end /Users/minghuang/www/exe/Core/Library/Think/Page.class.php 第 192 行.
INFO: [ view_parse ] --START--
INFO: [ template_filter ] --START--
INFO: Run Behavior\ContentReplaceBehavior [ RunTime:0.000077s ]
INFO: [ template_filter ] --END-- [ RunTime:0.000111s ]
INFO: Run Behavior\ParseTemplateBehavior [ RunTime:0.009880s ]
INFO: [ view_parse ] --END-- [ RunTime:0.009910s ]
INFO: [ view_filter ] --START--
INFO: Run Behavior\WriteHtmlCacheBehavior [ RunTime:0.000105s ]
INFO: [ view_filter ] --END-- [ RunTime:0.000124s ]
INFO: [ app_end ] --START--
INFO: Run Behavior\ShowPageTraceBehavior [ RunTime:0.000296s ]
INFO: [ app_end ] --END-- [ RunTime:0.000322s ]

[ 2016-07-23T23:12:07+08:00 ] ::1 /admin.php/Shop/index.html
INFO: [ app_init ] --START--
INFO: Run Behavior\BuildLiteBehavior [ RunTime:0.000010s ]
INFO: [ app_init ] --END-- [ RunTime:0.000204s ]
INFO: [ app_begin ] --START--
INFO: Run Behavior\ReadHtmlCacheBehavior [ RunTime:0.000242s ]
INFO: [ app_begin ] --END-- [ RunTime:0.000270s ]
NOTIC: [2048] Declaration of Admin\Controller\ShopController::condition() should be compatible with Common\Controller\BaseController::condition($where = Array) /Users/minghuang/www/exe/App/Admin/Controller/ShopController.class.php 第 8 行.
NOTIC: [8] Undefined index: title /Users/minghuang/www/exe/App/Admin/Controller/ShopController.class.php 第 11 行.
SQL: SHOW COLUMNS FROM `e_shop` [ RunTime:0.0004s ]
SQL: SELECT COUNT(*) AS tp_count FROM `e_shop` LIMIT 1   [ RunTime:0.0001s ]
SQL: SELECT * FROM `e_shop` ORDER BY `id` desc LIMIT 20   [ RunTime:0.0002s ]
NOTIC: [8] Undefined variable: link_page /Users/minghuang/www/exe/Core/Library/Think/Page.class.php 第 175 行.
NOTIC: [8] Undefined variable: the_first /Users/minghuang/www/exe/Core/Library/Think/Page.class.php 第 192 行.
NOTIC: [8] Undefined variable: the_end /Users/minghuang/www/exe/Core/Library/Think/Page.class.php 第 192 行.
INFO: [ view_parse ] --START--
INFO: [ template_filter ] --START--
INFO: Run Behavior\ContentReplaceBehavior [ RunTime:0.000085s ]
INFO: [ template_filter ] --END-- [ RunTime:0.000126s ]
NOTIC: [8] Undefined index: title /Users/minghuang/www/exe/App/Runtime/Cache/Admin/d68ce727c8ebc1f81462aeabe3e52156.php 第 161 行.
INFO: Run Behavior\ParseTemplateBehavior [ RunTime:0.009985s ]
INFO: [ view_parse ] --END-- [ RunTime:0.010013s ]
INFO: [ view_filter ] --START--
INFO: Run Behavior\WriteHtmlCacheBehavior [ RunTime:0.000116s ]
INFO: [ view_filter ] --END-- [ RunTime:0.000136s ]
INFO: [ app_end ] --START--
INFO: Run Behavior\ShowPageTraceBehavior [ RunTime:0.000290s ]
INFO: [ app_end ] --END-- [ RunTime:0.000316s ]

[ 2016-07-23T23:14:26+08:00 ] ::1 /admin.php/Shop/index.html
INFO: [ app_init ] --START--
INFO: Run Behavior\BuildLiteBehavior [ RunTime:0.000008s ]
INFO: [ app_init ] --END-- [ RunTime:0.000175s ]
INFO: [ app_begin ] --START--
INFO: Run Behavior\ReadHtmlCacheBehavior [ RunTime:0.000222s ]
INFO: [ app_begin ] --END-- [ RunTime:0.000249s ]
NOTIC: [2048] Declaration of Admin\Controller\ShopController::condition() should be compatible with Common\Controller\BaseController::condition($where = Array) /Users/minghuang/www/exe/App/Admin/Controller/ShopController.class.php 第 8 行.
NOTIC: [8] Undefined index: title /Users/minghuang/www/exe/App/Admin/Controller/ShopController.class.php 第 11 行.
SQL: SHOW COLUMNS FROM `e_shop` [ RunTime:0.0005s ]
SQL: SELECT COUNT(*) AS tp_count FROM `e_shop` LIMIT 1   [ RunTime:0.0001s ]
SQL: SELECT * FROM `e_shop` ORDER BY `id` desc LIMIT 20   [ RunTime:0.0002s ]
NOTIC: [8] Undefined variable: link_page /Users/minghuang/www/exe/Core/Library/Think/Page.class.php 第 175 行.
NOTIC: [8] Undefined variable: the_first /Users/minghuang/www/exe/Core/Library/Think/Page.class.php 第 192 行.
NOTIC: [8] Undefined variable: the_end /Users/minghuang/www/exe/Core/Library/Think/Page.class.php 第 192 行.
INFO: [ view_parse ] --START--
INFO: [ template_filter ] --START--
INFO: Run Behavior\ContentReplaceBehavior [ RunTime:0.000082s ]
INFO: [ template_filter ] --END-- [ RunTime:0.000117s ]
NOTIC: [8] Undefined index: title /Users/minghuang/www/exe/App/Runtime/Cache/Admin/d68ce727c8ebc1f81462aeabe3e52156.php 第 161 行.
INFO: Run Behavior\ParseTemplateBehavior [ RunTime:0.009729s ]
INFO: [ view_parse ] --END-- [ RunTime:0.009755s ]
INFO: [ view_filter ] --START--
INFO: Run Behavior\WriteHtmlCacheBehavior [ RunTime:0.000119s ]
INFO: [ view_filter ] --END-- [ RunTime:0.000141s ]
INFO: [ app_end ] --START--
INFO: Run Behavior\ShowPageTraceBehavior [ RunTime:0.000397s ]
INFO: [ app_end ] --END-- [ RunTime:0.000439s ]

