[ 2016-05-28T14:51:37+08:00 ] ::1 /admin.php/public/login.html
INFO: [ app_init ] --START--
INFO: Run Behavior\BuildLiteBehavior [ RunTime:0.000010s ]
INFO: [ app_init ] --END-- [ RunTime:0.000250s ]
INFO: [ app_begin ] --START--
INFO: Run Behavior\ReadHtmlCacheBehavior [ RunTime:0.000284s ]
INFO: [ app_begin ] --END-- [ RunTime:0.000318s ]
INFO: [ view_parse ] --START--
INFO: [ template_filter ] --START--
INFO: Run Behavior\ContentReplaceBehavior [ RunTime:0.000053s ]
INFO: [ template_filter ] --END-- [ RunTime:0.000089s ]
INFO: Run Behavior\ParseTemplateBehavior [ RunTime:0.004654s ]
INFO: [ view_parse ] --END-- [ RunTime:0.004684s ]
INFO: [ view_filter ] --START--
INFO: Run Behavior\WriteHtmlCacheBehavior [ RunTime:0.000099s ]
INFO: [ view_filter ] --END-- [ RunTime:0.000120s ]
INFO: [ app_end ] --START--
INFO: Run Behavior\ShowPageTraceBehavior [ RunTime:0.000349s ]
INFO: [ app_end ] --END-- [ RunTime:0.000397s ]

[ 2016-05-28T14:51:40+08:00 ] ::1 /admin.php/public/login.html
INFO: [ app_init ] --START--
INFO: Run Behavior\BuildLiteBehavior [ RunTime:0.000012s ]
INFO: [ app_init ] --END-- [ RunTime:0.000219s ]
INFO: [ app_begin ] --START--
INFO: Run Behavior\ReadHtmlCacheBehavior [ RunTime:0.000266s ]
INFO: [ app_begin ] --END-- [ RunTime:0.000298s ]
SQL: SHOW COLUMNS FROM `e_user` [ RunTime:0.0007s ]
SQL: SHOW COLUMNS FROM `e_options` [ RunTime:0.0006s ]
SQL: SELECT `option_value` FROM `e_options` WHERE `option_name` = 'admin_user' LIMIT 1   [ RunTime:0.0002s ]
SQL: SELECT `option_value` FROM `e_options` WHERE `option_name` = 'admin_pass' LIMIT 1   [ RunTime:0.0002s ]

[ 2016-05-28T14:51:44+08:00 ] ::1 /admin.php/Index/index.html
INFO: [ app_init ] --START--
INFO: Run Behavior\BuildLiteBehavior [ RunTime:0.000007s ]
INFO: [ app_init ] --END-- [ RunTime:0.000170s ]
INFO: [ app_begin ] --START--
INFO: Run Behavior\ReadHtmlCacheBehavior [ RunTime:0.000221s ]
INFO: [ app_begin ] --END-- [ RunTime:0.000247s ]
SQL: SHOW COLUMNS FROM `e_user` [ RunTime:0.0005s ]
SQL: SELECT * FROM `e_user` LIMIT 100   [ RunTime:0.0002s ]
INFO: [ view_parse ] --START--
INFO: [ template_filter ] --START--
INFO: Run Behavior\ContentReplaceBehavior [ RunTime:0.000094s ]
INFO: [ template_filter ] --END-- [ RunTime:0.000132s ]
SQL: SHOW COLUMNS FROM `e_options` [ RunTime:0.0004s ]
SQL: SELECT `option_value` FROM `e_options` WHERE `option_name` = 'admin_user' LIMIT 1   [ RunTime:0.0002s ]
SQL: SELECT `option_value` FROM `e_options` WHERE `option_name` = 'admin_pass' LIMIT 1   [ RunTime:0.0002s ]
INFO: Run Behavior\ParseTemplateBehavior [ RunTime:0.012919s ]
INFO: [ view_parse ] --END-- [ RunTime:0.012947s ]
INFO: [ view_filter ] --START--
INFO: Run Behavior\WriteHtmlCacheBehavior [ RunTime:0.000166s ]
INFO: [ view_filter ] --END-- [ RunTime:0.000189s ]
INFO: [ app_end ] --START--
INFO: Run Behavior\ShowPageTraceBehavior [ RunTime:0.000465s ]
INFO: [ app_end ] --END-- [ RunTime:0.000506s ]

[ 2016-05-28T14:56:01+08:00 ] ::1 /admin.php/public/login.html
INFO: [ app_init ] --START--
INFO: Run Behavior\BuildLiteBehavior [ RunTime:0.000010s ]
INFO: [ app_init ] --END-- [ RunTime:0.000345s ]
INFO: [ app_begin ] --START--
INFO: Run Behavior\ReadHtmlCacheBehavior [ RunTime:0.000501s ]
INFO: [ app_begin ] --END-- [ RunTime:0.000590s ]
INFO: [ view_parse ] --START--
INFO: [ template_filter ] --START--
INFO: Run Behavior\ContentReplaceBehavior [ RunTime:0.000048s ]
INFO: [ template_filter ] --END-- [ RunTime:0.000080s ]
INFO: Run Behavior\ParseTemplateBehavior [ RunTime:0.003666s ]
INFO: [ view_parse ] --END-- [ RunTime:0.003695s ]
INFO: [ view_filter ] --START--
INFO: Run Behavior\WriteHtmlCacheBehavior [ RunTime:0.000089s ]
INFO: [ view_filter ] --END-- [ RunTime:0.000108s ]
INFO: [ app_end ] --START--
INFO: Run Behavior\ShowPageTraceBehavior [ RunTime:0.000291s ]
INFO: [ app_end ] --END-- [ RunTime:0.000317s ]

[ 2016-05-28T14:56:06+08:00 ] ::1 /admin.php/public/login.html
INFO: [ app_init ] --START--
INFO: Run Behavior\BuildLiteBehavior [ RunTime:0.000010s ]
INFO: [ app_init ] --END-- [ RunTime:0.000215s ]
INFO: [ app_begin ] --START--
INFO: Run Behavior\ReadHtmlCacheBehavior [ RunTime:0.000280s ]
INFO: [ app_begin ] --END-- [ RunTime:0.000316s ]
SQL: SHOW COLUMNS FROM `e_user` [ RunTime:0.0005s ]
SQL: SHOW COLUMNS FROM `e_options` [ RunTime:0.0006s ]
SQL: SELECT `option_value` FROM `e_options` WHERE `option_name` = 'admin_user' LIMIT 1   [ RunTime:0.0003s ]
SQL: SELECT `option_value` FROM `e_options` WHERE `option_name` = 'admin_pass' LIMIT 1   [ RunTime:0.0002s ]

[ 2016-05-28T14:56:09+08:00 ] ::1 /admin.php/Index/index.html
INFO: [ app_init ] --START--
INFO: Run Behavior\BuildLiteBehavior [ RunTime:0.000007s ]
INFO: [ app_init ] --END-- [ RunTime:0.000166s ]
INFO: [ app_begin ] --START--
INFO: Run Behavior\ReadHtmlCacheBehavior [ RunTime:0.000220s ]
INFO: [ app_begin ] --END-- [ RunTime:0.000245s ]
SQL: SHOW COLUMNS FROM `e_user` [ RunTime:0.0004s ]
SQL: SELECT * FROM `e_user` LIMIT 100   [ RunTime:0.0002s ]
INFO: [ view_parse ] --START--
INFO: [ template_filter ] --START--
INFO: Run Behavior\ContentReplaceBehavior [ RunTime:0.000096s ]
INFO: [ template_filter ] --END-- [ RunTime:0.000136s ]
SQL: SHOW COLUMNS FROM `e_options` [ RunTime:0.0004s ]
SQL: SELECT `option_value` FROM `e_options` WHERE `option_name` = 'admin_user' LIMIT 1   [ RunTime:0.0002s ]
SQL: SELECT `option_value` FROM `e_options` WHERE `option_name` = 'admin_pass' LIMIT 1   [ RunTime:0.0001s ]
INFO: Run Behavior\ParseTemplateBehavior [ RunTime:0.012689s ]
INFO: [ view_parse ] --END-- [ RunTime:0.012715s ]
INFO: [ view_filter ] --START--
INFO: Run Behavior\WriteHtmlCacheBehavior [ RunTime:0.000148s ]
INFO: [ view_filter ] --END-- [ RunTime:0.000170s ]
INFO: [ app_end ] --START--
INFO: Run Behavior\ShowPageTraceBehavior [ RunTime:0.000410s ]
INFO: [ app_end ] --END-- [ RunTime:0.000454s ]

[ 2016-05-28T14:57:19+08:00 ] ::1 /admin.php/Category/index.html
INFO: [ app_init ] --START--
INFO: Run Behavior\BuildLiteBehavior [ RunTime:0.000008s ]
INFO: [ app_init ] --END-- [ RunTime:0.000171s ]
INFO: [ app_begin ] --START--
INFO: Run Behavior\ReadHtmlCacheBehavior [ RunTime:0.000231s ]
INFO: [ app_begin ] --END-- [ RunTime:0.000257s ]
SQL: SHOW COLUMNS FROM `e_category` [ RunTime:0.0003s ]
SQL: SELECT COUNT(*) AS tp_count FROM `e_category` LIMIT 1   [ RunTime:0.0001s ]
SQL: SELECT * FROM `e_category` LIMIT 20   [ RunTime:0.0002s ]
NOTIC: [8] Undefined variable: link_page /Users/minghuang/www/exe/Core/Library/Think/Page.class.php 第 175 行.
NOTIC: [8] Undefined variable: the_first /Users/minghuang/www/exe/Core/Library/Think/Page.class.php 第 192 行.
NOTIC: [8] Undefined variable: the_end /Users/minghuang/www/exe/Core/Library/Think/Page.class.php 第 192 行.
INFO: [ view_parse ] --START--
INFO: [ template_filter ] --START--
INFO: Run Behavior\ContentReplaceBehavior [ RunTime:0.000073s ]
INFO: [ template_filter ] --END-- [ RunTime:0.000105s ]
INFO: Run Behavior\ParseTemplateBehavior [ RunTime:0.009394s ]
INFO: [ view_parse ] --END-- [ RunTime:0.009429s ]
INFO: [ view_filter ] --START--
INFO: Run Behavior\WriteHtmlCacheBehavior [ RunTime:0.000136s ]
INFO: [ view_filter ] --END-- [ RunTime:0.000157s ]
INFO: [ app_end ] --START--
INFO: Run Behavior\ShowPageTraceBehavior [ RunTime:0.000284s ]
INFO: [ app_end ] --END-- [ RunTime:0.000310s ]

[ 2016-05-28T14:57:24+08:00 ] ::1 /admin.php/Options/index.html
INFO: [ app_init ] --START--
INFO: Run Behavior\BuildLiteBehavior [ RunTime:0.000009s ]
INFO: [ app_init ] --END-- [ RunTime:0.000181s ]
INFO: [ app_begin ] --START--
INFO: Run Behavior\ReadHtmlCacheBehavior [ RunTime:0.000229s ]
INFO: [ app_begin ] --END-- [ RunTime:0.000255s ]
SQL: SHOW COLUMNS FROM `e_options` [ RunTime:0.0005s ]
SQL: SELECT COUNT(*) AS tp_count FROM `e_options` LIMIT 1   [ RunTime:0.0002s ]
SQL: SELECT * FROM `e_options`  [ RunTime:0.0002s ]
NOTIC: [2] Division by zero /Users/minghuang/www/exe/Core/Library/Think/Page.class.php 第 154 行.
NOTIC: [8] Undefined variable: the_first /Users/minghuang/www/exe/Core/Library/Think/Page.class.php 第 192 行.
NOTIC: [8] Undefined variable: link_page /Users/minghuang/www/exe/Core/Library/Think/Page.class.php 第 192 行.
NOTIC: [8] Undefined variable: the_end /Users/minghuang/www/exe/Core/Library/Think/Page.class.php 第 192 行.
INFO: [ view_parse ] --START--
INFO: [ template_filter ] --START--
INFO: Run Behavior\ContentReplaceBehavior [ RunTime:0.000077s ]
INFO: [ template_filter ] --END-- [ RunTime:0.000115s ]
INFO: Run Behavior\ParseTemplateBehavior [ RunTime:0.009715s ]
INFO: [ view_parse ] --END-- [ RunTime:0.009744s ]
INFO: [ view_filter ] --START--
INFO: Run Behavior\WriteHtmlCacheBehavior [ RunTime:0.000102s ]
INFO: [ view_filter ] --END-- [ RunTime:0.000121s ]
INFO: [ app_end ] --START--
INFO: Run Behavior\ShowPageTraceBehavior [ RunTime:0.000278s ]
INFO: [ app_end ] --END-- [ RunTime:0.000305s ]

[ 2016-05-28T14:57:29+08:00 ] ::1 /admin.php/Options/del/id/10.html
INFO: [ app_init ] --START--
INFO: Run Behavior\BuildLiteBehavior [ RunTime:0.000022s ]
INFO: [ app_init ] --END-- [ RunTime:0.000393s ]
INFO: [ app_begin ] --START--
INFO: Run Behavior\ReadHtmlCacheBehavior [ RunTime:0.000350s ]
INFO: [ app_begin ] --END-- [ RunTime:0.000394s ]
SQL: SHOW COLUMNS FROM `e_options` [ RunTime:0.0006s ]
SQL: DELETE FROM `e_options` WHERE `id` = 10 [ RunTime:0.0014s ]

[ 2016-05-28T14:57:31+08:00 ] ::1 /admin.php/Options/del/id/6.html
INFO: [ app_init ] --START--
INFO: Run Behavior\BuildLiteBehavior [ RunTime:0.000009s ]
INFO: [ app_init ] --END-- [ RunTime:0.000187s ]
INFO: [ app_begin ] --START--
INFO: Run Behavior\ReadHtmlCacheBehavior [ RunTime:0.000407s ]
INFO: [ app_begin ] --END-- [ RunTime:0.000460s ]
SQL: SHOW COLUMNS FROM `e_options` [ RunTime:0.0004s ]
SQL: DELETE FROM `e_options` WHERE `id` = 6 [ RunTime:0.0013s ]

[ 2016-05-28T14:57:31+08:00 ] ::1 /admin.php/Options/index.html
INFO: [ app_init ] --START--
INFO: Run Behavior\BuildLiteBehavior [ RunTime:0.000018s ]
INFO: [ app_init ] --END-- [ RunTime:0.000337s ]
INFO: [ app_begin ] --START--
INFO: Run Behavior\ReadHtmlCacheBehavior [ RunTime:0.000465s ]
INFO: [ app_begin ] --END-- [ RunTime:0.000524s ]
SQL: SHOW COLUMNS FROM `e_options` [ RunTime:0.0006s ]
SQL: SELECT COUNT(*) AS tp_count FROM `e_options` LIMIT 1   [ RunTime:0.0002s ]
SQL: SELECT * FROM `e_options`  [ RunTime:0.0003s ]
NOTIC: [2] Division by zero /Users/minghuang/www/exe/Core/Library/Think/Page.class.php 第 154 行.
NOTIC: [8] Undefined variable: the_first /Users/minghuang/www/exe/Core/Library/Think/Page.class.php 第 192 行.
NOTIC: [8] Undefined variable: link_page /Users/minghuang/www/exe/Core/Library/Think/Page.class.php 第 192 行.
NOTIC: [8] Undefined variable: the_end /Users/minghuang/www/exe/Core/Library/Think/Page.class.php 第 192 行.
INFO: [ view_parse ] --START--
INFO: [ template_filter ] --START--
INFO: Run Behavior\ContentReplaceBehavior [ RunTime:0.000122s ]
INFO: [ template_filter ] --END-- [ RunTime:0.000208s ]
INFO: Run Behavior\ParseTemplateBehavior [ RunTime:0.016459s ]
INFO: [ view_parse ] --END-- [ RunTime:0.016513s ]
INFO: [ view_filter ] --START--
INFO: Run Behavior\WriteHtmlCacheBehavior [ RunTime:0.000211s ]
INFO: [ view_filter ] --END-- [ RunTime:0.000249s ]
INFO: [ app_end ] --START--
INFO: Run Behavior\ShowPageTraceBehavior [ RunTime:0.000428s ]
INFO: [ app_end ] --END-- [ RunTime:0.000474s ]

[ 2016-05-28T14:57:33+08:00 ] ::1 /admin.php/Options/del/id/11.html
INFO: [ app_init ] --START--
INFO: Run Behavior\BuildLiteBehavior [ RunTime:0.000011s ]
INFO: [ app_init ] --END-- [ RunTime:0.000249s ]
INFO: [ app_begin ] --START--
INFO: Run Behavior\ReadHtmlCacheBehavior [ RunTime:0.000262s ]
INFO: [ app_begin ] --END-- [ RunTime:0.000291s ]
SQL: SHOW COLUMNS FROM `e_options` [ RunTime:0.0015s ]
SQL: DELETE FROM `e_options` WHERE `id` = 11 [ RunTime:0.0013s ]

[ 2016-05-28T14:57:36+08:00 ] ::1 /admin.php/Options/index.html
INFO: [ app_init ] --START--
INFO: Run Behavior\BuildLiteBehavior [ RunTime:0.000007s ]
INFO: [ app_init ] --END-- [ RunTime:0.000169s ]
INFO: [ app_begin ] --START--
INFO: Run Behavior\ReadHtmlCacheBehavior [ RunTime:0.000221s ]
INFO: [ app_begin ] --END-- [ RunTime:0.000247s ]
SQL: SHOW COLUMNS FROM `e_options` [ RunTime:0.0003s ]
SQL: SELECT COUNT(*) AS tp_count FROM `e_options` LIMIT 1   [ RunTime:0.0003s ]
SQL: SELECT * FROM `e_options`  [ RunTime:0.0002s ]
NOTIC: [2] Division by zero /Users/minghuang/www/exe/Core/Library/Think/Page.class.php 第 154 行.
NOTIC: [8] Undefined variable: the_first /Users/minghuang/www/exe/Core/Library/Think/Page.class.php 第 192 行.
NOTIC: [8] Undefined variable: link_page /Users/minghuang/www/exe/Core/Library/Think/Page.class.php 第 192 行.
NOTIC: [8] Undefined variable: the_end /Users/minghuang/www/exe/Core/Library/Think/Page.class.php 第 192 行.
INFO: [ view_parse ] --START--
INFO: [ template_filter ] --START--
INFO: Run Behavior\ContentReplaceBehavior [ RunTime:0.000073s ]
INFO: [ template_filter ] --END-- [ RunTime:0.000106s ]
INFO: Run Behavior\ParseTemplateBehavior [ RunTime:0.009128s ]
INFO: [ view_parse ] --END-- [ RunTime:0.009158s ]
INFO: [ view_filter ] --START--
INFO: Run Behavior\WriteHtmlCacheBehavior [ RunTime:0.000105s ]
INFO: [ view_filter ] --END-- [ RunTime:0.000126s ]
INFO: [ app_end ] --START--
INFO: Run Behavior\ShowPageTraceBehavior [ RunTime:0.000292s ]
INFO: [ app_end ] --END-- [ RunTime:0.000318s ]

[ 2016-05-28T14:57:38+08:00 ] ::1 /admin.php/Options/del/id/8.html
INFO: [ app_init ] --START--
INFO: Run Behavior\BuildLiteBehavior [ RunTime:0.000010s ]
INFO: [ app_init ] --END-- [ RunTime:0.000207s ]
INFO: [ app_begin ] --START--
INFO: Run Behavior\ReadHtmlCacheBehavior [ RunTime:0.000398s ]
INFO: [ app_begin ] --END-- [ RunTime:0.000448s ]
SQL: SHOW COLUMNS FROM `e_options` [ RunTime:0.0007s ]
SQL: DELETE FROM `e_options` WHERE `id` = 8 [ RunTime:0.0012s ]

[ 2016-05-28T14:57:41+08:00 ] ::1 /admin.php/Options/index.html
INFO: [ app_init ] --START--
INFO: Run Behavior\BuildLiteBehavior [ RunTime:0.000008s ]
INFO: [ app_init ] --END-- [ RunTime:0.000174s ]
INFO: [ app_begin ] --START--
INFO: Run Behavior\ReadHtmlCacheBehavior [ RunTime:0.000220s ]
INFO: [ app_begin ] --END-- [ RunTime:0.000247s ]
SQL: SHOW COLUMNS FROM `e_options` [ RunTime:0.0003s ]
SQL: SELECT COUNT(*) AS tp_count FROM `e_options` LIMIT 1   [ RunTime:0.0001s ]
SQL: SELECT * FROM `e_options`  [ RunTime:0.0002s ]
NOTIC: [2] Division by zero /Users/minghuang/www/exe/Core/Library/Think/Page.class.php 第 154 行.
NOTIC: [8] Undefined variable: the_first /Users/minghuang/www/exe/Core/Library/Think/Page.class.php 第 192 行.
NOTIC: [8] Undefined variable: link_page /Users/minghuang/www/exe/Core/Library/Think/Page.class.php 第 192 行.
NOTIC: [8] Undefined variable: the_end /Users/minghuang/www/exe/Core/Library/Think/Page.class.php 第 192 行.
INFO: [ view_parse ] --START--
INFO: [ template_filter ] --START--
INFO: Run Behavior\ContentReplaceBehavior [ RunTime:0.000073s ]
INFO: [ template_filter ] --END-- [ RunTime:0.000105s ]
INFO: Run Behavior\ParseTemplateBehavior [ RunTime:0.008766s ]
INFO: [ view_parse ] --END-- [ RunTime:0.008796s ]
INFO: [ view_filter ] --START--
INFO: Run Behavior\WriteHtmlCacheBehavior [ RunTime:0.000104s ]
INFO: [ view_filter ] --END-- [ RunTime:0.000126s ]
INFO: [ app_end ] --START--
INFO: Run Behavior\ShowPageTraceBehavior [ RunTime:0.000294s ]
INFO: [ app_end ] --END-- [ RunTime:0.000354s ]

[ 2016-05-28T14:57:43+08:00 ] ::1 /admin.php/Options/del/id/5.html
INFO: [ app_init ] --START--
INFO: Run Behavior\BuildLiteBehavior [ RunTime:0.000009s ]
INFO: [ app_init ] --END-- [ RunTime:0.000215s ]
INFO: [ app_begin ] --START--
INFO: Run Behavior\ReadHtmlCacheBehavior [ RunTime:0.000274s ]
INFO: [ app_begin ] --END-- [ RunTime:0.000307s ]
SQL: SHOW COLUMNS FROM `e_options` [ RunTime:0.0004s ]
SQL: DELETE FROM `e_options` WHERE `id` = 5 [ RunTime:0.0013s ]

[ 2016-05-28T14:57:46+08:00 ] ::1 /admin.php/Options/index.html
INFO: [ app_init ] --START--
INFO: Run Behavior\BuildLiteBehavior [ RunTime:0.000009s ]
INFO: [ app_init ] --END-- [ RunTime:0.000185s ]
INFO: [ app_begin ] --START--
INFO: Run Behavior\ReadHtmlCacheBehavior [ RunTime:0.000232s ]
INFO: [ app_begin ] --END-- [ RunTime:0.000259s ]
SQL: SHOW COLUMNS FROM `e_options` [ RunTime:0.0003s ]
SQL: SELECT COUNT(*) AS tp_count FROM `e_options` LIMIT 1   [ RunTime:0.0001s ]
SQL: SELECT * FROM `e_options`  [ RunTime:0.0002s ]
NOTIC: [2] Division by zero /Users/minghuang/www/exe/Core/Library/Think/Page.class.php 第 154 行.
NOTIC: [8] Undefined variable: the_first /Users/minghuang/www/exe/Core/Library/Think/Page.class.php 第 192 行.
NOTIC: [8] Undefined variable: link_page /Users/minghuang/www/exe/Core/Library/Think/Page.class.php 第 192 行.
NOTIC: [8] Undefined variable: the_end /Users/minghuang/www/exe/Core/Library/Think/Page.class.php 第 192 行.
INFO: [ view_parse ] --START--
INFO: [ template_filter ] --START--
INFO: Run Behavior\ContentReplaceBehavior [ RunTime:0.000078s ]
INFO: [ template_filter ] --END-- [ RunTime:0.000121s ]
INFO: Run Behavior\ParseTemplateBehavior [ RunTime:0.009313s ]
INFO: [ view_parse ] --END-- [ RunTime:0.009343s ]
INFO: [ view_filter ] --START--
INFO: Run Behavior\WriteHtmlCacheBehavior [ RunTime:0.000113s ]
INFO: [ view_filter ] --END-- [ RunTime:0.000135s ]
INFO: [ app_end ] --START--
INFO: Run Behavior\ShowPageTraceBehavior [ RunTime:0.000308s ]
INFO: [ app_end ] --END-- [ RunTime:0.000336s ]

[ 2016-05-28T14:57:50+08:00 ] ::1 /admin.php/Options/del/id/9.html
INFO: [ app_init ] --START--
INFO: Run Behavior\BuildLiteBehavior [ RunTime:0.000042s ]
INFO: [ app_init ] --END-- [ RunTime:0.000656s ]
INFO: [ app_begin ] --START--
INFO: Run Behavior\ReadHtmlCacheBehavior [ RunTime:0.000510s ]
INFO: [ app_begin ] --END-- [ RunTime:0.000569s ]
SQL: SHOW COLUMNS FROM `e_options` [ RunTime:0.0004s ]
SQL: DELETE FROM `e_options` WHERE `id` = 9 [ RunTime:0.0012s ]

[ 2016-05-28T14:57:53+08:00 ] ::1 /admin.php/Options/index.html
INFO: [ app_init ] --START--
INFO: Run Behavior\BuildLiteBehavior [ RunTime:0.000009s ]
INFO: [ app_init ] --END-- [ RunTime:0.000182s ]
INFO: [ app_begin ] --START--
INFO: Run Behavior\ReadHtmlCacheBehavior [ RunTime:0.000230s ]
INFO: [ app_begin ] --END-- [ RunTime:0.000255s ]
SQL: SHOW COLUMNS FROM `e_options` [ RunTime:0.0003s ]
SQL: SELECT COUNT(*) AS tp_count FROM `e_options` LIMIT 1   [ RunTime:0.0001s ]
SQL: SELECT * FROM `e_options`  [ RunTime:0.0002s ]
NOTIC: [2] Division by zero /Users/minghuang/www/exe/Core/Library/Think/Page.class.php 第 154 行.
NOTIC: [8] Undefined variable: the_first /Users/minghuang/www/exe/Core/Library/Think/Page.class.php 第 192 行.
NOTIC: [8] Undefined variable: link_page /Users/minghuang/www/exe/Core/Library/Think/Page.class.php 第 192 行.
NOTIC: [8] Undefined variable: the_end /Users/minghuang/www/exe/Core/Library/Think/Page.class.php 第 192 行.
INFO: [ view_parse ] --START--
INFO: [ template_filter ] --START--
INFO: Run Behavior\ContentReplaceBehavior [ RunTime:0.000091s ]
INFO: [ template_filter ] --END-- [ RunTime:0.000164s ]
INFO: Run Behavior\ParseTemplateBehavior [ RunTime:0.012714s ]
INFO: [ view_parse ] --END-- [ RunTime:0.012746s ]
INFO: [ view_filter ] --START--
INFO: Run Behavior\WriteHtmlCacheBehavior [ RunTime:0.000115s ]
INFO: [ view_filter ] --END-- [ RunTime:0.000135s ]
INFO: [ app_end ] --START--
INFO: Run Behavior\ShowPageTraceBehavior [ RunTime:0.000334s ]
INFO: [ app_end ] --END-- [ RunTime:0.000373s ]

[ 2016-05-28T14:57:55+08:00 ] ::1 /admin.php/Options/del/id/7.html
INFO: [ app_init ] --START--
INFO: Run Behavior\BuildLiteBehavior [ RunTime:0.000015s ]
INFO: [ app_init ] --END-- [ RunTime:0.000298s ]
INFO: [ app_begin ] --START--
INFO: Run Behavior\ReadHtmlCacheBehavior [ RunTime:0.000432s ]
INFO: [ app_begin ] --END-- [ RunTime:0.000484s ]
SQL: SHOW COLUMNS FROM `e_options` [ RunTime:0.0006s ]
SQL: DELETE FROM `e_options` WHERE `id` = 7 [ RunTime:0.0014s ]

[ 2016-05-28T14:57:58+08:00 ] ::1 /admin.php/Options/index.html
INFO: [ app_init ] --START--
INFO: Run Behavior\BuildLiteBehavior [ RunTime:0.000007s ]
INFO: [ app_init ] --END-- [ RunTime:0.000169s ]
INFO: [ app_begin ] --START--
INFO: Run Behavior\ReadHtmlCacheBehavior [ RunTime:0.000219s ]
INFO: [ app_begin ] --END-- [ RunTime:0.000245s ]
SQL: SHOW COLUMNS FROM `e_options` [ RunTime:0.0003s ]
SQL: SELECT COUNT(*) AS tp_count FROM `e_options` LIMIT 1   [ RunTime:0.0001s ]
SQL: SELECT * FROM `e_options`  [ RunTime:0.0002s ]
NOTIC: [2] Division by zero /Users/minghuang/www/exe/Core/Library/Think/Page.class.php 第 154 行.
NOTIC: [8] Undefined variable: the_first /Users/minghuang/www/exe/Core/Library/Think/Page.class.php 第 192 行.
NOTIC: [8] Undefined variable: link_page /Users/minghuang/www/exe/Core/Library/Think/Page.class.php 第 192 行.
NOTIC: [8] Undefined variable: the_end /Users/minghuang/www/exe/Core/Library/Think/Page.class.php 第 192 行.
INFO: [ view_parse ] --START--
INFO: [ template_filter ] --START--
INFO: Run Behavior\ContentReplaceBehavior [ RunTime:0.000075s ]
INFO: [ template_filter ] --END-- [ RunTime:0.000112s ]
INFO: Run Behavior\ParseTemplateBehavior [ RunTime:0.009609s ]
INFO: [ view_parse ] --END-- [ RunTime:0.009636s ]
INFO: [ view_filter ] --START--
INFO: Run Behavior\WriteHtmlCacheBehavior [ RunTime:0.000100s ]
INFO: [ view_filter ] --END-- [ RunTime:0.000121s ]
INFO: [ app_end ] --START--
INFO: Run Behavior\ShowPageTraceBehavior [ RunTime:0.000290s ]
INFO: [ app_end ] --END-- [ RunTime:0.000317s ]

[ 2016-05-28T14:57:59+08:00 ] ::1 /admin.php/Index/index.html
INFO: [ app_init ] --START--
INFO: Run Behavior\BuildLiteBehavior [ RunTime:0.000008s ]
INFO: [ app_init ] --END-- [ RunTime:0.000171s ]
INFO: [ app_begin ] --START--
INFO: Run Behavior\ReadHtmlCacheBehavior [ RunTime:0.000222s ]
INFO: [ app_begin ] --END-- [ RunTime:0.000248s ]
SQL: SHOW COLUMNS FROM `e_user` [ RunTime:0.0004s ]
SQL: SELECT * FROM `e_user` LIMIT 100   [ RunTime:0.0002s ]
INFO: [ view_parse ] --START--
INFO: [ template_filter ] --START--
INFO: Run Behavior\ContentReplaceBehavior [ RunTime:0.000088s ]
INFO: [ template_filter ] --END-- [ RunTime:0.000130s ]
SQL: SHOW COLUMNS FROM `e_options` [ RunTime:0.0003s ]
SQL: SELECT `option_value` FROM `e_options` WHERE `option_name` = 'admin_user' LIMIT 1   [ RunTime:0.0002s ]
SQL: SELECT `option_value` FROM `e_options` WHERE `option_name` = 'admin_pass' LIMIT 1   [ RunTime:0.0001s ]
INFO: Run Behavior\ParseTemplateBehavior [ RunTime:0.013308s ]
INFO: [ view_parse ] --END-- [ RunTime:0.013332s ]
INFO: [ view_filter ] --START--
INFO: Run Behavior\WriteHtmlCacheBehavior [ RunTime:0.000136s ]
INFO: [ view_filter ] --END-- [ RunTime:0.000156s ]
INFO: [ app_end ] --START--
INFO: Run Behavior\ShowPageTraceBehavior [ RunTime:0.000425s ]
INFO: [ app_end ] --END-- [ RunTime:0.000496s ]

[ 2016-05-28T14:58:16+08:00 ] ::1 /admin.php/Counts/index.html
INFO: [ app_init ] --START--
INFO: Run Behavior\BuildLiteBehavior [ RunTime:0.000008s ]
INFO: [ app_init ] --END-- [ RunTime:0.000224s ]
INFO: [ app_begin ] --START--
INFO: Run Behavior\ReadHtmlCacheBehavior [ RunTime:0.000224s ]
INFO: [ app_begin ] --END-- [ RunTime:0.000250s ]
SQL: SHOW COLUMNS FROM `e_counts` [ RunTime:0.0005s ]
SQL: SELECT COUNT(*) AS tp_count FROM `e_counts` LIMIT 1   [ RunTime:0.0002s ]
SQL: SELECT * FROM `e_counts` LIMIT 20   [ RunTime:0.0002s ]
NOTIC: [8] Undefined variable: link_page /Users/minghuang/www/exe/Core/Library/Think/Page.class.php 第 175 行.
NOTIC: [8] Undefined variable: the_first /Users/minghuang/www/exe/Core/Library/Think/Page.class.php 第 192 行.
NOTIC: [8] Undefined variable: the_end /Users/minghuang/www/exe/Core/Library/Think/Page.class.php 第 192 行.
INFO: [ view_parse ] --START--
INFO: [ template_filter ] --START--
INFO: Run Behavior\ContentReplaceBehavior [ RunTime:0.000081s ]
INFO: [ template_filter ] --END-- [ RunTime:0.000115s ]
INFO: Run Behavior\ParseTemplateBehavior [ RunTime:0.009958s ]
INFO: [ view_parse ] --END-- [ RunTime:0.010005s ]
INFO: [ view_filter ] --START--
INFO: Run Behavior\WriteHtmlCacheBehavior [ RunTime:0.000160s ]
INFO: [ view_filter ] --END-- [ RunTime:0.000183s ]
INFO: [ app_end ] --START--
INFO: Run Behavior\ShowPageTraceBehavior [ RunTime:0.000323s ]
INFO: [ app_end ] --END-- [ RunTime:0.000353s ]

[ 2016-05-28T15:02:54+08:00 ] ::1 /admin.php/Counts/index.html
INFO: [ app_init ] --START--
INFO: Run Behavior\BuildLiteBehavior [ RunTime:0.000008s ]
INFO: [ app_init ] --END-- [ RunTime:0.000181s ]
INFO: [ app_begin ] --START--
INFO: Run Behavior\ReadHtmlCacheBehavior [ RunTime:0.000226s ]
INFO: [ app_begin ] --END-- [ RunTime:0.000252s ]
SQL: SHOW COLUMNS FROM `e_counts` [ RunTime:0.0003s ]
SQL: SELECT COUNT(*) AS tp_count FROM `e_counts` LIMIT 1   [ RunTime:0.0001s ]
SQL: SELECT * FROM `e_counts` LIMIT 20   [ RunTime:0.0002s ]
NOTIC: [8] Undefined variable: link_page /Users/minghuang/www/exe/Core/Library/Think/Page.class.php 第 175 行.
NOTIC: [8] Undefined variable: the_first /Users/minghuang/www/exe/Core/Library/Think/Page.class.php 第 192 行.
NOTIC: [8] Undefined variable: the_end /Users/minghuang/www/exe/Core/Library/Think/Page.class.php 第 192 行.
INFO: [ view_parse ] --START--
INFO: [ template_filter ] --START--
INFO: Run Behavior\ContentReplaceBehavior [ RunTime:0.000085s ]
INFO: [ template_filter ] --END-- [ RunTime:0.000122s ]
INFO: Run Behavior\ParseTemplateBehavior [ RunTime:0.008942s ]
INFO: [ view_parse ] --END-- [ RunTime:0.008975s ]
INFO: [ view_filter ] --START--
INFO: Run Behavior\WriteHtmlCacheBehavior [ RunTime:0.000110s ]
INFO: [ view_filter ] --END-- [ RunTime:0.000131s ]
INFO: [ app_end ] --START--
INFO: Run Behavior\ShowPageTraceBehavior [ RunTime:0.000327s ]
INFO: [ app_end ] --END-- [ RunTime:0.000435s ]

[ 2016-05-28T15:02:56+08:00 ] ::1 /admin.php/Index/index.html
INFO: [ app_init ] --START--
INFO: Run Behavior\BuildLiteBehavior [ RunTime:0.000009s ]
INFO: [ app_init ] --END-- [ RunTime:0.000212s ]
INFO: [ app_begin ] --START--
INFO: Run Behavior\ReadHtmlCacheBehavior [ RunTime:0.000233s ]
INFO: [ app_begin ] --END-- [ RunTime:0.000259s ]
SQL: SHOW COLUMNS FROM `e_user` [ RunTime:0.0011s ]
SQL: SELECT * FROM `e_user` LIMIT 100   [ RunTime:0.0005s ]

[ 2016-05-28T15:03:18+08:00 ] ::1 /admin.php/Index/index.html
INFO: [ app_init ] --START--
INFO: Run Behavior\BuildLiteBehavior [ RunTime:0.000007s ]
INFO: [ app_init ] --END-- [ RunTime:0.000167s ]
INFO: [ app_begin ] --START--
INFO: Run Behavior\ReadHtmlCacheBehavior [ RunTime:0.000219s ]
INFO: [ app_begin ] --END-- [ RunTime:0.000244s ]
SQL: SHOW COLUMNS FROM `e_user` [ RunTime:0.0004s ]
SQL: SELECT * FROM `e_user` LIMIT 100   [ RunTime:0.0002s ]

[ 2016-05-28T15:12:02+08:00 ] ::1 /admin.php/Index/index.html
INFO: [ app_init ] --START--
INFO: Run Behavior\BuildLiteBehavior [ RunTime:0.000008s ]
INFO: [ app_init ] --END-- [ RunTime:0.000183s ]
INFO: [ app_begin ] --START--
INFO: Run Behavior\ReadHtmlCacheBehavior [ RunTime:0.000418s ]
INFO: [ app_begin ] --END-- [ RunTime:0.000465s ]
SQL: SHOW COLUMNS FROM `e_user` [ RunTime:0.0004s ]
SQL: SELECT * FROM `e_user` LIMIT 100   [ RunTime:0.0002s ]
INFO: [ view_parse ] --START--
INFO: [ template_filter ] --START--
INFO: Run Behavior\ContentReplaceBehavior [ RunTime:0.000119s ]
INFO: [ template_filter ] --END-- [ RunTime:0.000167s ]
SQL: SHOW COLUMNS FROM `e_options` [ RunTime:0.0004s ]
SQL: SELECT `option_value` FROM `e_options` WHERE `option_name` = 'admin_user' LIMIT 1   [ RunTime:0.0002s ]
SQL: SELECT `option_value` FROM `e_options` WHERE `option_name` = 'admin_pass' LIMIT 1   [ RunTime:0.0001s ]
INFO: Run Behavior\ParseTemplateBehavior [ RunTime:0.011504s ]
INFO: [ view_parse ] --END-- [ RunTime:0.011529s ]
INFO: [ view_filter ] --START--
INFO: Run Behavior\WriteHtmlCacheBehavior [ RunTime:0.000236s ]
INFO: [ view_filter ] --END-- [ RunTime:0.000265s ]
INFO: [ app_end ] --START--
INFO: Run Behavior\ShowPageTraceBehavior [ RunTime:0.000336s ]
INFO: [ app_end ] --END-- [ RunTime:0.000366s ]

[ 2016-05-28T15:12:04+08:00 ] ::1 /admin.php/Counts/index.html
INFO: [ app_init ] --START--
INFO: Run Behavior\BuildLiteBehavior [ RunTime:0.000007s ]
INFO: [ app_init ] --END-- [ RunTime:0.000168s ]
INFO: [ app_begin ] --START--
INFO: Run Behavior\ReadHtmlCacheBehavior [ RunTime:0.000221s ]
INFO: [ app_begin ] --END-- [ RunTime:0.000247s ]
SQL: SHOW COLUMNS FROM `e_counts` [ RunTime:0.0004s ]
SQL: SELECT COUNT(*) AS tp_count FROM `e_counts` LIMIT 1   [ RunTime:0.0001s ]
SQL: SELECT * FROM `e_counts` LIMIT 20   [ RunTime:0.0002s ]
NOTIC: [8] Undefined variable: link_page /Users/minghuang/www/exe/Core/Library/Think/Page.class.php 第 175 行.
NOTIC: [8] Undefined variable: the_first /Users/minghuang/www/exe/Core/Library/Think/Page.class.php 第 192 行.
NOTIC: [8] Undefined variable: the_end /Users/minghuang/www/exe/Core/Library/Think/Page.class.php 第 192 行.
INFO: [ view_parse ] --START--
INFO: [ template_filter ] --START--
INFO: Run Behavior\ContentReplaceBehavior [ RunTime:0.000119s ]
INFO: [ template_filter ] --END-- [ RunTime:0.000159s ]
INFO: Run Behavior\ParseTemplateBehavior [ RunTime:0.009669s ]
INFO: [ view_parse ] --END-- [ RunTime:0.009698s ]
INFO: [ view_filter ] --START--
INFO: Run Behavior\WriteHtmlCacheBehavior [ RunTime:0.000111s ]
INFO: [ view_filter ] --END-- [ RunTime:0.000132s ]
INFO: [ app_end ] --START--
INFO: Run Behavior\ShowPageTraceBehavior [ RunTime:0.000326s ]
INFO: [ app_end ] --END-- [ RunTime:0.000354s ]

[ 2016-05-28T15:12:20+08:00 ] ::1 /admin.php/Counts/index.html
INFO: [ app_init ] --START--
INFO: Run Behavior\BuildLiteBehavior [ RunTime:0.000008s ]
INFO: [ app_init ] --END-- [ RunTime:0.000171s ]
INFO: [ app_begin ] --START--
INFO: Run Behavior\ReadHtmlCacheBehavior [ RunTime:0.000218s ]
INFO: [ app_begin ] --END-- [ RunTime:0.000244s ]
SQL: SHOW COLUMNS FROM `e_counts` [ RunTime:0.0008s ]
SQL: SELECT COUNT(*) AS tp_count FROM `e_counts` LIMIT 1   [ RunTime:0.0006s ]
SQL: SELECT * FROM `e_counts` LIMIT 20   [ RunTime:0.0005s ]
NOTIC: [8] Undefined variable: link_page /Users/minghuang/www/exe/Core/Library/Think/Page.class.php 第 175 行.
NOTIC: [8] Undefined variable: the_first /Users/minghuang/www/exe/Core/Library/Think/Page.class.php 第 192 行.
NOTIC: [8] Undefined variable: the_end /Users/minghuang/www/exe/Core/Library/Think/Page.class.php 第 192 行.
INFO: [ view_parse ] --START--
INFO: [ template_filter ] --START--
INFO: Run Behavior\ContentReplaceBehavior [ RunTime:0.000075s ]
INFO: [ template_filter ] --END-- [ RunTime:0.000106s ]
INFO: Run Behavior\ParseTemplateBehavior [ RunTime:0.009248s ]
INFO: [ view_parse ] --END-- [ RunTime:0.009284s ]
INFO: [ view_filter ] --START--
INFO: Run Behavior\WriteHtmlCacheBehavior [ RunTime:0.000102s ]
INFO: [ view_filter ] --END-- [ RunTime:0.000121s ]
INFO: [ app_end ] --START--
INFO: Run Behavior\ShowPageTraceBehavior [ RunTime:0.000298s ]
INFO: [ app_end ] --END-- [ RunTime:0.000325s ]

[ 2016-05-28T15:15:19+08:00 ] ::1 /admin.php/Counts/index.html
INFO: [ app_init ] --START--
INFO: Run Behavior\BuildLiteBehavior [ RunTime:0.000007s ]
INFO: [ app_init ] --END-- [ RunTime:0.000173s ]
INFO: [ app_begin ] --START--
INFO: Run Behavior\ReadHtmlCacheBehavior [ RunTime:0.000223s ]
INFO: [ app_begin ] --END-- [ RunTime:0.000249s ]
SQL: SHOW COLUMNS FROM `e_counts` [ RunTime:0.0004s ]
SQL: SELECT COUNT(*) AS tp_count FROM `e_counts` LIMIT 1   [ RunTime:0.0001s ]
SQL: SELECT * FROM `e_counts` LIMIT 20   [ RunTime:0.0002s ]
NOTIC: [8] Undefined variable: link_page /Users/minghuang/www/exe/Core/Library/Think/Page.class.php 第 175 行.
NOTIC: [8] Undefined variable: the_first /Users/minghuang/www/exe/Core/Library/Think/Page.class.php 第 192 行.
NOTIC: [8] Undefined variable: the_end /Users/minghuang/www/exe/Core/Library/Think/Page.class.php 第 192 行.
INFO: [ view_parse ] --START--
INFO: [ template_filter ] --START--
INFO: Run Behavior\ContentReplaceBehavior [ RunTime:0.000075s ]
INFO: [ template_filter ] --END-- [ RunTime:0.000105s ]
INFO: Run Behavior\ParseTemplateBehavior [ RunTime:0.008272s ]
INFO: [ view_parse ] --END-- [ RunTime:0.008301s ]
INFO: [ view_filter ] --START--
INFO: Run Behavior\WriteHtmlCacheBehavior [ RunTime:0.000147s ]
INFO: [ view_filter ] --END-- [ RunTime:0.000168s ]
INFO: [ app_end ] --START--
INFO: Run Behavior\ShowPageTraceBehavior [ RunTime:0.000310s ]
INFO: [ app_end ] --END-- [ RunTime:0.000338s ]

[ 2016-05-28T15:15:19+08:00 ] ::1 /admin.php/Index/index.html
INFO: [ app_init ] --START--
INFO: Run Behavior\BuildLiteBehavior [ RunTime:0.000008s ]
INFO: [ app_init ] --END-- [ RunTime:0.000169s ]
INFO: [ app_begin ] --START--
INFO: Run Behavior\ReadHtmlCacheBehavior [ RunTime:0.000222s ]
INFO: [ app_begin ] --END-- [ RunTime:0.000248s ]
SQL: SHOW COLUMNS FROM `e_user` [ RunTime:0.0004s ]
SQL: SELECT * FROM `e_user` LIMIT 100   [ RunTime:0.0002s ]
SQL: SHOW COLUMNS FROM `e_counts` [ RunTime:0.0004s ]
SQL: SELECT * FROM `e_counts` WHERE `id` = 1464364801 LIMIT 1   [ RunTime:0.0002s ]
SQL: SELECT * FROM `e_counts` WHERE `id` = 1464278401 LIMIT 1   [ RunTime:0.0001s ]
NOTIC: [8] Undefined index: register_number	 /Users/minghuang/www/exe/App/Admin/Model/CountsModel.class.php 第 19 行.
NOTIC: [8] Undefined index: register_number	 /Users/minghuang/www/exe/App/Admin/Model/CountsModel.class.php 第 23 行.

[ 2016-05-28T15:17:43+08:00 ] ::1 /admin.php/Index/index.html
INFO: [ app_init ] --START--
INFO: Run Behavior\BuildLiteBehavior [ RunTime:0.000018s ]
INFO: [ app_init ] --END-- [ RunTime:0.000280s ]
INFO: [ app_begin ] --START--
INFO: Run Behavior\ReadHtmlCacheBehavior [ RunTime:0.000595s ]
INFO: [ app_begin ] --END-- [ RunTime:0.000683s ]
SQL: SHOW COLUMNS FROM `e_user` [ RunTime:0.0004s ]
SQL: SELECT * FROM `e_user` LIMIT 100   [ RunTime:0.0002s ]
SQL: SHOW COLUMNS FROM `e_counts` [ RunTime:0.0004s ]
SQL: SELECT * FROM `e_counts` WHERE `id` = 1464364801 LIMIT 1   [ RunTime:0.0002s ]
SQL: SELECT * FROM `e_counts` WHERE `id` = 1464278401 LIMIT 1   [ RunTime:0.0001s ]
NOTIC: [8] Undefined index: register_number	 /Users/minghuang/www/exe/App/Admin/Model/CountsModel.class.php 第 19 行.
NOTIC: [8] Undefined index: register_number	 /Users/minghuang/www/exe/App/Admin/Model/CountsModel.class.php 第 23 行.
INFO: [ view_parse ] --START--
INFO: [ template_filter ] --START--
INFO: Run Behavior\ContentReplaceBehavior [ RunTime:0.000077s ]
INFO: [ template_filter ] --END-- [ RunTime:0.000104s ]
SQL: SHOW COLUMNS FROM `e_options` [ RunTime:0.0004s ]
SQL: SELECT `option_value` FROM `e_options` WHERE `option_name` = 'admin_user' LIMIT 1   [ RunTime:0.0002s ]
SQL: SELECT `option_value` FROM `e_options` WHERE `option_name` = 'admin_pass' LIMIT 1   [ RunTime:0.0001s ]
INFO: Run Behavior\ParseTemplateBehavior [ RunTime:0.010308s ]
INFO: [ view_parse ] --END-- [ RunTime:0.010332s ]
INFO: [ view_filter ] --START--
INFO: Run Behavior\WriteHtmlCacheBehavior [ RunTime:0.000137s ]
INFO: [ view_filter ] --END-- [ RunTime:0.000157s ]
INFO: [ app_end ] --START--
INFO: Run Behavior\ShowPageTraceBehavior [ RunTime:0.000373s ]
INFO: [ app_end ] --END-- [ RunTime:0.000409s ]

[ 2016-05-28T15:18:11+08:00 ] ::1 /admin.php/Index/index.html
INFO: [ app_init ] --START--
INFO: Run Behavior\BuildLiteBehavior [ RunTime:0.000008s ]
INFO: [ app_init ] --END-- [ RunTime:0.000192s ]
INFO: [ app_begin ] --START--
INFO: Run Behavior\ReadHtmlCacheBehavior [ RunTime:0.000274s ]
INFO: [ app_begin ] --END-- [ RunTime:0.000310s ]
SQL: SHOW COLUMNS FROM `e_user` [ RunTime:0.0004s ]
SQL: SELECT * FROM `e_user` LIMIT 100   [ RunTime:0.0002s ]
SQL: SHOW COLUMNS FROM `e_counts` [ RunTime:0.0003s ]
SQL: SELECT * FROM `e_counts` WHERE `id` = 1464364801 LIMIT 1   [ RunTime:0.0002s ]
SQL: SELECT * FROM `e_counts` WHERE `id` = 1464278401 LIMIT 1   [ RunTime:0.0001s ]
NOTIC: [8] Undefined index: register_number	 /Users/minghuang/www/exe/App/Admin/Model/CountsModel.class.php 第 19 行.
NOTIC: [8] Undefined index: register_number	 /Users/minghuang/www/exe/App/Admin/Model/CountsModel.class.php 第 23 行.
INFO: [ view_parse ] --START--
INFO: [ template_filter ] --START--
INFO: Run Behavior\ContentReplaceBehavior [ RunTime:0.000078s ]
INFO: [ template_filter ] --END-- [ RunTime:0.000109s ]
SQL: SHOW COLUMNS FROM `e_options` [ RunTime:0.0004s ]
SQL: SELECT `option_value` FROM `e_options` WHERE `option_name` = 'admin_user' LIMIT 1   [ RunTime:0.0002s ]
SQL: SELECT `option_value` FROM `e_options` WHERE `option_name` = 'admin_pass' LIMIT 1   [ RunTime:0.0001s ]
INFO: Run Behavior\ParseTemplateBehavior [ RunTime:0.010527s ]
INFO: [ view_parse ] --END-- [ RunTime:0.010557s ]
INFO: [ view_filter ] --START--
INFO: Run Behavior\WriteHtmlCacheBehavior [ RunTime:0.000136s ]
INFO: [ view_filter ] --END-- [ RunTime:0.000157s ]
INFO: [ app_end ] --START--
INFO: Run Behavior\ShowPageTraceBehavior [ RunTime:0.000303s ]
INFO: [ app_end ] --END-- [ RunTime:0.000329s ]

[ 2016-05-28T15:21:56+08:00 ] ::1 /admin.php/Index/index.html
INFO: [ app_init ] --START--
INFO: Run Behavior\BuildLiteBehavior [ RunTime:0.000010s ]
INFO: [ app_init ] --END-- [ RunTime:0.000183s ]
INFO: [ app_begin ] --START--
INFO: Run Behavior\ReadHtmlCacheBehavior [ RunTime:0.000229s ]
INFO: [ app_begin ] --END-- [ RunTime:0.000257s ]
SQL: SHOW COLUMNS FROM `e_user` [ RunTime:0.0004s ]
SQL: SELECT * FROM `e_user` LIMIT 100   [ RunTime:0.0002s ]
SQL: SHOW COLUMNS FROM `e_counts` [ RunTime:0.0004s ]
SQL: SELECT * FROM `e_counts` WHERE `id` = 1464364801 LIMIT 1   [ RunTime:0.0002s ]
SQL: SELECT * FROM `e_counts` WHERE `id` = 1464278401 LIMIT 1   [ RunTime:0.0001s ]
NOTIC: [8] Undefined index: register_number	 /Users/minghuang/www/exe/App/Admin/Model/CountsModel.class.php 第 19 行.
NOTIC: [8] Undefined index: register_number	 /Users/minghuang/www/exe/App/Admin/Model/CountsModel.class.php 第 23 行.
INFO: [ view_parse ] --START--
INFO: [ template_filter ] --START--
INFO: Run Behavior\ContentReplaceBehavior [ RunTime:0.000096s ]
INFO: [ template_filter ] --END-- [ RunTime:0.000136s ]
SQL: SHOW COLUMNS FROM `e_options` [ RunTime:0.0004s ]
SQL: SELECT `option_value` FROM `e_options` WHERE `option_name` = 'admin_user' LIMIT 1   [ RunTime:0.0002s ]
SQL: SELECT `option_value` FROM `e_options` WHERE `option_name` = 'admin_pass' LIMIT 1   [ RunTime:0.0001s ]
INFO: Run Behavior\ParseTemplateBehavior [ RunTime:0.011106s ]
INFO: [ view_parse ] --END-- [ RunTime:0.011132s ]
INFO: [ view_filter ] --START--
INFO: Run Behavior\WriteHtmlCacheBehavior [ RunTime:0.000149s ]
INFO: [ view_filter ] --END-- [ RunTime:0.000169s ]
INFO: [ app_end ] --START--
INFO: Run Behavior\ShowPageTraceBehavior [ RunTime:0.000391s ]
INFO: [ app_end ] --END-- [ RunTime:0.000423s ]

[ 2016-05-28T15:22:25+08:00 ] ::1 /admin.php/Index/index.html
INFO: [ app_init ] --START--
INFO: Run Behavior\BuildLiteBehavior [ RunTime:0.000008s ]
INFO: [ app_init ] --END-- [ RunTime:0.000180s ]
INFO: [ app_begin ] --START--
INFO: Run Behavior\ReadHtmlCacheBehavior [ RunTime:0.000233s ]
INFO: [ app_begin ] --END-- [ RunTime:0.000261s ]
SQL: SHOW COLUMNS FROM `e_user` [ RunTime:0.0004s ]
SQL: SELECT * FROM `e_user` LIMIT 100   [ RunTime:0.0002s ]
SQL: SHOW COLUMNS FROM `e_counts` [ RunTime:0.0003s ]
SQL: SELECT * FROM `e_counts` WHERE `id` = 1464364801 LIMIT 1   [ RunTime:0.0002s ]
SQL: SELECT * FROM `e_counts` WHERE `id` = 1464278401 LIMIT 1   [ RunTime:0.0001s ]
NOTIC: [8] Undefined index: register_number	 /Users/minghuang/www/exe/App/Admin/Model/CountsModel.class.php 第 19 行.
NOTIC: [8] Undefined index: register_number	 /Users/minghuang/www/exe/App/Admin/Model/CountsModel.class.php 第 23 行.
INFO: [ view_parse ] --START--
INFO: [ template_filter ] --START--
INFO: Run Behavior\ContentReplaceBehavior [ RunTime:0.000086s ]
INFO: [ template_filter ] --END-- [ RunTime:0.000122s ]
SQL: SHOW COLUMNS FROM `e_options` [ RunTime:0.0004s ]
SQL: SELECT `option_value` FROM `e_options` WHERE `option_name` = 'admin_user' LIMIT 1   [ RunTime:0.0002s ]
SQL: SELECT `option_value` FROM `e_options` WHERE `option_name` = 'admin_pass' LIMIT 1   [ RunTime:0.0001s ]
INFO: Run Behavior\ParseTemplateBehavior [ RunTime:0.012019s ]
INFO: [ view_parse ] --END-- [ RunTime:0.012042s ]
INFO: [ view_filter ] --START--
INFO: Run Behavior\WriteHtmlCacheBehavior [ RunTime:0.000134s ]
INFO: [ view_filter ] --END-- [ RunTime:0.000156s ]
INFO: [ app_end ] --START--
INFO: Run Behavior\ShowPageTraceBehavior [ RunTime:0.000301s ]
INFO: [ app_end ] --END-- [ RunTime:0.000328s ]

[ 2016-05-28T15:22:56+08:00 ] ::1 /admin.php/Index/index.html
INFO: [ app_init ] --START--
INFO: Run Behavior\BuildLiteBehavior [ RunTime:0.000007s ]
INFO: [ app_init ] --END-- [ RunTime:0.000166s ]
INFO: [ app_begin ] --START--
INFO: Run Behavior\ReadHtmlCacheBehavior [ RunTime:0.000215s ]
INFO: [ app_begin ] --END-- [ RunTime:0.000242s ]
SQL: SHOW COLUMNS FROM `e_user` [ RunTime:0.0004s ]
SQL: SELECT * FROM `e_user` LIMIT 100   [ RunTime:0.0002s ]
SQL: SHOW COLUMNS FROM `e_counts` [ RunTime:0.0003s ]
SQL: SELECT * FROM `e_counts` WHERE `id` = 1464364801 LIMIT 1   [ RunTime:0.0002s ]
SQL: SELECT * FROM `e_counts` WHERE `id` = 1464278401 LIMIT 1   [ RunTime:0.0001s ]
NOTIC: [8] Undefined index: register_number	 /Users/minghuang/www/exe/App/Admin/Model/CountsModel.class.php 第 19 行.
NOTIC: [8] Undefined index: register_number	 /Users/minghuang/www/exe/App/Admin/Model/CountsModel.class.php 第 23 行.
INFO: [ view_parse ] --START--
INFO: [ template_filter ] --START--
INFO: Run Behavior\ContentReplaceBehavior [ RunTime:0.000090s ]
INFO: [ template_filter ] --END-- [ RunTime:0.000120s ]
SQL: SHOW COLUMNS FROM `e_options` [ RunTime:0.0004s ]
SQL: SELECT `option_value` FROM `e_options` WHERE `option_name` = 'admin_user' LIMIT 1   [ RunTime:0.0002s ]
SQL: SELECT `option_value` FROM `e_options` WHERE `option_name` = 'admin_pass' LIMIT 1   [ RunTime:0.0001s ]
INFO: Run Behavior\ParseTemplateBehavior [ RunTime:0.011137s ]
INFO: [ view_parse ] --END-- [ RunTime:0.011161s ]
INFO: [ view_filter ] --START--
INFO: Run Behavior\WriteHtmlCacheBehavior [ RunTime:0.000137s ]
INFO: [ view_filter ] --END-- [ RunTime:0.000158s ]
INFO: [ app_end ] --START--
INFO: Run Behavior\ShowPageTraceBehavior [ RunTime:0.000298s ]
INFO: [ app_end ] --END-- [ RunTime:0.000326s ]

[ 2016-05-28T15:23:07+08:00 ] ::1 /admin.php/Index/index.html
INFO: [ app_init ] --START--
INFO: Run Behavior\BuildLiteBehavior [ RunTime:0.000007s ]
INFO: [ app_init ] --END-- [ RunTime:0.000167s ]
INFO: [ app_begin ] --START--
INFO: Run Behavior\ReadHtmlCacheBehavior [ RunTime:0.000216s ]
INFO: [ app_begin ] --END-- [ RunTime:0.000243s ]
SQL: SHOW COLUMNS FROM `e_user` [ RunTime:0.0004s ]
SQL: SELECT * FROM `e_user` LIMIT 100   [ RunTime:0.0002s ]
SQL: SHOW COLUMNS FROM `e_counts` [ RunTime:0.0003s ]
SQL: SELECT * FROM `e_counts` WHERE `id` = 1464364801 LIMIT 1   [ RunTime:0.0002s ]
SQL: SELECT * FROM `e_counts` WHERE `id` = 1464278401 LIMIT 1   [ RunTime:0.0001s ]
NOTIC: [8] Undefined index: register_number	 /Users/minghuang/www/exe/App/Admin/Model/CountsModel.class.php 第 19 行.
NOTIC: [8] Undefined index: register_number	 /Users/minghuang/www/exe/App/Admin/Model/CountsModel.class.php 第 23 行.
INFO: [ view_parse ] --START--
INFO: [ template_filter ] --START--
INFO: Run Behavior\ContentReplaceBehavior [ RunTime:0.000086s ]
INFO: [ template_filter ] --END-- [ RunTime:0.000117s ]
SQL: SHOW COLUMNS FROM `e_options` [ RunTime:0.0005s ]
SQL: SELECT `option_value` FROM `e_options` WHERE `option_name` = 'admin_user' LIMIT 1   [ RunTime:0.0002s ]
SQL: SELECT `option_value` FROM `e_options` WHERE `option_name` = 'admin_pass' LIMIT 1   [ RunTime:0.0002s ]
INFO: Run Behavior\ParseTemplateBehavior [ RunTime:0.012293s ]
INFO: [ view_parse ] --END-- [ RunTime:0.012316s ]
INFO: [ view_filter ] --START--
INFO: Run Behavior\WriteHtmlCacheBehavior [ RunTime:0.000147s ]
INFO: [ view_filter ] --END-- [ RunTime:0.000166s ]
INFO: [ app_end ] --START--
INFO: Run Behavior\ShowPageTraceBehavior [ RunTime:0.000301s ]
INFO: [ app_end ] --END-- [ RunTime:0.000331s ]

[ 2016-05-28T15:23:11+08:00 ] ::1 /admin.php/Index/index.html
INFO: [ app_init ] --START--
INFO: Run Behavior\BuildLiteBehavior [ RunTime:0.000013s ]
INFO: [ app_init ] --END-- [ RunTime:0.000312s ]
INFO: [ app_begin ] --START--
INFO: Run Behavior\ReadHtmlCacheBehavior [ RunTime:0.000236s ]
INFO: [ app_begin ] --END-- [ RunTime:0.000264s ]
SQL: SHOW COLUMNS FROM `e_user` [ RunTime:0.0004s ]
SQL: SELECT * FROM `e_user` LIMIT 100   [ RunTime:0.0002s ]
SQL: SHOW COLUMNS FROM `e_counts` [ RunTime:0.0004s ]
SQL: SELECT * FROM `e_counts` WHERE `id` = 1464364801 LIMIT 1   [ RunTime:0.0005s ]
SQL: SELECT * FROM `e_counts` WHERE `id` = 1464278401 LIMIT 1   [ RunTime:0.0004s ]
NOTIC: [8] Undefined index: register_number	 /Users/minghuang/www/exe/App/Admin/Model/CountsModel.class.php 第 19 行.
NOTIC: [8] Undefined index: register_number	 /Users/minghuang/www/exe/App/Admin/Model/CountsModel.class.php 第 23 行.
INFO: [ view_parse ] --START--
INFO: [ template_filter ] --START--
INFO: Run Behavior\ContentReplaceBehavior [ RunTime:0.000083s ]
INFO: [ template_filter ] --END-- [ RunTime:0.000115s ]
SQL: SHOW COLUMNS FROM `e_options` [ RunTime:0.0004s ]
SQL: SELECT `option_value` FROM `e_options` WHERE `option_name` = 'admin_user' LIMIT 1   [ RunTime:0.0002s ]
SQL: SELECT `option_value` FROM `e_options` WHERE `option_name` = 'admin_pass' LIMIT 1   [ RunTime:0.0001s ]
INFO: Run Behavior\ParseTemplateBehavior [ RunTime:0.011393s ]
INFO: [ view_parse ] --END-- [ RunTime:0.011422s ]
INFO: [ view_filter ] --START--
INFO: Run Behavior\WriteHtmlCacheBehavior [ RunTime:0.000150s ]
INFO: [ view_filter ] --END-- [ RunTime:0.000171s ]
INFO: [ app_end ] --START--
INFO: Run Behavior\ShowPageTraceBehavior [ RunTime:0.000299s ]
INFO: [ app_end ] --END-- [ RunTime:0.000330s ]

[ 2016-05-28T15:24:25+08:00 ] ::1 /admin.php/Index/index.html
INFO: [ app_init ] --START--
INFO: Run Behavior\BuildLiteBehavior [ RunTime:0.000009s ]
INFO: [ app_init ] --END-- [ RunTime:0.000227s ]
INFO: [ app_begin ] --START--
INFO: Run Behavior\ReadHtmlCacheBehavior [ RunTime:0.000238s ]
INFO: [ app_begin ] --END-- [ RunTime:0.000266s ]
SQL: SHOW COLUMNS FROM `e_user` [ RunTime:0.0004s ]
SQL: SELECT * FROM `e_user` LIMIT 100   [ RunTime:0.0002s ]
SQL: SHOW COLUMNS FROM `e_counts` [ RunTime:0.0003s ]
SQL: SELECT * FROM `e_counts` WHERE `id` = 1464364801 LIMIT 1   [ RunTime:0.0002s ]
SQL: SELECT * FROM `e_counts` WHERE `id` = 1464278401 LIMIT 1   [ RunTime:0.0001s ]
NOTIC: [8] Undefined index: register_number	 /Users/minghuang/www/exe/App/Admin/Model/CountsModel.class.php 第 19 行.
NOTIC: [8] Undefined index: register_number	 /Users/minghuang/www/exe/App/Admin/Model/CountsModel.class.php 第 23 行.
INFO: [ view_parse ] --START--
INFO: [ template_filter ] --START--
INFO: Run Behavior\ContentReplaceBehavior [ RunTime:0.000085s ]
INFO: [ template_filter ] --END-- [ RunTime:0.000114s ]
SQL: SHOW COLUMNS FROM `e_options` [ RunTime:0.0004s ]
SQL: SELECT `option_value` FROM `e_options` WHERE `option_name` = 'admin_user' LIMIT 1   [ RunTime:0.0002s ]
SQL: SELECT `option_value` FROM `e_options` WHERE `option_name` = 'admin_pass' LIMIT 1   [ RunTime:0.0001s ]
INFO: Run Behavior\ParseTemplateBehavior [ RunTime:0.010477s ]
INFO: [ view_parse ] --END-- [ RunTime:0.010500s ]
INFO: [ view_filter ] --START--
INFO: Run Behavior\WriteHtmlCacheBehavior [ RunTime:0.000139s ]
INFO: [ view_filter ] --END-- [ RunTime:0.000160s ]
INFO: [ app_end ] --START--
INFO: Run Behavior\ShowPageTraceBehavior [ RunTime:0.000299s ]
INFO: [ app_end ] --END-- [ RunTime:0.000325s ]

[ 2016-05-28T15:24:40+08:00 ] ::1 /admin.php/Index/index.html
INFO: [ app_init ] --START--
INFO: Run Behavior\BuildLiteBehavior [ RunTime:0.000008s ]
INFO: [ app_init ] --END-- [ RunTime:0.000176s ]
INFO: [ app_begin ] --START--
INFO: Run Behavior\ReadHtmlCacheBehavior [ RunTime:0.000221s ]
INFO: [ app_begin ] --END-- [ RunTime:0.000248s ]
SQL: SHOW COLUMNS FROM `e_user` [ RunTime:0.0004s ]
SQL: SELECT * FROM `e_user` LIMIT 100   [ RunTime:0.0002s ]
SQL: SHOW COLUMNS FROM `e_counts` [ RunTime:0.0004s ]
SQL: SELECT * FROM `e_counts` WHERE `id` = 1464364801 LIMIT 1   [ RunTime:0.0002s ]
SQL: SELECT * FROM `e_counts` WHERE `id` = 1464278401 LIMIT 1   [ RunTime:0.0001s ]
NOTIC: [8] Undefined index: register_number	 /Users/minghuang/www/exe/App/Admin/Model/CountsModel.class.php 第 19 行.
NOTIC: [8] Undefined index: register_number	 /Users/minghuang/www/exe/App/Admin/Model/CountsModel.class.php 第 23 行.
INFO: [ view_parse ] --START--
INFO: [ template_filter ] --START--
INFO: Run Behavior\ContentReplaceBehavior [ RunTime:0.000083s ]
INFO: [ template_filter ] --END-- [ RunTime:0.000114s ]
SQL: SHOW COLUMNS FROM `e_options` [ RunTime:0.0004s ]
SQL: SELECT `option_value` FROM `e_options` WHERE `option_name` = 'admin_user' LIMIT 1   [ RunTime:0.0002s ]
SQL: SELECT `option_value` FROM `e_options` WHERE `option_name` = 'admin_pass' LIMIT 1   [ RunTime:0.0001s ]
INFO: Run Behavior\ParseTemplateBehavior [ RunTime:0.010894s ]
INFO: [ view_parse ] --END-- [ RunTime:0.010918s ]
INFO: [ view_filter ] --START--
INFO: Run Behavior\WriteHtmlCacheBehavior [ RunTime:0.000135s ]
INFO: [ view_filter ] --END-- [ RunTime:0.000156s ]
INFO: [ app_end ] --START--
INFO: Run Behavior\ShowPageTraceBehavior [ RunTime:0.000298s ]
INFO: [ app_end ] --END-- [ RunTime:0.000331s ]

[ 2016-05-28T15:25:08+08:00 ] ::1 /admin.php/Index/index.html
INFO: [ app_init ] --START--
INFO: Run Behavior\BuildLiteBehavior [ RunTime:0.000008s ]
INFO: [ app_init ] --END-- [ RunTime:0.000180s ]
INFO: [ app_begin ] --START--
INFO: Run Behavior\ReadHtmlCacheBehavior [ RunTime:0.000237s ]
INFO: [ app_begin ] --END-- [ RunTime:0.000265s ]
SQL: SHOW COLUMNS FROM `e_user` [ RunTime:0.0004s ]
SQL: SELECT * FROM `e_user` LIMIT 100   [ RunTime:0.0002s ]
SQL: SHOW COLUMNS FROM `e_counts` [ RunTime:0.0003s ]
SQL: SELECT * FROM `e_counts` WHERE `id` = 1464364801 LIMIT 1   [ RunTime:0.0002s ]
SQL: SELECT * FROM `e_counts` WHERE `id` = 1464278401 LIMIT 1   [ RunTime:0.0001s ]
NOTIC: [8] Undefined index: register_number	 /Users/minghuang/www/exe/App/Admin/Model/CountsModel.class.php 第 19 行.
NOTIC: [8] Undefined index: register_number	 /Users/minghuang/www/exe/App/Admin/Model/CountsModel.class.php 第 23 行.
INFO: [ view_parse ] --START--
INFO: [ template_filter ] --START--
INFO: Run Behavior\ContentReplaceBehavior [ RunTime:0.000156s ]
INFO: [ template_filter ] --END-- [ RunTime:0.000213s ]
SQL: SHOW COLUMNS FROM `e_options` [ RunTime:0.0004s ]
SQL: SELECT `option_value` FROM `e_options` WHERE `option_name` = 'admin_user' LIMIT 1   [ RunTime:0.0002s ]
SQL: SELECT `option_value` FROM `e_options` WHERE `option_name` = 'admin_pass' LIMIT 1   [ RunTime:0.0002s ]
INFO: Run Behavior\ParseTemplateBehavior [ RunTime:0.013164s ]
INFO: [ view_parse ] --END-- [ RunTime:0.013189s ]
INFO: [ view_filter ] --START--
INFO: Run Behavior\WriteHtmlCacheBehavior [ RunTime:0.000148s ]
INFO: [ view_filter ] --END-- [ RunTime:0.000171s ]
INFO: [ app_end ] --START--
INFO: Run Behavior\ShowPageTraceBehavior [ RunTime:0.000335s ]
INFO: [ app_end ] --END-- [ RunTime:0.000368s ]

[ 2016-05-28T15:25:25+08:00 ] ::1 /admin.php/Index/index.html
INFO: [ app_init ] --START--
INFO: Run Behavior\BuildLiteBehavior [ RunTime:0.000008s ]
INFO: [ app_init ] --END-- [ RunTime:0.000171s ]
INFO: [ app_begin ] --START--
INFO: Run Behavior\ReadHtmlCacheBehavior [ RunTime:0.000222s ]
INFO: [ app_begin ] --END-- [ RunTime:0.000249s ]
SQL: SHOW COLUMNS FROM `e_user` [ RunTime:0.0004s ]
SQL: SELECT * FROM `e_user` LIMIT 100   [ RunTime:0.0002s ]
SQL: SHOW COLUMNS FROM `e_counts` [ RunTime:0.0003s ]
SQL: SELECT * FROM `e_counts` WHERE `id` = 1464364801 LIMIT 1   [ RunTime:0.0002s ]
SQL: SELECT * FROM `e_counts` WHERE `id` = 1464278401 LIMIT 1   [ RunTime:0.0001s ]
NOTIC: [8] Undefined index: register_number	 /Users/minghuang/www/exe/App/Admin/Model/CountsModel.class.php 第 19 行.
NOTIC: [8] Undefined index: register_number	 /Users/minghuang/www/exe/App/Admin/Model/CountsModel.class.php 第 23 行.
INFO: [ view_parse ] --START--
INFO: [ template_filter ] --START--
INFO: Run Behavior\ContentReplaceBehavior [ RunTime:0.000082s ]
INFO: [ template_filter ] --END-- [ RunTime:0.000115s ]
SQL: SHOW COLUMNS FROM `e_options` [ RunTime:0.0005s ]
SQL: SELECT `option_value` FROM `e_options` WHERE `option_name` = 'admin_user' LIMIT 1   [ RunTime:0.0002s ]
SQL: SELECT `option_value` FROM `e_options` WHERE `option_name` = 'admin_pass' LIMIT 1   [ RunTime:0.0002s ]
INFO: Run Behavior\ParseTemplateBehavior [ RunTime:0.011483s ]
INFO: [ view_parse ] --END-- [ RunTime:0.011507s ]
INFO: [ view_filter ] --START--
INFO: Run Behavior\WriteHtmlCacheBehavior [ RunTime:0.000150s ]
INFO: [ view_filter ] --END-- [ RunTime:0.000171s ]
INFO: [ app_end ] --START--
INFO: Run Behavior\ShowPageTraceBehavior [ RunTime:0.000322s ]
INFO: [ app_end ] --END-- [ RunTime:0.000351s ]

[ 2016-05-28T15:25:39+08:00 ] ::1 /admin.php/Index/index.html
INFO: [ app_init ] --START--
INFO: Run Behavior\BuildLiteBehavior [ RunTime:0.000007s ]
INFO: [ app_init ] --END-- [ RunTime:0.000172s ]
INFO: [ app_begin ] --START--
INFO: Run Behavior\ReadHtmlCacheBehavior [ RunTime:0.000222s ]
INFO: [ app_begin ] --END-- [ RunTime:0.000250s ]
SQL: SHOW COLUMNS FROM `e_user` [ RunTime:0.0004s ]
SQL: SELECT * FROM `e_user` LIMIT 100   [ RunTime:0.0002s ]
SQL: SHOW COLUMNS FROM `e_counts` [ RunTime:0.0003s ]
SQL: SELECT * FROM `e_counts` WHERE `id` = 1464364801 LIMIT 1   [ RunTime:0.0002s ]
SQL: SELECT * FROM `e_counts` WHERE `id` = 1464278401 LIMIT 1   [ RunTime:0.0001s ]
NOTIC: [8] Undefined index: register_number	 /Users/minghuang/www/exe/App/Admin/Model/CountsModel.class.php 第 19 行.
NOTIC: [8] Undefined index: register_number	 /Users/minghuang/www/exe/App/Admin/Model/CountsModel.class.php 第 23 行.
INFO: [ view_parse ] --START--
INFO: [ template_filter ] --START--
INFO: Run Behavior\ContentReplaceBehavior [ RunTime:0.000079s ]
INFO: [ template_filter ] --END-- [ RunTime:0.000108s ]
SQL: SHOW COLUMNS FROM `e_options` [ RunTime:0.0004s ]
SQL: SELECT `option_value` FROM `e_options` WHERE `option_name` = 'admin_user' LIMIT 1   [ RunTime:0.0002s ]
SQL: SELECT `option_value` FROM `e_options` WHERE `option_name` = 'admin_pass' LIMIT 1   [ RunTime:0.0002s ]
INFO: Run Behavior\ParseTemplateBehavior [ RunTime:0.010409s ]
INFO: [ view_parse ] --END-- [ RunTime:0.010434s ]
INFO: [ view_filter ] --START--
INFO: Run Behavior\WriteHtmlCacheBehavior [ RunTime:0.000144s ]
INFO: [ view_filter ] --END-- [ RunTime:0.000165s ]
INFO: [ app_end ] --START--
INFO: Run Behavior\ShowPageTraceBehavior [ RunTime:0.000336s ]
INFO: [ app_end ] --END-- [ RunTime:0.000365s ]

[ 2016-05-28T16:25:40+08:00 ] ::1 /admin.php/Public/logout.html
INFO: [ app_init ] --START--
INFO: Run Behavior\BuildLiteBehavior [ RunTime:0.000008s ]
INFO: [ app_init ] --END-- [ RunTime:0.000179s ]
INFO: [ app_begin ] --START--
INFO: Run Behavior\ReadHtmlCacheBehavior [ RunTime:0.000232s ]
INFO: [ app_begin ] --END-- [ RunTime:0.000260s ]

[ 2016-05-28T16:25:40+08:00 ] ::1 /admin.php/Public/login.html
INFO: [ app_init ] --START--
INFO: Run Behavior\BuildLiteBehavior [ RunTime:0.000008s ]
INFO: [ app_init ] --END-- [ RunTime:0.000165s ]
INFO: [ app_begin ] --START--
INFO: Run Behavior\ReadHtmlCacheBehavior [ RunTime:0.000218s ]
INFO: [ app_begin ] --END-- [ RunTime:0.000242s ]
INFO: [ view_parse ] --START--
INFO: [ template_filter ] --START--
INFO: Run Behavior\ContentReplaceBehavior [ RunTime:0.000051s ]
INFO: [ template_filter ] --END-- [ RunTime:0.000089s ]
INFO: Run Behavior\ParseTemplateBehavior [ RunTime:0.003854s ]
INFO: [ view_parse ] --END-- [ RunTime:0.003881s ]
INFO: [ view_filter ] --START--
INFO: Run Behavior\WriteHtmlCacheBehavior [ RunTime:0.000103s ]
INFO: [ view_filter ] --END-- [ RunTime:0.000124s ]
INFO: [ app_end ] --START--
INFO: Run Behavior\ShowPageTraceBehavior [ RunTime:0.000378s ]
INFO: [ app_end ] --END-- [ RunTime:0.000415s ]

